2017 Data(num_nodes=2715233, x=[2715233, 128], node_year=[2715233, 1], adj_t=[2927963, 2927963, nnz=60703760], edge_index=[2, 26530504])
2018 Data(num_nodes=2819372, x=[2819372, 128], node_year=[2819372, 1], adj_t=[2927963, 2927963, nnz=60703760], edge_index=[2, 28470614])
2019 Data(num_nodes=2927963, x=[2927963, 128], node_year=[2927963, 1], adj_t=[2927963, 2927963, nnz=60703760], edge_index=[2, 30387995])
torch.Size([2693029]), torch.Size([22204])
2016 Data(num_nodes=2604211, x=[2604211, 128], node_year=[2604211, 1], adj_t=[2927963, 2927963, nnz=60703760], edge_index=[2, 24582568])
2017 Data(num_nodes=2715233, x=[2715233, 128], node_year=[2715233, 1], adj_t=[2927963, 2927963, nnz=60703760], edge_index=[2, 26530504])
2018 Data(num_nodes=2819372, x=[2819372, 128], node_year=[2819372, 1], adj_t=[2927963, 2927963, nnz=60703760], edge_index=[2, 28470614])
torch.Size([2580965]), torch.Size([23246])
2016 Data(num_nodes=2604211, x=[2604211, 128], node_year=[2604211, 1], adj_t=[2927963, 2927963, nnz=60703760], edge_index=[2, 24582568])
2017 Data(num_nodes=2715233, x=[2715233, 128], node_year=[2715233, 1], adj_t=[2927963, 2927963, nnz=60703760], edge_index=[2, 26530504])
2018 Data(num_nodes=2819372, x=[2819372, 128], node_year=[2819372, 1], adj_t=[2927963, 2927963, nnz=60703760], edge_index=[2, 28470614])
torch.Size([2580965]), torch.Size([23246])
2016 Data(num_nodes=2604211, x=[2604211, 128], node_year=[2604211, 1], adj_t=[2927963, 2927963, nnz=60703760], edge_index=[2, 24582568])
2017 Data(num_nodes=2715233, x=[2715233, 128], node_year=[2715233, 1], adj_t=[2927963, 2927963, nnz=60703760], edge_index=[2, 26530504])
2018 Data(num_nodes=2819372, x=[2819372, 128], node_year=[2819372, 1], adj_t=[2927963, 2927963, nnz=60703760], edge_index=[2, 28470614])
torch.Size([2580965]), torch.Size([23246])
2016 Data(num_nodes=2604211, x=[2604211, 128], node_year=[2604211, 1], adj_t=[2927963, 2927963, nnz=60703760], edge_index=[2, 24582568])
2017 Data(num_nodes=2715233, x=[2715233, 128], node_year=[2715233, 1], adj_t=[2927963, 2927963, nnz=60703760], edge_index=[2, 26530504])
2018 Data(num_nodes=2819372, x=[2819372, 128], node_year=[2819372, 1], adj_t=[2927963, 2927963, nnz=60703760], edge_index=[2, 28470614])
torch.Size([2580965]), torch.Size([23246])
2016 Data(num_nodes=2604211, x=[2604211, 128], node_year=[2604211, 1], adj_t=[2927963, 2927963, nnz=60703760], edge_index=[2, 24582568])
2017 Data(num_nodes=2715233, x=[2715233, 128], node_year=[2715233, 1], adj_t=[2927963, 2927963, nnz=60703760], edge_index=[2, 26530504])
2018 Data(num_nodes=2819372, x=[2819372, 128], node_year=[2819372, 1], adj_t=[2927963, 2927963, nnz=60703760], edge_index=[2, 28470614])
torch.Size([2580965]), torch.Size([23246])
2016 Data(num_nodes=2604211, x=[2604211, 128], node_year=[2604211, 1], adj_t=[2927963, 2927963, nnz=60703760], edge_index=[2, 24582568])
2017 Data(num_nodes=2715233, x=[2715233, 128], node_year=[2715233, 1], adj_t=[2927963, 2927963, nnz=60703760], edge_index=[2, 26530504])
2018 Data(num_nodes=2819372, x=[2819372, 128], node_year=[2819372, 1], adj_t=[2927963, 2927963, nnz=60703760], edge_index=[2, 28470614])
torch.Size([2580965]), torch.Size([23246])
2016 Data(num_nodes=2604211, x=[2604211, 128], node_year=[2604211, 1], adj_t=[2927963, 2927963, nnz=60703760], edge_index=[2, 49099608])
2017 Data(num_nodes=2715233, x=[2715233, 128], node_year=[2715233, 1], adj_t=[2927963, 2927963, nnz=60703760], edge_index=[2, 52993186])
2018 Data(num_nodes=2819372, x=[2819372, 128], node_year=[2819372, 1], adj_t=[2927963, 2927963, nnz=60703760], edge_index=[2, 56870792])
torch.Size([2580965]), torch.Size([23246])
2016 Data(num_nodes=2604211, x=[2604211, 128], node_year=[2604211, 1], adj_t=[2927963, 2927963, nnz=60703760], edge_index=[2, 49099608])
2017 Data(num_nodes=2715233, x=[2715233, 128], node_year=[2715233, 1], adj_t=[2927963, 2927963, nnz=60703760], edge_index=[2, 52993186])
2018 Data(num_nodes=2819372, x=[2819372, 128], node_year=[2819372, 1], adj_t=[2927963, 2927963, nnz=60703760], edge_index=[2, 56870792])
torch.Size([2580965]), torch.Size([23246])
2016 Data(num_nodes=2604211, x=[2604211, 128], node_year=[2604211, 1], adj_t=[2927963, 2927963, nnz=60703760], edge_index=[2, 49099608])
2017 Data(num_nodes=2715233, x=[2715233, 128], node_year=[2715233, 1], adj_t=[2927963, 2927963, nnz=60703760], edge_index=[2, 52993186])
2018 Data(num_nodes=2819372, x=[2819372, 128], node_year=[2819372, 1], adj_t=[2927963, 2927963, nnz=60703760], edge_index=[2, 56870792])
torch.Size([2580965]), torch.Size([23246])
2016 Data(num_nodes=2604211, x=[2604211, 128], node_year=[2604211, 1], adj_t=[2927963, 2927963, nnz=60703760], edge_index=[2, 49099608])
2017 Data(num_nodes=2715233, x=[2715233, 128], node_year=[2715233, 1], adj_t=[2927963, 2927963, nnz=60703760], edge_index=[2, 52993186])
2018 Data(num_nodes=2819372, x=[2819372, 128], node_year=[2819372, 1], adj_t=[2927963, 2927963, nnz=60703760], edge_index=[2, 56870792])
torch.Size([2580965]), torch.Size([23246])
2016 Data(num_nodes=2604211, x=[2604211, 128], node_year=[2604211, 1], adj_t=[2927963, 2927963, nnz=60703760], edge_index=[2, 49099608])
2017 Data(num_nodes=2715233, x=[2715233, 128], node_year=[2715233, 1], adj_t=[2927963, 2927963, nnz=60703760], edge_index=[2, 52993186])
2018 Data(num_nodes=2819372, x=[2819372, 128], node_year=[2819372, 1], adj_t=[2927963, 2927963, nnz=60703760], edge_index=[2, 56870792])
torch.Size([2580965]), torch.Size([23246])
2016 Data(num_nodes=2604211, x=[2604211, 128], node_year=[2604211, 1], adj_t=[2927963, 2927963, nnz=60703760], edge_index=[2, 49099608])
2017 Data(num_nodes=2715233, x=[2715233, 128], node_year=[2715233, 1], adj_t=[2927963, 2927963, nnz=60703760], edge_index=[2, 52993186])
2018 Data(num_nodes=2819372, x=[2819372, 128], node_year=[2819372, 1], adj_t=[2927963, 2927963, nnz=60703760], edge_index=[2, 56870792])
torch.Size([2580965]), torch.Size([23246])
2016 Data(num_nodes=2604211, x=[2604211, 128], node_year=[2604211, 1], adj_t=[2927963, 2927963, nnz=60703760], edge_index=[2, 49099608])
2017 Data(num_nodes=2715233, x=[2715233, 128], node_year=[2715233, 1], adj_t=[2927963, 2927963, nnz=60703760], edge_index=[2, 52993186])
2018 Data(num_nodes=2819372, x=[2819372, 128], node_year=[2819372, 1], adj_t=[2927963, 2927963, nnz=60703760], edge_index=[2, 56870792])
torch.Size([2580965]), torch.Size([23246])
2016 Data(num_nodes=2604211, x=[2604211, 128], node_year=[2604211, 1], adj_t=[2927963, 2927963, nnz=60703760], edge_index=[2, 49099608])
2017 Data(num_nodes=2715233, x=[2715233, 128], node_year=[2715233, 1], adj_t=[2927963, 2927963, nnz=60703760], edge_index=[2, 52993186])
2018 Data(num_nodes=2819372, x=[2819372, 128], node_year=[2819372, 1], adj_t=[2927963, 2927963, nnz=60703760], edge_index=[2, 56870792])
torch.Size([2580965]), torch.Size([23246])
2016 Data(num_nodes=2604211, x=[2604211, 128], node_year=[2604211, 1], adj_t=[2927963, 2927963, nnz=60703760], edge_index=[2, 49099608])
2017 Data(num_nodes=2715233, x=[2715233, 128], node_year=[2715233, 1], adj_t=[2927963, 2927963, nnz=60703760], edge_index=[2, 52993186])
2018 Data(num_nodes=2819372, x=[2819372, 128], node_year=[2819372, 1], adj_t=[2927963, 2927963, nnz=60703760], edge_index=[2, 56870792])
torch.Size([2580965]), torch.Size([23246])
2016 Data(num_nodes=2604211, x=[2604211, 128], node_year=[2604211, 1], adj_t=[2927963, 2927963, nnz=60703760], edge_index=[2, 49099608])
2017 Data(num_nodes=2715233, x=[2715233, 128], node_year=[2715233, 1], adj_t=[2927963, 2927963, nnz=60703760], edge_index=[2, 52993186])
2018 Data(num_nodes=2819372, x=[2819372, 128], node_year=[2819372, 1], adj_t=[2927963, 2927963, nnz=60703760], edge_index=[2, 56870792])
torch.Size([2580965]), torch.Size([23246])
2016 Data(num_nodes=2604211, x=[2604211, 128], node_year=[2604211, 1], adj_t=[2927963, 2927963, nnz=60703760], edge_index=[2, 49099608])
2017 Data(num_nodes=2715233, x=[2715233, 128], node_year=[2715233, 1], adj_t=[2927963, 2927963, nnz=60703760], edge_index=[2, 52993186])
2018 Data(num_nodes=2819372, x=[2819372, 128], node_year=[2819372, 1], adj_t=[2927963, 2927963, nnz=60703760], edge_index=[2, 56870792])
torch.Size([2580965]), torch.Size([23246])
2016 Data(num_nodes=2604211, x=[2604211, 128], node_year=[2604211, 1], adj_t=[2927963, 2927963, nnz=60703760], edge_index=[2, 49099608])
2017 Data(num_nodes=2715233, x=[2715233, 128], node_year=[2715233, 1], adj_t=[2927963, 2927963, nnz=60703760], edge_index=[2, 52993186])
2018 Data(num_nodes=2819372, x=[2819372, 128], node_year=[2819372, 1], adj_t=[2927963, 2927963, nnz=60703760], edge_index=[2, 56870792])
torch.Size([2580965]), torch.Size([23246])
2016 Data(num_nodes=2604211, x=[2604211, 128], node_year=[2604211, 1], adj_t=[2927963, 2927963, nnz=60703760], edge_index=[2, 49099608])
2017 Data(num_nodes=2715233, x=[2715233, 128], node_year=[2715233, 1], adj_t=[2927963, 2927963, nnz=60703760], edge_index=[2, 52993186])
2018 Data(num_nodes=2819372, x=[2819372, 128], node_year=[2819372, 1], adj_t=[2927963, 2927963, nnz=60703760], edge_index=[2, 56870792])
torch.Size([2580965]), torch.Size([23246])
2016 Data(num_nodes=2604211, x=[2604211, 128], node_year=[2604211, 1], adj_t=[2927963, 2927963, nnz=60703760], edge_index=[2, 49099608])
2017 Data(num_nodes=2715233, x=[2715233, 128], node_year=[2715233, 1], adj_t=[2927963, 2927963, nnz=60703760], edge_index=[2, 52993186])
2018 Data(num_nodes=2819372, x=[2819372, 128], node_year=[2819372, 1], adj_t=[2927963, 2927963, nnz=60703760], edge_index=[2, 56870792])
torch.Size([2580965]), torch.Size([23246])
2016 Data(num_nodes=2604211, x=[2604211, 128], node_year=[2604211, 1], adj_t=[2927963, 2927963, nnz=60703760], edge_index=[2, 49099608])
2017 Data(num_nodes=2715233, x=[2715233, 128], node_year=[2715233, 1], adj_t=[2927963, 2927963, nnz=60703760], edge_index=[2, 52993186])
2018 Data(num_nodes=2819372, x=[2819372, 128], node_year=[2819372, 1], adj_t=[2927963, 2927963, nnz=60703760], edge_index=[2, 56870792])
torch.Size([2580965]), torch.Size([23246])
2016 Data(num_nodes=2604211, x=[2604211, 128], node_year=[2604211, 1], adj_t=[2927963, 2927963, nnz=60703760], edge_index=[2, 49099608])
2017 Data(num_nodes=2715233, x=[2715233, 128], node_year=[2715233, 1], adj_t=[2927963, 2927963, nnz=60703760], edge_index=[2, 52993186])
2018 Data(num_nodes=2819372, x=[2819372, 128], node_year=[2819372, 1], adj_t=[2927963, 2927963, nnz=60703760], edge_index=[2, 56870792])
torch.Size([2580965]), torch.Size([23246])
2016 Data(num_nodes=2604211, x=[2604211, 128], node_year=[2604211, 1], adj_t=[2927963, 2927963, nnz=60703760], edge_index=[2, 49099608])
2017 Data(num_nodes=2715233, x=[2715233, 128], node_year=[2715233, 1], adj_t=[2927963, 2927963, nnz=60703760], edge_index=[2, 52993186])
2018 Data(num_nodes=2819372, x=[2819372, 128], node_year=[2819372, 1], adj_t=[2927963, 2927963, nnz=60703760], edge_index=[2, 56870792])
torch.Size([2580965]), torch.Size([23246])
2016 Data(num_nodes=2604211, x=[2604211, 128], node_year=[2604211, 1], adj_t=[2927963, 2927963, nnz=60703760], edge_index=[2, 49099608])
2017 Data(num_nodes=2715233, x=[2715233, 128], node_year=[2715233, 1], adj_t=[2927963, 2927963, nnz=60703760], edge_index=[2, 52993186])
2018 Data(num_nodes=2819372, x=[2819372, 128], node_year=[2819372, 1], adj_t=[2927963, 2927963, nnz=60703760], edge_index=[2, 56870792])
torch.Size([2580965]), torch.Size([23246])
2016 Data(num_nodes=2604211, x=[2604211, 128], node_year=[2604211, 1], adj_t=[2927963, 2927963, nnz=60703760], edge_index=[2, 49099608])
2017 Data(num_nodes=2715233, x=[2715233, 128], node_year=[2715233, 1], adj_t=[2927963, 2927963, nnz=60703760], edge_index=[2, 52993186])
2018 Data(num_nodes=2819372, x=[2819372, 128], node_year=[2819372, 1], adj_t=[2927963, 2927963, nnz=60703760], edge_index=[2, 56870792])
torch.Size([2580965]), torch.Size([23246])
2016 Data(num_nodes=2604211, x=[2604211, 128], node_year=[2604211, 1], adj_t=[2927963, 2927963, nnz=60703760], edge_index=[2, 49099608])
2017 Data(num_nodes=2715233, x=[2715233, 128], node_year=[2715233, 1], adj_t=[2927963, 2927963, nnz=60703760], edge_index=[2, 52993186])
2018 Data(num_nodes=2819372, x=[2819372, 128], node_year=[2819372, 1], adj_t=[2927963, 2927963, nnz=60703760], edge_index=[2, 56870792])
torch.Size([2580965]), torch.Size([23246])
2016 Data(num_nodes=2604211, x=[2604211, 128], node_year=[2604211, 1], adj_t=[2927963, 2927963, nnz=60703760], edge_index=[2, 49099608])
2017 Data(num_nodes=2715233, x=[2715233, 128], node_year=[2715233, 1], adj_t=[2927963, 2927963, nnz=60703760], edge_index=[2, 52993186])
2018 Data(num_nodes=2819372, x=[2819372, 128], node_year=[2819372, 1], adj_t=[2927963, 2927963, nnz=60703760], edge_index=[2, 56870792])
torch.Size([2580965]), torch.Size([23246])
2016 Data(num_nodes=2604211, x=[2604211, 128], node_year=[2604211, 1], adj_t=[2927963, 2927963, nnz=60703760], edge_index=[2, 49099608])
2017 Data(num_nodes=2715233, x=[2715233, 128], node_year=[2715233, 1], adj_t=[2927963, 2927963, nnz=60703760], edge_index=[2, 52993186])
2018 Data(num_nodes=2819372, x=[2819372, 128], node_year=[2819372, 1], adj_t=[2927963, 2927963, nnz=60703760], edge_index=[2, 56870792])
torch.Size([2580965]), torch.Size([23246])
2016 Data(num_nodes=2604211, x=[2604211, 128], node_year=[2604211, 1], adj_t=[2927963, 2927963, nnz=60703760], edge_index=[2, 49099608])
2017 Data(num_nodes=2715233, x=[2715233, 128], node_year=[2715233, 1], adj_t=[2927963, 2927963, nnz=60703760], edge_index=[2, 52993186])
2018 Data(num_nodes=2819372, x=[2819372, 128], node_year=[2819372, 1], adj_t=[2927963, 2927963, nnz=60703760], edge_index=[2, 56870792])
torch.Size([2580965]), torch.Size([23246])
2016 Data(num_nodes=2604211, x=[2604211, 128], node_year=[2604211, 1], adj_t=[2927963, 2927963, nnz=60703760], edge_index=[2, 49099608])
2017 Data(num_nodes=2715233, x=[2715233, 128], node_year=[2715233, 1], adj_t=[2927963, 2927963, nnz=60703760], edge_index=[2, 52993186])
2018 Data(num_nodes=2819372, x=[2819372, 128], node_year=[2819372, 1], adj_t=[2927963, 2927963, nnz=60703760], edge_index=[2, 56870792])
torch.Size([2580965]), torch.Size([2604211])
2016 Data(num_nodes=2604211, x=[2604211, 128], node_year=[2604211, 1], adj_t=[2927963, 2927963, nnz=60703760], edge_index=[2, 49099608])
2017 Data(num_nodes=2715233, x=[2715233, 128], node_year=[2715233, 1], adj_t=[2927963, 2927963, nnz=60703760], edge_index=[2, 52993186])
2018 Data(num_nodes=2819372, x=[2819372, 128], node_year=[2819372, 1], adj_t=[2927963, 2927963, nnz=60703760], edge_index=[2, 56870792])
2580965, 2604211
2016 (Data(num_nodes=497483, x=[497483, 128], node_year=[497483, 1], adj_t=[2927963, 2927963, nnz=60703760], edge_index=[2, 1824822]), Data(num_nodes=2604211, x=[2604211, 128], node_year=[2604211, 1], adj_t=[2927963, 2927963, nnz=60703760], edge_index=[2, 49099608]))
2017 (Data(num_nodes=498237, x=[498237, 128], node_year=[498237, 1], adj_t=[2927963, 2927963, nnz=60703760], edge_index=[2, 1798746]), Data(num_nodes=2715233, x=[2715233, 128], node_year=[2715233, 1], adj_t=[2927963, 2927963, nnz=60703760], edge_index=[2, 52993186]))
2018 (Data(num_nodes=498021, x=[498021, 128], node_year=[498021, 1], adj_t=[2927963, 2927963, nnz=60703760], edge_index=[2, 1822406]), Data(num_nodes=2819372, x=[2819372, 128], node_year=[2819372, 1], adj_t=[2927963, 2927963, nnz=60703760], edge_index=[2, 56870792]))
2016 (Data(num_nodes=497092, x=[497092, 128], node_year=[497092, 1], adj_t=[2927963, 2927963, nnz=60703760], edge_index=[2, 1805836]), Data(num_nodes=2604211, x=[2604211, 128], node_year=[2604211, 1], adj_t=[2927963, 2927963, nnz=60703760], edge_index=[2, 49099608]))
2017 (Data(num_nodes=497534, x=[497534, 128], node_year=[497534, 1], adj_t=[2927963, 2927963, nnz=60703760], edge_index=[2, 1808236]), Data(num_nodes=2715233, x=[2715233, 128], node_year=[2715233, 1], adj_t=[2927963, 2927963, nnz=60703760], edge_index=[2, 52993186]))
2018 (Data(num_nodes=497316, x=[497316, 128], node_year=[497316, 1], adj_t=[2927963, 2927963, nnz=60703760], edge_index=[2, 1806974]), Data(num_nodes=2819372, x=[2819372, 128], node_year=[2819372, 1], adj_t=[2927963, 2927963, nnz=60703760], edge_index=[2, 56870792]))
2016 (Data(num_nodes=496932, x=[496932, 128], node_year=[496932, 1], adj_t=[2927963, 2927963, nnz=60703760], edge_index=[2, 1813576]), Data(num_nodes=2604211, x=[2604211, 128], node_year=[2604211, 1], adj_t=[2927963, 2927963, nnz=60703760], edge_index=[2, 49099608]))
2017 (Data(num_nodes=497741, x=[497741, 128], node_year=[497741, 1], adj_t=[2927963, 2927963, nnz=60703760], edge_index=[2, 1811192]), Data(num_nodes=2715233, x=[2715233, 128], node_year=[2715233, 1], adj_t=[2927963, 2927963, nnz=60703760], edge_index=[2, 52993186]))
2018 (Data(num_nodes=497823, x=[497823, 128], node_year=[497823, 1], adj_t=[2927963, 2927963, nnz=60703760], edge_index=[2, 1806328]), Data(num_nodes=2819372, x=[2819372, 128], node_year=[2819372, 1], adj_t=[2927963, 2927963, nnz=60703760], edge_index=[2, 56870792]))
2017 (Data(num_nodes=521291, x=[521291, 128], node_year=[521291, 1], adj_t=[2927963, 2927963, nnz=60703760], edge_index=[2, 1979588]), Data(num_nodes=2715233, x=[2715233, 128], node_year=[2715233, 1], adj_t=[2927963, 2927963, nnz=60703760], edge_index=[2, 52993186]))
2018 (Data(num_nodes=519723, x=[519723, 128], node_year=[519723, 1], adj_t=[2927963, 2927963, nnz=60703760], edge_index=[2, 1959410]), Data(num_nodes=2819372, x=[2819372, 128], node_year=[2819372, 1], adj_t=[2927963, 2927963, nnz=60703760], edge_index=[2, 56870792]))
2019 (Data(num_nodes=520420, x=[520420, 128], node_year=[520420, 1], adj_t=[2927963, 2927963, nnz=60703760], edge_index=[2, 1950566]), Data(num_nodes=2927963, x=[2927963, 128], node_year=[2927963, 1], adj_t=[2927963, 2927963, nnz=60703760], edge_index=[2, 60703760]))
2016 (Data(num_nodes=2546210, x=[2546210, 128], node_year=[2546210, 1], adj_t=[2927963, 2927963, nnz=60703760], edge_index=[2, 47173414]), Data(num_nodes=2604211, x=[2604211, 128], node_year=[2604211, 1], adj_t=[2927963, 2927963, nnz=60703760], edge_index=[2, 49099608]))
2017 (Data(num_nodes=2601657, x=[2601657, 128], node_year=[2601657, 1], adj_t=[2927963, 2927963, nnz=60703760], edge_index=[2, 49005440]), Data(num_nodes=2715233, x=[2715233, 128], node_year=[2715233, 1], adj_t=[2927963, 2927963, nnz=60703760], edge_index=[2, 52993186]))
2018 (Data(num_nodes=2653716, x=[2653716, 128], node_year=[2653716, 1], adj_t=[2927963, 2927963, nnz=60703760], edge_index=[2, 50749722]), Data(num_nodes=2819372, x=[2819372, 128], node_year=[2819372, 1], adj_t=[2927963, 2927963, nnz=60703760], edge_index=[2, 56870792]))
2016 (Data(num_nodes=2546087, x=[2546087, 128], node_year=[2546087, 1], adj_t=[2927963, 2927963, nnz=60703760], edge_index=[2, 47166556]), Data(num_nodes=116234, x=[116234, 128], node_year=[116234, 1], adj_t=[2927963, 2927963, nnz=60703760], edge_index=[2, 132966]))
2017 (Data(num_nodes=2601500, x=[2601500, 128], node_year=[2601500, 1], adj_t=[2927963, 2927963, nnz=60703760], edge_index=[2, 48997282]), Data(num_nodes=227256, x=[227256, 128], node_year=[227256, 1], adj_t=[2927963, 2927963, nnz=60703760], edge_index=[2, 581464]))
2018 (Data(num_nodes=2653437, x=[2653437, 128], node_year=[2653437, 1], adj_t=[2927963, 2927963, nnz=60703760], edge_index=[2, 50741376]), Data(num_nodes=331395, x=[331395, 128], node_year=[331395, 1], adj_t=[2927963, 2927963, nnz=60703760], edge_index=[2, 1367012]))
2016 (Data(num_nodes=2546055, x=[2546055, 128], node_year=[2546055, 1], adj_t=[2927963, 2927963, nnz=60703760], edge_index=[2, 47167918]), Data(num_nodes=116234, x=[116234, 128], node_year=[116234, 1], adj_t=[2927963, 2927963, nnz=60703760], edge_index=[2, 132966]))
2017 (Data(num_nodes=2601437, x=[2601437, 128], node_year=[2601437, 1], adj_t=[2927963, 2927963, nnz=60703760], edge_index=[2, 48990160]), Data(num_nodes=227256, x=[227256, 128], node_year=[227256, 1], adj_t=[2927963, 2927963, nnz=60703760], edge_index=[2, 581464]))
2018 (Data(num_nodes=2653510, x=[2653510, 128], node_year=[2653510, 1], adj_t=[2927963, 2927963, nnz=60703760], edge_index=[2, 50735458]), Data(num_nodes=331395, x=[331395, 128], node_year=[331395, 1], adj_t=[2927963, 2927963, nnz=60703760], edge_index=[2, 1367012]))
2016 (Data(num_nodes=2545925, x=[2545925, 128], node_year=[2545925, 1], adj_t=[2927963, 2927963, nnz=60703760], edge_index=[2, 47167374]), Data(num_nodes=116234, x=[116234, 128], node_year=[116234, 1], adj_t=[2927963, 2927963, nnz=60703760], edge_index=[2, 132966]))
2017 (Data(num_nodes=2601580, x=[2601580, 128], node_year=[2601580, 1], adj_t=[2927963, 2927963, nnz=60703760], edge_index=[2, 49009834]), Data(num_nodes=227256, x=[227256, 128], node_year=[227256, 1], adj_t=[2927963, 2927963, nnz=60703760], edge_index=[2, 581464]))
2018 (Data(num_nodes=2653925, x=[2653925, 128], node_year=[2653925, 1], adj_t=[2927963, 2927963, nnz=60703760], edge_index=[2, 50759030]), Data(num_nodes=331395, x=[331395, 128], node_year=[331395, 1], adj_t=[2927963, 2927963, nnz=60703760], edge_index=[2, 1367012]))
2016 (Data(num_nodes=2546009, x=[2546009, 128], node_year=[2546009, 1], adj_t=[2927963, 2927963, nnz=60703760], edge_index=[2, 47168556]), Data(num_nodes=116234, x=[116234, 128], node_year=[116234, 1], adj_t=[2927963, 2927963, nnz=60703760], edge_index=[2, 132966]))
2017 (Data(num_nodes=2601393, x=[2601393, 128], node_year=[2601393, 1], adj_t=[2927963, 2927963, nnz=60703760], edge_index=[2, 48994662]), Data(num_nodes=227256, x=[227256, 128], node_year=[227256, 1], adj_t=[2927963, 2927963, nnz=60703760], edge_index=[2, 581464]))
2018 (Data(num_nodes=2653715, x=[2653715, 128], node_year=[2653715, 1], adj_t=[2927963, 2927963, nnz=60703760], edge_index=[2, 50759760]), Data(num_nodes=331395, x=[331395, 128], node_year=[331395, 1], adj_t=[2927963, 2927963, nnz=60703760], edge_index=[2, 1367012]))
2016 (Data(num_nodes=2546239, x=[2546239, 128], node_year=[2546239, 1], adj_t=[2927963, 2927963, nnz=60703760], edge_index=[2, 47182720]), Data(num_nodes=116234, x=[116234, 128], node_year=[116234, 1], adj_t=[2927963, 2927963, nnz=60703760], edge_index=[2, 132966]))
2017 (Data(num_nodes=2601609, x=[2601609, 128], node_year=[2601609, 1], adj_t=[2927963, 2927963, nnz=60703760], edge_index=[2, 48994374]), Data(num_nodes=227256, x=[227256, 128], node_year=[227256, 1], adj_t=[2927963, 2927963, nnz=60703760], edge_index=[2, 581464]))
2018 (Data(num_nodes=2653973, x=[2653973, 128], node_year=[2653973, 1], adj_t=[2927963, 2927963, nnz=60703760], edge_index=[2, 50756948]), Data(num_nodes=331395, x=[331395, 128], node_year=[331395, 1], adj_t=[2927963, 2927963, nnz=60703760], edge_index=[2, 1367012]))
2016 (Data(num_nodes=2545891, x=[2545891, 128], node_year=[2545891, 1], adj_t=[2927963, 2927963, nnz=60703760], edge_index=[2, 47154864]), Data(num_nodes=116234, x=[116234, 128], node_year=[116234, 1], adj_t=[2927963, 2927963, nnz=60703760], edge_index=[2, 132966]))
2017 (Data(num_nodes=2601678, x=[2601678, 128], node_year=[2601678, 1], adj_t=[2927963, 2927963, nnz=60703760], edge_index=[2, 48996618]), Data(num_nodes=227256, x=[227256, 128], node_year=[227256, 1], adj_t=[2927963, 2927963, nnz=60703760], edge_index=[2, 581464]))
2018 (Data(num_nodes=2653293, x=[2653293, 128], node_year=[2653293, 1], adj_t=[2927963, 2927963, nnz=60703760], edge_index=[2, 50710942]), Data(num_nodes=331395, x=[331395, 128], node_year=[331395, 1], adj_t=[2927963, 2927963, nnz=60703760], edge_index=[2, 1367012]))
2016 (Data(num_nodes=2927963, x=[2927963, 128], node_year=[2927963, 1], adj_t=[2927963, 2927963, nnz=60703760], edge_index=[2, 60703760]), Data(num_nodes=0, x=[0, 128], node_year=[0, 1], adj_t=[2927963, 2927963, nnz=60703760], edge_index=[2, 0]))
2017 (Data(num_nodes=2927963, x=[2927963, 128], node_year=[2927963, 1], adj_t=[2927963, 2927963, nnz=60703760], edge_index=[2, 60703760]), Data(num_nodes=0, x=[0, 128], node_year=[0, 1], adj_t=[2927963, 2927963, nnz=60703760], edge_index=[2, 0]))
2018 (Data(num_nodes=2927963, x=[2927963, 128], node_year=[2927963, 1], adj_t=[2927963, 2927963, nnz=60703760], edge_index=[2, 60703760]), Data(num_nodes=0, x=[0, 128], node_year=[0, 1], adj_t=[2927963, 2927963, nnz=60703760], edge_index=[2, 0]))
2016 (Data(num_nodes=2927963, x=[2927963, 128], node_year=[2927963, 1], adj_t=[2927963, 2927963, nnz=60703760], edge_index=[2, 60703760]), Data(num_nodes=0, x=[0, 128], node_year=[0, 1], adj_t=[2927963, 2927963, nnz=60703760], edge_index=[2, 0]))
2017 (Data(num_nodes=2927963, x=[2927963, 128], node_year=[2927963, 1], adj_t=[2927963, 2927963, nnz=60703760], edge_index=[2, 60703760]), Data(num_nodes=0, x=[0, 128], node_year=[0, 1], adj_t=[2927963, 2927963, nnz=60703760], edge_index=[2, 0]))
2018 (Data(num_nodes=2927963, x=[2927963, 128], node_year=[2927963, 1], adj_t=[2927963, 2927963, nnz=60703760], edge_index=[2, 60703760]), Data(num_nodes=0, x=[0, 128], node_year=[0, 1], adj_t=[2927963, 2927963, nnz=60703760], edge_index=[2, 0]))
2016 (Data(num_nodes=2927963, x=[2927963, 128], node_year=[2927963, 1], adj_t=[2927963, 2927963, nnz=60703760], edge_index=[2, 60703760]), Data(num_nodes=0, x=[0, 128], node_year=[0, 1], adj_t=[2927963, 2927963, nnz=60703760], edge_index=[2, 0]))
2017 (Data(num_nodes=2927963, x=[2927963, 128], node_year=[2927963, 1], adj_t=[2927963, 2927963, nnz=60703760], edge_index=[2, 60703760]), Data(num_nodes=0, x=[0, 128], node_year=[0, 1], adj_t=[2927963, 2927963, nnz=60703760], edge_index=[2, 0]))
2018 (Data(num_nodes=2927963, x=[2927963, 128], node_year=[2927963, 1], adj_t=[2927963, 2927963, nnz=60703760], edge_index=[2, 60703760]), Data(num_nodes=0, x=[0, 128], node_year=[0, 1], adj_t=[2927963, 2927963, nnz=60703760], edge_index=[2, 0]))
2016 (Data(num_nodes=2927963, x=[2927963, 128], node_year=[2927963, 1], adj_t=[2927963, 2927963, nnz=60703760], edge_index=[2, 60703760]), Data(num_nodes=0, x=[0, 128], node_year=[0, 1], adj_t=[2927963, 2927963, nnz=60703760], edge_index=[2, 0]))
2017 (Data(num_nodes=2927963, x=[2927963, 128], node_year=[2927963, 1], adj_t=[2927963, 2927963, nnz=60703760], edge_index=[2, 60703760]), Data(num_nodes=0, x=[0, 128], node_year=[0, 1], adj_t=[2927963, 2927963, nnz=60703760], edge_index=[2, 0]))
2018 (Data(num_nodes=2927963, x=[2927963, 128], node_year=[2927963, 1], adj_t=[2927963, 2927963, nnz=60703760], edge_index=[2, 60703760]), Data(num_nodes=0, x=[0, 128], node_year=[0, 1], adj_t=[2927963, 2927963, nnz=60703760], edge_index=[2, 0]))
2016 (Data(num_nodes=2927963, x=[2927963, 128], node_year=[2927963, 1], adj_t=[2927963, 2927963, nnz=60703760], edge_index=[2, 60703760]), Data(num_nodes=0, x=[0, 128], node_year=[0, 1], adj_t=[2927963, 2927963, nnz=60703760], edge_index=[2, 0]))
2018 (Data(num_nodes=2767396, x=[2767396, 128], node_year=[2767396, 1], adj_t=[2927963, 2927963, nnz=60703760], edge_index=[2, 54907920]), Data(num_nodes=104139, x=[104139, 128], node_year=[104139, 1], adj_t=[2927963, 2927963, nnz=60703760], edge_index=[2, 137272]))
2019 (Data(num_nodes=2821963, x=[2821963, 128], node_year=[2821963, 1], adj_t=[2927963, 2927963, nnz=60703760], edge_index=[2, 56712238]), Data(num_nodes=212730, x=[212730, 128], node_year=[212730, 1], adj_t=[2927963, 2927963, nnz=60703760], edge_index=[2, 631648]))
2020 (Data(num_nodes=2821930, x=[2821930, 128], node_year=[2821930, 1], adj_t=[2927963, 2927963, nnz=60703760], edge_index=[2, 56699332]), Data(num_nodes=212730, x=[212730, 128], node_year=[212730, 1], adj_t=[2927963, 2927963, nnz=60703760], edge_index=[2, 631648]))
2018 (Data(num_nodes=2767512, x=[2767512, 128], node_year=[2767512, 1], adj_t=[2927963, 2927963, nnz=60703760], edge_index=[2, 54905194]), Data(num_nodes=104139, x=[104139, 128], node_year=[104139, 1], adj_t=[2927963, 2927963, nnz=60703760], edge_index=[2, 137272]))
2019 (Data(num_nodes=2821770, x=[2821770, 128], node_year=[2821770, 1], adj_t=[2927963, 2927963, nnz=60703760], edge_index=[2, 56703188]), Data(num_nodes=212730, x=[212730, 128], node_year=[212730, 1], adj_t=[2927963, 2927963, nnz=60703760], edge_index=[2, 631648]))
2020 (Data(num_nodes=2821357, x=[2821357, 128], node_year=[2821357, 1], adj_t=[2927963, 2927963, nnz=60703760], edge_index=[2, 56680636]), Data(num_nodes=212730, x=[212730, 128], node_year=[212730, 1], adj_t=[2927963, 2927963, nnz=60703760], edge_index=[2, 631648]))
2018 (Data(num_nodes=2715233, x=[2715233, 128], node_year=[2715233, 1], adj_t=[2927963, 2927963, nnz=60703760], edge_index=[2, 52993186]), Data(num_nodes=104139, x=[104139, 128], node_year=[104139, 1], adj_t=[2927963, 2927963, nnz=60703760], edge_index=[2, 137272]))
2019 (Data(num_nodes=2715233, x=[2715233, 128], node_year=[2715233, 1], adj_t=[2927963, 2927963, nnz=60703760], edge_index=[2, 52993186]), Data(num_nodes=212730, x=[212730, 128], node_year=[212730, 1], adj_t=[2927963, 2927963, nnz=60703760], edge_index=[2, 631648]))
2020 (Data(num_nodes=2715233, x=[2715233, 128], node_year=[2715233, 1], adj_t=[2927963, 2927963, nnz=60703760], edge_index=[2, 52993186]), Data(num_nodes=212730, x=[212730, 128], node_year=[212730, 1], adj_t=[2927963, 2927963, nnz=60703760], edge_index=[2, 631648]))
2018 (Data(num_nodes=2715233, x=[2715233, 128], node_year=[2715233, 1], adj_t=[2927963, 2927963, nnz=60703760], edge_index=[2, 52993186]), Data(num_nodes=104139, x=[104139, 128], node_year=[104139, 1], adj_t=[2927963, 2927963, nnz=60703760], edge_index=[2, 137272]))
2019 (Data(num_nodes=2715233, x=[2715233, 128], node_year=[2715233, 1], adj_t=[2927963, 2927963, nnz=60703760], edge_index=[2, 52993186]), Data(num_nodes=212730, x=[212730, 128], node_year=[212730, 1], adj_t=[2927963, 2927963, nnz=60703760], edge_index=[2, 631648]))
2020 (Data(num_nodes=2715233, x=[2715233, 128], node_year=[2715233, 1], adj_t=[2927963, 2927963, nnz=60703760], edge_index=[2, 52993186]), Data(num_nodes=212730, x=[212730, 128], node_year=[212730, 1], adj_t=[2927963, 2927963, nnz=60703760], edge_index=[2, 631648]))
1996 (Data(num_nodes=794622, x=[794622, 128], node_year=[794622, 1], adj_t=[2927963, 2927963, nnz=60703760], edge_index=[2, 8123464]), Data(num_nodes=85108, x=[85108, 128], node_year=[85108, 1], adj_t=[2927963, 2927963, nnz=60703760], edge_index=[2, 89164]))
1997 (Data(num_nodes=794622, x=[794622, 128], node_year=[794622, 1], adj_t=[2927963, 2927963, nnz=60703760], edge_index=[2, 8123464]), Data(num_nodes=134361, x=[134361, 128], node_year=[134361, 1], adj_t=[2927963, 2927963, nnz=60703760], edge_index=[2, 243062]))
1998 (Data(num_nodes=794622, x=[794622, 128], node_year=[794622, 1], adj_t=[2927963, 2927963, nnz=60703760], edge_index=[2, 8123464]), Data(num_nodes=185819, x=[185819, 128], node_year=[185819, 1], adj_t=[2927963, 2927963, nnz=60703760], edge_index=[2, 479354]))
1996 (Data(num_nodes=794622, x=[794622, 128], node_year=[794622, 1], adj_t=[2927963, 2927963, nnz=60703760], edge_index=[2, 8123464]), Data(num_nodes=85108, x=[85108, 128], node_year=[85108, 1], adj_t=[2927963, 2927963, nnz=60703760], edge_index=[2, 89164]))
1997 (Data(num_nodes=794622, x=[794622, 128], node_year=[794622, 1], adj_t=[2927963, 2927963, nnz=60703760], edge_index=[2, 8123464]), Data(num_nodes=134361, x=[134361, 128], node_year=[134361, 1], adj_t=[2927963, 2927963, nnz=60703760], edge_index=[2, 243062]))
1998 (Data(num_nodes=794622, x=[794622, 128], node_year=[794622, 1], adj_t=[2927963, 2927963, nnz=60703760], edge_index=[2, 8123464]), Data(num_nodes=185819, x=[185819, 128], node_year=[185819, 1], adj_t=[2927963, 2927963, nnz=60703760], edge_index=[2, 479354]))
2019 (Data(num_nodes=2927963, x=[2927963, 128], node_year=[2927963, 1], adj_t=[2927963, 2927963, nnz=60703760], edge_index=[2, 60703760]), Data(num_nodes=0, x=[0, 128], node_year=[0, 1], adj_t=[2927963, 2927963, nnz=60703760], edge_index=[2, 0]))
2020 (Data(num_nodes=2927963, x=[2927963, 128], node_year=[2927963, 1], adj_t=[2927963, 2927963, nnz=60703760], edge_index=[2, 60703760]), Data(num_nodes=0, x=[0, 128], node_year=[0, 1], adj_t=[2927963, 2927963, nnz=60703760], edge_index=[2, 0]))
2019 (Data(num_nodes=2927963, x=[2927963, 128], node_year=[2927963, 1], adj_t=[2927963, 2927963, nnz=60703760], edge_index=[2, 60703760]), Data(num_nodes=0, x=[0, 128], node_year=[0, 1], adj_t=[2927963, 2927963, nnz=60703760], edge_index=[2, 0]))
2020 (Data(num_nodes=2927963, x=[2927963, 128], node_year=[2927963, 1], adj_t=[2927963, 2927963, nnz=60703760], edge_index=[2, 60703760]), Data(num_nodes=0, x=[0, 128], node_year=[0, 1], adj_t=[2927963, 2927963, nnz=60703760], edge_index=[2, 0]))
2019 (Data(num_nodes=2819372, x=[2819372, 128], node_year=[2819372, 1], adj_t=[2927963, 2927963, nnz=60703760], edge_index=[2, 56870792]), Data(num_nodes=108591, x=[108591, 128], node_year=[108591, 1], adj_t=[2927963, 2927963, nnz=60703760], edge_index=[2, 134422]))
2020 (Data(num_nodes=2819372, x=[2819372, 128], node_year=[2819372, 1], adj_t=[2927963, 2927963, nnz=60703760], edge_index=[2, 56870792]), Data(num_nodes=108591, x=[108591, 128], node_year=[108591, 1], adj_t=[2927963, 2927963, nnz=60703760], edge_index=[2, 134422]))
2019 (Data(num_nodes=2819372, x=[2819372, 128], node_year=[2819372, 1], adj_t=[2927963, 2927963, nnz=60703760], edge_index=[2, 56870792]), Data(num_nodes=108591, x=[108591, 128], node_year=[108591, 1], adj_t=[2927963, 2927963, nnz=60703760], edge_index=[2, 134422]))
2020 (Data(num_nodes=2819372, x=[2819372, 128], node_year=[2819372, 1], adj_t=[2927963, 2927963, nnz=60703760], edge_index=[2, 56870792]), Data(num_nodes=108591, x=[108591, 128], node_year=[108591, 1], adj_t=[2927963, 2927963, nnz=60703760], edge_index=[2, 134422]))
2019 (Data(num_nodes=2819372, x=[2819372, 128], node_year=[2819372, 1], adj_t=[2927963, 2927963, nnz=60703760], edge_index=[2, 56870792]), Data(num_nodes=108591, x=[108591, 128], node_year=[108591, 1], adj_t=[2927963, 2927963, nnz=60703760], edge_index=[2, 134422]))
2020 (Data(num_nodes=2819372, x=[2819372, 128], node_year=[2819372, 1], adj_t=[2927963, 2927963, nnz=60703760], edge_index=[2, 56870792]), Data(num_nodes=108591, x=[108591, 128], node_year=[108591, 1], adj_t=[2927963, 2927963, nnz=60703760], edge_index=[2, 134422]))
2018 (Data(num_nodes=2819372, x=[2819372, 128], node_year=[2819372, 1], adj_t=[2927963, 2927963, nnz=60703760], edge_index=[2, 56870792]), Data(num_nodes=0, x=[0, 128], node_year=[0, 1], adj_t=[2927963, 2927963, nnz=60703760], edge_index=[2, 0]))
2019 (Data(num_nodes=2906517, x=[2906517, 128], node_year=[2906517, 1], adj_t=[2927963, 2927963, nnz=60703760], edge_index=[2, 59933664]), Data(num_nodes=108591, x=[108591, 128], node_year=[108591, 1], adj_t=[2927963, 2927963, nnz=60703760], edge_index=[2, 134422]))
2020 (Data(num_nodes=2906203, x=[2906203, 128], node_year=[2906203, 1], adj_t=[2927963, 2927963, nnz=60703760], edge_index=[2, 59919800]), Data(num_nodes=108591, x=[108591, 128], node_year=[108591, 1], adj_t=[2927963, 2927963, nnz=60703760], edge_index=[2, 134422]))
2018 (Data(num_nodes=2819372, x=[2819372, 128], node_year=[2819372, 1], adj_t=[2927963, 2927963, nnz=60703760], edge_index=[2, 56870792]), Data(num_nodes=0, x=[0, 128], node_year=[0, 1], adj_t=[2927963, 2927963, nnz=60703760], edge_index=[2, 0]))
2019 (Data(num_nodes=2906265, x=[2906265, 128], node_year=[2906265, 1], adj_t=[2927963, 2927963, nnz=60703760], edge_index=[2, 59920274]), Data(num_nodes=108591, x=[108591, 128], node_year=[108591, 1], adj_t=[2927963, 2927963, nnz=60703760], edge_index=[2, 134422]))
2020 (Data(num_nodes=2906241, x=[2906241, 128], node_year=[2906241, 1], adj_t=[2927963, 2927963, nnz=60703760], edge_index=[2, 59916474]), Data(num_nodes=108591, x=[108591, 128], node_year=[108591, 1], adj_t=[2927963, 2927963, nnz=60703760], edge_index=[2, 134422]))
2018 (Data(num_nodes=2927963, x=[2927963, 128], node_year=[2927963, 1], adj_t=[2927963, 2927963, nnz=60703760], edge_index=[2, 60703760]), Data(num_nodes=0, x=[0, 128], node_year=[0, 1], adj_t=[2927963, 2927963, nnz=60703760], edge_index=[2, 0]))
2019 (Data(num_nodes=2927963, x=[2927963, 128], node_year=[2927963, 1], adj_t=[2927963, 2927963, nnz=60703760], edge_index=[2, 60703760]), Data(num_nodes=0, x=[0, 128], node_year=[0, 1], adj_t=[2927963, 2927963, nnz=60703760], edge_index=[2, 0]))
2020 (Data(num_nodes=2927963, x=[2927963, 128], node_year=[2927963, 1], adj_t=[2927963, 2927963, nnz=60703760], edge_index=[2, 60703760]), Data(num_nodes=0, x=[0, 128], node_year=[0, 1], adj_t=[2927963, 2927963, nnz=60703760], edge_index=[2, 0]))
2018 (Data(num_nodes=2927963, x=[2927963, 128], node_year=[2927963, 1], adj_t=[2927963, 2927963, nnz=60703760], edge_index=[2, 60703760]), Data(num_nodes=0, x=[0, 128], node_year=[0, 1], adj_t=[2927963, 2927963, nnz=60703760], edge_index=[2, 0]))
2019 (Data(num_nodes=2927963, x=[2927963, 128], node_year=[2927963, 1], adj_t=[2927963, 2927963, nnz=60703760], edge_index=[2, 60703760]), Data(num_nodes=0, x=[0, 128], node_year=[0, 1], adj_t=[2927963, 2927963, nnz=60703760], edge_index=[2, 0]))
2020 (Data(num_nodes=2927963, x=[2927963, 128], node_year=[2927963, 1], adj_t=[2927963, 2927963, nnz=60703760], edge_index=[2, 60703760]), Data(num_nodes=0, x=[0, 128], node_year=[0, 1], adj_t=[2927963, 2927963, nnz=60703760], edge_index=[2, 0]))
2018 (Data(num_nodes=2927963, x=[2927963, 128], node_year=[2927963, 1], adj_t=[2927963, 2927963, nnz=60703760], edge_index=[2, 60703760]), Data(num_nodes=0, x=[0, 128], node_year=[0, 1], adj_t=[2927963, 2927963, nnz=60703760], edge_index=[2, 0]))
2019 (Data(num_nodes=2927963, x=[2927963, 128], node_year=[2927963, 1], adj_t=[2927963, 2927963, nnz=60703760], edge_index=[2, 60703760]), Data(num_nodes=0, x=[0, 128], node_year=[0, 1], adj_t=[2927963, 2927963, nnz=60703760], edge_index=[2, 0]))
2020 (Data(num_nodes=2927963, x=[2927963, 128], node_year=[2927963, 1], adj_t=[2927963, 2927963, nnz=60703760], edge_index=[2, 60703760]), Data(num_nodes=0, x=[0, 128], node_year=[0, 1], adj_t=[2927963, 2927963, nnz=60703760], edge_index=[2, 0]))
2018 (Data(num_nodes=2927963, x=[2927963, 128], node_year=[2927963, 1], adj_t=[2927963, 2927963, nnz=60703760], edge_index=[2, 60703760]), Data(num_nodes=0, x=[0, 128], node_year=[0, 1], adj_t=[2927963, 2927963, nnz=60703760], edge_index=[2, 0]))
2019 (Data(num_nodes=2927963, x=[2927963, 128], node_year=[2927963, 1], adj_t=[2927963, 2927963, nnz=60703760], edge_index=[2, 60703760]), Data(num_nodes=0, x=[0, 128], node_year=[0, 1], adj_t=[2927963, 2927963, nnz=60703760], edge_index=[2, 0]))
2020 (Data(num_nodes=2927963, x=[2927963, 128], node_year=[2927963, 1], adj_t=[2927963, 2927963, nnz=60703760], edge_index=[2, 60703760]), Data(num_nodes=0, x=[0, 128], node_year=[0, 1], adj_t=[2927963, 2927963, nnz=60703760], edge_index=[2, 0]))
2018 (Data(num_nodes=2927963, x=[2927963, 128], node_year=[2927963, 1], adj_t=[2927963, 2927963, nnz=60703760], edge_index=[2, 60703760]), Data(num_nodes=0, x=[0, 128], node_year=[0, 1], adj_t=[2927963, 2927963, nnz=60703760], edge_index=[2, 0]))
2018 (Data(num_nodes=2927963, x=[2927963, 128], node_year=[2927963, 1], adj_t=[2927963, 2927963, nnz=60703760], edge_index=[2, 60703760]), Data(num_nodes=0, x=[0, 128], node_year=[0, 1], adj_t=[2927963, 2927963, nnz=60703760], edge_index=[2, 0]))
2019 (Data(num_nodes=2927963, x=[2927963, 128], node_year=[2927963, 1], adj_t=[2927963, 2927963, nnz=60703760], edge_index=[2, 60703760]), Data(num_nodes=0, x=[0, 128], node_year=[0, 1], adj_t=[2927963, 2927963, nnz=60703760], edge_index=[2, 0]))
2020 (Data(num_nodes=2927963, x=[2927963, 128], node_year=[2927963, 1], adj_t=[2927963, 2927963, nnz=60703760], edge_index=[2, 60703760]), Data(num_nodes=0, x=[0, 128], node_year=[0, 1], adj_t=[2927963, 2927963, nnz=60703760], edge_index=[2, 0]))
2018 (Data(num_nodes=2927963, x=[2927963, 128], node_year=[2927963, 1], adj_t=[2927963, 2927963, nnz=60703760], edge_index=[2, 60703760]), Data(num_nodes=0, x=[0, 128], node_year=[0, 1], adj_t=[2927963, 2927963, nnz=60703760], edge_index=[2, 0]))
2019 (Data(num_nodes=2927963, x=[2927963, 128], node_year=[2927963, 1], adj_t=[2927963, 2927963, nnz=60703760], edge_index=[2, 60703760]), Data(num_nodes=0, x=[0, 128], node_year=[0, 1], adj_t=[2927963, 2927963, nnz=60703760], edge_index=[2, 0]))
2020 (Data(num_nodes=2927963, x=[2927963, 128], node_year=[2927963, 1], adj_t=[2927963, 2927963, nnz=60703760], edge_index=[2, 60703760]), Data(num_nodes=0, x=[0, 128], node_year=[0, 1], adj_t=[2927963, 2927963, nnz=60703760], edge_index=[2, 0]))
2018 (Data(num_nodes=2927963, x=[2927963, 128], node_year=[2927963, 1], adj_t=[2927963, 2927963, nnz=60703760], edge_index=[2, 60703760]), Data(num_nodes=104139, x=[104139, 128], node_year=[104139, 1], adj_t=[2927963, 2927963, nnz=60703760], edge_index=[2, 137272]))
2019 (Data(num_nodes=2927963, x=[2927963, 128], node_year=[2927963, 1], adj_t=[2927963, 2927963, nnz=60703760], edge_index=[2, 60703760]), Data(num_nodes=212730, x=[212730, 128], node_year=[212730, 1], adj_t=[2927963, 2927963, nnz=60703760], edge_index=[2, 631648]))
2020 (Data(num_nodes=2927963, x=[2927963, 128], node_year=[2927963, 1], adj_t=[2927963, 2927963, nnz=60703760], edge_index=[2, 60703760]), Data(num_nodes=212730, x=[212730, 128], node_year=[212730, 1], adj_t=[2927963, 2927963, nnz=60703760], edge_index=[2, 631648]))
2018 (Data(num_nodes=2927963, x=[2927963, 128], node_year=[2927963, 1], adj_t=[2927963, 2927963, nnz=60703760], edge_index=[2, 60703760]), Data(num_nodes=104139, x=[104139, 128], node_year=[104139, 1], adj_t=[2927963, 2927963, nnz=60703760], edge_index=[2, 137272]))
2019 (Data(num_nodes=2927963, x=[2927963, 128], node_year=[2927963, 1], adj_t=[2927963, 2927963, nnz=60703760], edge_index=[2, 60703760]), Data(num_nodes=212730, x=[212730, 128], node_year=[212730, 1], adj_t=[2927963, 2927963, nnz=60703760], edge_index=[2, 631648]))
2020 (Data(num_nodes=2927963, x=[2927963, 128], node_year=[2927963, 1], adj_t=[2927963, 2927963, nnz=60703760], edge_index=[2, 60703760]), Data(num_nodes=212730, x=[212730, 128], node_year=[212730, 1], adj_t=[2927963, 2927963, nnz=60703760], edge_index=[2, 631648]))
2018 (Data(num_nodes=2927963, x=[2927963, 128], node_year=[2927963, 1], adj_t=[2927963, 2927963, nnz=60703760], edge_index=[2, 60703760]), Data(num_nodes=104139, x=[104139, 128], node_year=[104139, 1], adj_t=[2927963, 2927963, nnz=60703760], edge_index=[2, 137272]))
2019 (Data(num_nodes=2927963, x=[2927963, 128], node_year=[2927963, 1], adj_t=[2927963, 2927963, nnz=60703760], edge_index=[2, 60703760]), Data(num_nodes=212730, x=[212730, 128], node_year=[212730, 1], adj_t=[2927963, 2927963, nnz=60703760], edge_index=[2, 631648]))
2020 (Data(num_nodes=2927963, x=[2927963, 128], node_year=[2927963, 1], adj_t=[2927963, 2927963, nnz=60703760], edge_index=[2, 60703760]), Data(num_nodes=212730, x=[212730, 128], node_year=[212730, 1], adj_t=[2927963, 2927963, nnz=60703760], edge_index=[2, 631648]))
2018 (Data(num_nodes=2927963, x=[2927963, 128], node_year=[2927963, 1], adj_t=[2927963, 2927963, nnz=60703760], edge_index=[2, 60703760]), Data(num_nodes=104139, x=[104139, 128], node_year=[104139, 1], adj_t=[2927963, 2927963, nnz=60703760], edge_index=[2, 137272]))
2019 (Data(num_nodes=2927963, x=[2927963, 128], node_year=[2927963, 1], adj_t=[2927963, 2927963, nnz=60703760], edge_index=[2, 60703760]), Data(num_nodes=212730, x=[212730, 128], node_year=[212730, 1], adj_t=[2927963, 2927963, nnz=60703760], edge_index=[2, 631648]))
2020 (Data(num_nodes=2927963, x=[2927963, 128], node_year=[2927963, 1], adj_t=[2927963, 2927963, nnz=60703760], edge_index=[2, 60703760]), Data(num_nodes=212730, x=[212730, 128], node_year=[212730, 1], adj_t=[2927963, 2927963, nnz=60703760], edge_index=[2, 631648]))
2018 (Data(num_nodes=2927963, x=[2927963, 128], node_year=[2927963, 1], adj_t=[2927963, 2927963, nnz=60703760], edge_index=[2, 60703760]), Data(num_nodes=104139, x=[104139, 128], node_year=[104139, 1], adj_t=[2927963, 2927963, nnz=60703760], edge_index=[2, 137272]))
2019 (Data(num_nodes=2927963, x=[2927963, 128], node_year=[2927963, 1], adj_t=[2927963, 2927963, nnz=60703760], edge_index=[2, 60703760]), Data(num_nodes=212730, x=[212730, 128], node_year=[212730, 1], adj_t=[2927963, 2927963, nnz=60703760], edge_index=[2, 631648]))
2020 (Data(num_nodes=2927963, x=[2927963, 128], node_year=[2927963, 1], adj_t=[2927963, 2927963, nnz=60703760], edge_index=[2, 60703760]), Data(num_nodes=212730, x=[212730, 128], node_year=[212730, 1], adj_t=[2927963, 2927963, nnz=60703760], edge_index=[2, 631648]))
2018 (Data(num_nodes=2927963, x=[2927963, 128], node_year=[2927963, 1], adj_t=[2927963, 2927963, nnz=60703760], edge_index=[2, 60703760]), Data(num_nodes=104139, x=[104139, 128], node_year=[104139, 1], adj_t=[2927963, 2927963, nnz=60703760], edge_index=[2, 137272]))
2019 (Data(num_nodes=2927963, x=[2927963, 128], node_year=[2927963, 1], adj_t=[2927963, 2927963, nnz=60703760], edge_index=[2, 60703760]), Data(num_nodes=212730, x=[212730, 128], node_year=[212730, 1], adj_t=[2927963, 2927963, nnz=60703760], edge_index=[2, 631648]))
2020 (Data(num_nodes=2927963, x=[2927963, 128], node_year=[2927963, 1], adj_t=[2927963, 2927963, nnz=60703760], edge_index=[2, 60703760]), Data(num_nodes=212730, x=[212730, 128], node_year=[212730, 1], adj_t=[2927963, 2927963, nnz=60703760], edge_index=[2, 631648]))
2018 (Data(num_nodes=2927963, x=[2927963, 128], node_year=[2927963, 1], adj_t=[2927963, 2927963, nnz=60703760], edge_index=[2, 60703760]), Data(num_nodes=104139, x=[104139, 128], node_year=[104139, 1], adj_t=[2927963, 2927963, nnz=60703760], edge_index=[2, 137272]))
2019 (Data(num_nodes=2927963, x=[2927963, 128], node_year=[2927963, 1], adj_t=[2927963, 2927963, nnz=60703760], edge_index=[2, 60703760]), Data(num_nodes=212730, x=[212730, 128], node_year=[212730, 1], adj_t=[2927963, 2927963, nnz=60703760], edge_index=[2, 631648]))
2020 (Data(num_nodes=2927963, x=[2927963, 128], node_year=[2927963, 1], adj_t=[2927963, 2927963, nnz=60703760], edge_index=[2, 60703760]), Data(num_nodes=212730, x=[212730, 128], node_year=[212730, 1], adj_t=[2927963, 2927963, nnz=60703760], edge_index=[2, 631648]))
2018 (Data(num_nodes=2927963, x=[2927963, 128], node_year=[2927963, 1], adj_t=[2927963, 2927963, nnz=60703760], edge_index=[2, 60703760]), Data(num_nodes=104139, x=[104139, 128], node_year=[104139, 1], adj_t=[2927963, 2927963, nnz=60703760], edge_index=[2, 137272]))
2019 (Data(num_nodes=2927963, x=[2927963, 128], node_year=[2927963, 1], adj_t=[2927963, 2927963, nnz=60703760], edge_index=[2, 60703760]), Data(num_nodes=212730, x=[212730, 128], node_year=[212730, 1], adj_t=[2927963, 2927963, nnz=60703760], edge_index=[2, 631648]))
2020 (Data(num_nodes=2927963, x=[2927963, 128], node_year=[2927963, 1], adj_t=[2927963, 2927963, nnz=60703760], edge_index=[2, 60703760]), Data(num_nodes=212730, x=[212730, 128], node_year=[212730, 1], adj_t=[2927963, 2927963, nnz=60703760], edge_index=[2, 631648]))
2018 (Data(num_nodes=2927963, x=[2927963, 128], node_year=[2927963, 1], adj_t=[2927963, 2927963, nnz=60703760], edge_index=[2, 60703760]), Data(num_nodes=104139, x=[104139, 128], node_year=[104139, 1], adj_t=[2927963, 2927963, nnz=60703760], edge_index=[2, 137272]))
2019 (Data(num_nodes=2927963, x=[2927963, 128], node_year=[2927963, 1], adj_t=[2927963, 2927963, nnz=60703760], edge_index=[2, 60703760]), Data(num_nodes=212730, x=[212730, 128], node_year=[212730, 1], adj_t=[2927963, 2927963, nnz=60703760], edge_index=[2, 631648]))
2020 (Data(num_nodes=2927963, x=[2927963, 128], node_year=[2927963, 1], adj_t=[2927963, 2927963, nnz=60703760], edge_index=[2, 60703760]), Data(num_nodes=212730, x=[212730, 128], node_year=[212730, 1], adj_t=[2927963, 2927963, nnz=60703760], edge_index=[2, 631648]))
2018 (Data(num_nodes=2715233, x=[2715233, 128], node_year=[2715233, 1], adj_t=[2927963, 2927963, nnz=60703760], edge_index=[2, 52993186]), Data(num_nodes=104139, x=[104139, 128], node_year=[104139, 1], adj_t=[2927963, 2927963, nnz=60703760], edge_index=[2, 137272]))
2019 (Data(num_nodes=2715233, x=[2715233, 128], node_year=[2715233, 1], adj_t=[2927963, 2927963, nnz=60703760], edge_index=[2, 52993186]), Data(num_nodes=212730, x=[212730, 128], node_year=[212730, 1], adj_t=[2927963, 2927963, nnz=60703760], edge_index=[2, 631648]))
2020 (Data(num_nodes=2715233, x=[2715233, 128], node_year=[2715233, 1], adj_t=[2927963, 2927963, nnz=60703760], edge_index=[2, 52993186]), Data(num_nodes=212730, x=[212730, 128], node_year=[212730, 1], adj_t=[2927963, 2927963, nnz=60703760], edge_index=[2, 631648]))
2018 (Data(num_nodes=2715233, x=[2715233, 128], node_year=[2715233, 1], adj_t=[2927963, 2927963, nnz=60703760], edge_index=[2, 52993186]), Data(num_nodes=104139, x=[104139, 128], node_year=[104139, 1], adj_t=[2927963, 2927963, nnz=60703760], edge_index=[2, 137272]))
2019 (Data(num_nodes=2715233, x=[2715233, 128], node_year=[2715233, 1], adj_t=[2927963, 2927963, nnz=60703760], edge_index=[2, 52993186]), Data(num_nodes=212730, x=[212730, 128], node_year=[212730, 1], adj_t=[2927963, 2927963, nnz=60703760], edge_index=[2, 631648]))
2020 (Data(num_nodes=2715233, x=[2715233, 128], node_year=[2715233, 1], adj_t=[2927963, 2927963, nnz=60703760], edge_index=[2, 52993186]), Data(num_nodes=212730, x=[212730, 128], node_year=[212730, 1], adj_t=[2927963, 2927963, nnz=60703760], edge_index=[2, 631648]))
2018 (Data(num_nodes=2715233, x=[2715233, 128], node_year=[2715233, 1], adj_t=[2927963, 2927963, nnz=60703760], edge_index=[2, 52993186]), Data(num_nodes=104139, x=[104139, 128], node_year=[104139, 1], adj_t=[2927963, 2927963, nnz=60703760], edge_index=[2, 137272]))
2019 (Data(num_nodes=2715233, x=[2715233, 128], node_year=[2715233, 1], adj_t=[2927963, 2927963, nnz=60703760], edge_index=[2, 52993186]), Data(num_nodes=212730, x=[212730, 128], node_year=[212730, 1], adj_t=[2927963, 2927963, nnz=60703760], edge_index=[2, 631648]))
2020 (Data(num_nodes=2715233, x=[2715233, 128], node_year=[2715233, 1], adj_t=[2927963, 2927963, nnz=60703760], edge_index=[2, 52993186]), Data(num_nodes=212730, x=[212730, 128], node_year=[212730, 1], adj_t=[2927963, 2927963, nnz=60703760], edge_index=[2, 631648]))
2018 (Data(num_nodes=2715233, x=[2715233, 128], node_year=[2715233, 1], adj_t=[2927963, 2927963, nnz=60703760], edge_index=[2, 52993186]), Data(num_nodes=104139, x=[104139, 128], node_year=[104139, 1], adj_t=[2927963, 2927963, nnz=60703760], edge_index=[2, 137272]))
2019 (Data(num_nodes=2715233, x=[2715233, 128], node_year=[2715233, 1], adj_t=[2927963, 2927963, nnz=60703760], edge_index=[2, 52993186]), Data(num_nodes=212730, x=[212730, 128], node_year=[212730, 1], adj_t=[2927963, 2927963, nnz=60703760], edge_index=[2, 631648]))
2020 (Data(num_nodes=2715233, x=[2715233, 128], node_year=[2715233, 1], adj_t=[2927963, 2927963, nnz=60703760], edge_index=[2, 52993186]), Data(num_nodes=212730, x=[212730, 128], node_year=[212730, 1], adj_t=[2927963, 2927963, nnz=60703760], edge_index=[2, 631648]))
2018 (Data(num_nodes=2715233, x=[2715233, 128], node_year=[2715233, 1], adj_t=[2927963, 2927963, nnz=60703760], edge_index=[2, 52993186]), Data(num_nodes=104139, x=[104139, 128], node_year=[104139, 1], adj_t=[2927963, 2927963, nnz=60703760], edge_index=[2, 137272]))
2019 (Data(num_nodes=2715233, x=[2715233, 128], node_year=[2715233, 1], adj_t=[2927963, 2927963, nnz=60703760], edge_index=[2, 52993186]), Data(num_nodes=212730, x=[212730, 128], node_year=[212730, 1], adj_t=[2927963, 2927963, nnz=60703760], edge_index=[2, 631648]))
2020 (Data(num_nodes=2715233, x=[2715233, 128], node_year=[2715233, 1], adj_t=[2927963, 2927963, nnz=60703760], edge_index=[2, 52993186]), Data(num_nodes=212730, x=[212730, 128], node_year=[212730, 1], adj_t=[2927963, 2927963, nnz=60703760], edge_index=[2, 631648]))
2018 (Data(num_nodes=2715233, x=[2715233, 128], node_year=[2715233, 1], adj_t=[2927963, 2927963, nnz=60703760], edge_index=[2, 52993186]), Data(num_nodes=104139, x=[104139, 128], node_year=[104139, 1], adj_t=[2927963, 2927963, nnz=60703760], edge_index=[2, 137272]))
2019 (Data(num_nodes=2715233, x=[2715233, 128], node_year=[2715233, 1], adj_t=[2927963, 2927963, nnz=60703760], edge_index=[2, 52993186]), Data(num_nodes=212730, x=[212730, 128], node_year=[212730, 1], adj_t=[2927963, 2927963, nnz=60703760], edge_index=[2, 631648]))
2020 (Data(num_nodes=2715233, x=[2715233, 128], node_year=[2715233, 1], adj_t=[2927963, 2927963, nnz=60703760], edge_index=[2, 52993186]), Data(num_nodes=212730, x=[212730, 128], node_year=[212730, 1], adj_t=[2927963, 2927963, nnz=60703760], edge_index=[2, 631648]))
2018 (Data(num_nodes=2715233, x=[2715233, 128], node_year=[2715233, 1], adj_t=[2927963, 2927963, nnz=60703760], edge_index=[2, 52993186]), Data(num_nodes=104139, x=[104139, 128], node_year=[104139, 1], adj_t=[2927963, 2927963, nnz=60703760], edge_index=[2, 137272]))
2019 (Data(num_nodes=2715233, x=[2715233, 128], node_year=[2715233, 1], adj_t=[2927963, 2927963, nnz=60703760], edge_index=[2, 52993186]), Data(num_nodes=212730, x=[212730, 128], node_year=[212730, 1], adj_t=[2927963, 2927963, nnz=60703760], edge_index=[2, 631648]))
2020 (Data(num_nodes=2715233, x=[2715233, 128], node_year=[2715233, 1], adj_t=[2927963, 2927963, nnz=60703760], edge_index=[2, 52993186]), Data(num_nodes=212730, x=[212730, 128], node_year=[212730, 1], adj_t=[2927963, 2927963, nnz=60703760], edge_index=[2, 631648]))
2018 (Data(num_nodes=2715233, x=[2715233, 128], node_year=[2715233, 1], adj_t=[2927963, 2927963, nnz=60703760], edge_index=[2, 52993186]), Data(num_nodes=104139, x=[104139, 128], node_year=[104139, 1], adj_t=[2927963, 2927963, nnz=60703760], edge_index=[2, 137272]))
2019 (Data(num_nodes=2715233, x=[2715233, 128], node_year=[2715233, 1], adj_t=[2927963, 2927963, nnz=60703760], edge_index=[2, 52993186]), Data(num_nodes=212730, x=[212730, 128], node_year=[212730, 1], adj_t=[2927963, 2927963, nnz=60703760], edge_index=[2, 631648]))
2020 (Data(num_nodes=2715233, x=[2715233, 128], node_year=[2715233, 1], adj_t=[2927963, 2927963, nnz=60703760], edge_index=[2, 52993186]), Data(num_nodes=212730, x=[212730, 128], node_year=[212730, 1], adj_t=[2927963, 2927963, nnz=60703760], edge_index=[2, 631648]))
2018 (Data(num_nodes=2715233, x=[2715233, 128], node_year=[2715233, 1], adj_t=[2927963, 2927963, nnz=60703760], edge_index=[2, 52993186]), Data(num_nodes=104139, x=[104139, 128], node_year=[104139, 1], adj_t=[2927963, 2927963, nnz=60703760], edge_index=[2, 137272]))
2019 (Data(num_nodes=2715233, x=[2715233, 128], node_year=[2715233, 1], adj_t=[2927963, 2927963, nnz=60703760], edge_index=[2, 52993186]), Data(num_nodes=212730, x=[212730, 128], node_year=[212730, 1], adj_t=[2927963, 2927963, nnz=60703760], edge_index=[2, 631648]))
2020 (Data(num_nodes=2715233, x=[2715233, 128], node_year=[2715233, 1], adj_t=[2927963, 2927963, nnz=60703760], edge_index=[2, 52993186]), Data(num_nodes=212730, x=[212730, 128], node_year=[212730, 1], adj_t=[2927963, 2927963, nnz=60703760], edge_index=[2, 631648]))
2018 (Data(num_nodes=2715233, x=[2715233, 128], node_year=[2715233, 1], adj_t=[2927963, 2927963, nnz=60703760], edge_index=[2, 52993186]), Data(num_nodes=104139, x=[104139, 128], node_year=[104139, 1], adj_t=[2927963, 2927963, nnz=60703760], edge_index=[2, 137272]))
2019 (Data(num_nodes=2715233, x=[2715233, 128], node_year=[2715233, 1], adj_t=[2927963, 2927963, nnz=60703760], edge_index=[2, 52993186]), Data(num_nodes=212730, x=[212730, 128], node_year=[212730, 1], adj_t=[2927963, 2927963, nnz=60703760], edge_index=[2, 631648]))
2020 (Data(num_nodes=2715233, x=[2715233, 128], node_year=[2715233, 1], adj_t=[2927963, 2927963, nnz=60703760], edge_index=[2, 52993186]), Data(num_nodes=212730, x=[212730, 128], node_year=[212730, 1], adj_t=[2927963, 2927963, nnz=60703760], edge_index=[2, 631648]))
2018 (Data(num_nodes=2715233, x=[2715233, 128], node_year=[2715233, 1], adj_t=[2927963, 2927963, nnz=60703760], edge_index=[2, 52993186]), Data(num_nodes=104139, x=[104139, 128], node_year=[104139, 1], adj_t=[2927963, 2927963, nnz=60703760], edge_index=[2, 137272]))
2019 (Data(num_nodes=2715233, x=[2715233, 128], node_year=[2715233, 1], adj_t=[2927963, 2927963, nnz=60703760], edge_index=[2, 52993186]), Data(num_nodes=212730, x=[212730, 128], node_year=[212730, 1], adj_t=[2927963, 2927963, nnz=60703760], edge_index=[2, 631648]))
2020 (Data(num_nodes=2715233, x=[2715233, 128], node_year=[2715233, 1], adj_t=[2927963, 2927963, nnz=60703760], edge_index=[2, 52993186]), Data(num_nodes=212730, x=[212730, 128], node_year=[212730, 1], adj_t=[2927963, 2927963, nnz=60703760], edge_index=[2, 631648]))
2018 (Data(num_nodes=2715233, x=[2715233, 128], node_year=[2715233, 1], adj_t=[2927963, 2927963, nnz=60703760], edge_index=[2, 52993186]), Data(num_nodes=104139, x=[104139, 128], node_year=[104139, 1], adj_t=[2927963, 2927963, nnz=60703760], edge_index=[2, 137272]))
2019 (Data(num_nodes=2715233, x=[2715233, 128], node_year=[2715233, 1], adj_t=[2927963, 2927963, nnz=60703760], edge_index=[2, 52993186]), Data(num_nodes=212730, x=[212730, 128], node_year=[212730, 1], adj_t=[2927963, 2927963, nnz=60703760], edge_index=[2, 631648]))
2020 (Data(num_nodes=2715233, x=[2715233, 128], node_year=[2715233, 1], adj_t=[2927963, 2927963, nnz=60703760], edge_index=[2, 52993186]), Data(num_nodes=212730, x=[212730, 128], node_year=[212730, 1], adj_t=[2927963, 2927963, nnz=60703760], edge_index=[2, 631648]))
2018 (Data(num_nodes=2715233, x=[2715233, 128], node_year=[2715233, 1], adj_t=[2927963, 2927963, nnz=60703760], edge_index=[2, 52993186]), Data(num_nodes=104139, x=[104139, 128], node_year=[104139, 1], adj_t=[2927963, 2927963, nnz=60703760], edge_index=[2, 137272]))
2019 (Data(num_nodes=2715233, x=[2715233, 128], node_year=[2715233, 1], adj_t=[2927963, 2927963, nnz=60703760], edge_index=[2, 52993186]), Data(num_nodes=212730, x=[212730, 128], node_year=[212730, 1], adj_t=[2927963, 2927963, nnz=60703760], edge_index=[2, 631648]))
2020 (Data(num_nodes=2715233, x=[2715233, 128], node_year=[2715233, 1], adj_t=[2927963, 2927963, nnz=60703760], edge_index=[2, 52993186]), Data(num_nodes=212730, x=[212730, 128], node_year=[212730, 1], adj_t=[2927963, 2927963, nnz=60703760], edge_index=[2, 631648]))
2018 (Data(num_nodes=2715233, x=[2715233, 128], node_year=[2715233, 1], adj_t=[2927963, 2927963, nnz=60703760], edge_index=[2, 52993186]), Data(num_nodes=104139, x=[104139, 128], node_year=[104139, 1], adj_t=[2927963, 2927963, nnz=60703760], edge_index=[2, 137272]))
2019 (Data(num_nodes=2715233, x=[2715233, 128], node_year=[2715233, 1], adj_t=[2927963, 2927963, nnz=60703760], edge_index=[2, 52993186]), Data(num_nodes=212730, x=[212730, 128], node_year=[212730, 1], adj_t=[2927963, 2927963, nnz=60703760], edge_index=[2, 631648]))
2020 (Data(num_nodes=2715233, x=[2715233, 128], node_year=[2715233, 1], adj_t=[2927963, 2927963, nnz=60703760], edge_index=[2, 52993186]), Data(num_nodes=212730, x=[212730, 128], node_year=[212730, 1], adj_t=[2927963, 2927963, nnz=60703760], edge_index=[2, 631648]))
2018 (Data(num_nodes=2715233, x=[2715233, 128], node_year=[2715233, 1], adj_t=[2927963, 2927963, nnz=60703760], edge_index=[2, 52993186]), Data(num_nodes=104139, x=[104139, 128], node_year=[104139, 1], adj_t=[2927963, 2927963, nnz=60703760], edge_index=[2, 137272]))
2019 (Data(num_nodes=2715233, x=[2715233, 128], node_year=[2715233, 1], adj_t=[2927963, 2927963, nnz=60703760], edge_index=[2, 52993186]), Data(num_nodes=212730, x=[212730, 128], node_year=[212730, 1], adj_t=[2927963, 2927963, nnz=60703760], edge_index=[2, 631648]))
2020 (Data(num_nodes=2715233, x=[2715233, 128], node_year=[2715233, 1], adj_t=[2927963, 2927963, nnz=60703760], edge_index=[2, 52993186]), Data(num_nodes=212730, x=[212730, 128], node_year=[212730, 1], adj_t=[2927963, 2927963, nnz=60703760], edge_index=[2, 631648]))
2018 (Data(num_nodes=2715233, x=[2715233, 128], node_year=[2715233, 1], adj_t=[2927963, 2927963, nnz=60703760], edge_index=[2, 52993186]), Data(num_nodes=104139, x=[104139, 128], node_year=[104139, 1], adj_t=[2927963, 2927963, nnz=60703760], edge_index=[2, 137272]))
2019 (Data(num_nodes=2715233, x=[2715233, 128], node_year=[2715233, 1], adj_t=[2927963, 2927963, nnz=60703760], edge_index=[2, 52993186]), Data(num_nodes=212730, x=[212730, 128], node_year=[212730, 1], adj_t=[2927963, 2927963, nnz=60703760], edge_index=[2, 631648]))
2020 (Data(num_nodes=2715233, x=[2715233, 128], node_year=[2715233, 1], adj_t=[2927963, 2927963, nnz=60703760], edge_index=[2, 52993186]), Data(num_nodes=212730, x=[212730, 128], node_year=[212730, 1], adj_t=[2927963, 2927963, nnz=60703760], edge_index=[2, 631648]))
2018 (Data(num_nodes=2715233, x=[2715233, 128], node_year=[2715233, 1], adj_t=[2927963, 2927963, nnz=60703760], edge_index=[2, 52993186]), Data(num_nodes=104139, x=[104139, 128], node_year=[104139, 1], adj_t=[2927963, 2927963, nnz=60703760], edge_index=[2, 137272]))
2019 (Data(num_nodes=2715233, x=[2715233, 128], node_year=[2715233, 1], adj_t=[2927963, 2927963, nnz=60703760], edge_index=[2, 52993186]), Data(num_nodes=212730, x=[212730, 128], node_year=[212730, 1], adj_t=[2927963, 2927963, nnz=60703760], edge_index=[2, 631648]))
2020 (Data(num_nodes=2715233, x=[2715233, 128], node_year=[2715233, 1], adj_t=[2927963, 2927963, nnz=60703760], edge_index=[2, 52993186]), Data(num_nodes=212730, x=[212730, 128], node_year=[212730, 1], adj_t=[2927963, 2927963, nnz=60703760], edge_index=[2, 631648]))
2018 (Data(num_nodes=2715233, x=[2715233, 128], node_year=[2715233, 1], adj_t=[2927963, 2927963, nnz=60703760], edge_index=[2, 52993186]), Data(num_nodes=104139, x=[104139, 128], node_year=[104139, 1], adj_t=[2927963, 2927963, nnz=60703760], edge_index=[2, 137272]))
2019 (Data(num_nodes=2715233, x=[2715233, 128], node_year=[2715233, 1], adj_t=[2927963, 2927963, nnz=60703760], edge_index=[2, 52993186]), Data(num_nodes=212730, x=[212730, 128], node_year=[212730, 1], adj_t=[2927963, 2927963, nnz=60703760], edge_index=[2, 631648]))
2020 (Data(num_nodes=2715233, x=[2715233, 128], node_year=[2715233, 1], adj_t=[2927963, 2927963, nnz=60703760], edge_index=[2, 52993186]), Data(num_nodes=212730, x=[212730, 128], node_year=[212730, 1], adj_t=[2927963, 2927963, nnz=60703760], edge_index=[2, 631648]))
2018 (Data(num_nodes=2715233, x=[2715233, 128], node_year=[2715233, 1], adj_t=[2927963, 2927963, nnz=60703760], edge_index=[2, 52993186]), Data(num_nodes=104139, x=[104139, 128], node_year=[104139, 1], adj_t=[2927963, 2927963, nnz=60703760], edge_index=[2, 137272]))
2019 (Data(num_nodes=2715233, x=[2715233, 128], node_year=[2715233, 1], adj_t=[2927963, 2927963, nnz=60703760], edge_index=[2, 52993186]), Data(num_nodes=212730, x=[212730, 128], node_year=[212730, 1], adj_t=[2927963, 2927963, nnz=60703760], edge_index=[2, 631648]))
2020 (Data(num_nodes=2715233, x=[2715233, 128], node_year=[2715233, 1], adj_t=[2927963, 2927963, nnz=60703760], edge_index=[2, 52993186]), Data(num_nodes=212730, x=[212730, 128], node_year=[212730, 1], adj_t=[2927963, 2927963, nnz=60703760], edge_index=[2, 631648]))
2018 (Data(num_nodes=2715233, x=[2715233, 128], node_year=[2715233, 1], adj_t=[2927963, 2927963, nnz=60703760], edge_index=[2, 52993186]), Data(num_nodes=104139, x=[104139, 128], node_year=[104139, 1], adj_t=[2927963, 2927963, nnz=60703760], edge_index=[2, 137272]))
2019 (Data(num_nodes=2715233, x=[2715233, 128], node_year=[2715233, 1], adj_t=[2927963, 2927963, nnz=60703760], edge_index=[2, 52993186]), Data(num_nodes=212730, x=[212730, 128], node_year=[212730, 1], adj_t=[2927963, 2927963, nnz=60703760], edge_index=[2, 631648]))
2020 (Data(num_nodes=2715233, x=[2715233, 128], node_year=[2715233, 1], adj_t=[2927963, 2927963, nnz=60703760], edge_index=[2, 52993186]), Data(num_nodes=212730, x=[212730, 128], node_year=[212730, 1], adj_t=[2927963, 2927963, nnz=60703760], edge_index=[2, 631648]))
2018 (Data(num_nodes=2715233, x=[2715233, 128], node_year=[2715233, 1], adj_t=[2927963, 2927963, nnz=60703760], edge_index=[2, 52993186]), Data(num_nodes=104139, x=[104139, 128], node_year=[104139, 1], adj_t=[2927963, 2927963, nnz=60703760], edge_index=[2, 137272]))
2019 (Data(num_nodes=2715233, x=[2715233, 128], node_year=[2715233, 1], adj_t=[2927963, 2927963, nnz=60703760], edge_index=[2, 52993186]), Data(num_nodes=212730, x=[212730, 128], node_year=[212730, 1], adj_t=[2927963, 2927963, nnz=60703760], edge_index=[2, 631648]))
2020 (Data(num_nodes=2715233, x=[2715233, 128], node_year=[2715233, 1], adj_t=[2927963, 2927963, nnz=60703760], edge_index=[2, 52993186]), Data(num_nodes=212730, x=[212730, 128], node_year=[212730, 1], adj_t=[2927963, 2927963, nnz=60703760], edge_index=[2, 631648]))
2018 (Data(num_nodes=2715233, x=[2715233, 128], node_year=[2715233, 1], adj_t=[2927963, 2927963, nnz=60703760], edge_index=[2, 52993186]), Data(num_nodes=104139, x=[104139, 128], node_year=[104139, 1], adj_t=[2927963, 2927963, nnz=60703760], edge_index=[2, 137272]))
2019 (Data(num_nodes=2715233, x=[2715233, 128], node_year=[2715233, 1], adj_t=[2927963, 2927963, nnz=60703760], edge_index=[2, 52993186]), Data(num_nodes=212730, x=[212730, 128], node_year=[212730, 1], adj_t=[2927963, 2927963, nnz=60703760], edge_index=[2, 631648]))
2020 (Data(num_nodes=2715233, x=[2715233, 128], node_year=[2715233, 1], adj_t=[2927963, 2927963, nnz=60703760], edge_index=[2, 52993186]), Data(num_nodes=212730, x=[212730, 128], node_year=[212730, 1], adj_t=[2927963, 2927963, nnz=60703760], edge_index=[2, 631648]))
2018 (Data(num_nodes=2715233, x=[2715233, 128], node_year=[2715233, 1], adj_t=[2927963, 2927963, nnz=60703760], edge_index=[2, 52993186]), Data(num_nodes=104139, x=[104139, 128], node_year=[104139, 1], adj_t=[2927963, 2927963, nnz=60703760], edge_index=[2, 137272]))
2019 (Data(num_nodes=2715233, x=[2715233, 128], node_year=[2715233, 1], adj_t=[2927963, 2927963, nnz=60703760], edge_index=[2, 52993186]), Data(num_nodes=212730, x=[212730, 128], node_year=[212730, 1], adj_t=[2927963, 2927963, nnz=60703760], edge_index=[2, 631648]))
2020 (Data(num_nodes=2715233, x=[2715233, 128], node_year=[2715233, 1], adj_t=[2927963, 2927963, nnz=60703760], edge_index=[2, 52993186]), Data(num_nodes=212730, x=[212730, 128], node_year=[212730, 1], adj_t=[2927963, 2927963, nnz=60703760], edge_index=[2, 631648]))
2018 (Data(num_nodes=2715233, x=[2715233, 128], node_year=[2715233, 1], adj_t=[2927963, 2927963, nnz=60703760], edge_index=[2, 52993186]), Data(num_nodes=104139, x=[104139, 128], node_year=[104139, 1], adj_t=[2927963, 2927963, nnz=60703760], edge_index=[2, 137272]))
2019 (Data(num_nodes=2715233, x=[2715233, 128], node_year=[2715233, 1], adj_t=[2927963, 2927963, nnz=60703760], edge_index=[2, 52993186]), Data(num_nodes=212730, x=[212730, 128], node_year=[212730, 1], adj_t=[2927963, 2927963, nnz=60703760], edge_index=[2, 631648]))
2020 (Data(num_nodes=2715233, x=[2715233, 128], node_year=[2715233, 1], adj_t=[2927963, 2927963, nnz=60703760], edge_index=[2, 52993186]), Data(num_nodes=212730, x=[212730, 128], node_year=[212730, 1], adj_t=[2927963, 2927963, nnz=60703760], edge_index=[2, 631648]))
2018 (Data(num_nodes=2715233, x=[2715233, 128], node_year=[2715233, 1], adj_t=[2927963, 2927963, nnz=60703760], edge_index=[2, 52993186]), Data(num_nodes=104139, x=[104139, 128], node_year=[104139, 1], adj_t=[2927963, 2927963, nnz=60703760], edge_index=[2, 137272]))
2019 (Data(num_nodes=2715233, x=[2715233, 128], node_year=[2715233, 1], adj_t=[2927963, 2927963, nnz=60703760], edge_index=[2, 52993186]), Data(num_nodes=212730, x=[212730, 128], node_year=[212730, 1], adj_t=[2927963, 2927963, nnz=60703760], edge_index=[2, 631648]))
2020 (Data(num_nodes=2715233, x=[2715233, 128], node_year=[2715233, 1], adj_t=[2927963, 2927963, nnz=60703760], edge_index=[2, 52993186]), Data(num_nodes=212730, x=[212730, 128], node_year=[212730, 1], adj_t=[2927963, 2927963, nnz=60703760], edge_index=[2, 631648]))
2018 (Data(num_nodes=2715233, x=[2715233, 128], node_year=[2715233, 1], adj_t=[2927963, 2927963, nnz=60703760], edge_index=[2, 52993186]), Data(num_nodes=104139, x=[104139, 128], node_year=[104139, 1], adj_t=[2927963, 2927963, nnz=60703760], edge_index=[2, 137272]))
2019 (Data(num_nodes=2715233, x=[2715233, 128], node_year=[2715233, 1], adj_t=[2927963, 2927963, nnz=60703760], edge_index=[2, 52993186]), Data(num_nodes=212730, x=[212730, 128], node_year=[212730, 1], adj_t=[2927963, 2927963, nnz=60703760], edge_index=[2, 631648]))
2020 (Data(num_nodes=2715233, x=[2715233, 128], node_year=[2715233, 1], adj_t=[2927963, 2927963, nnz=60703760], edge_index=[2, 52993186]), Data(num_nodes=212730, x=[212730, 128], node_year=[212730, 1], adj_t=[2927963, 2927963, nnz=60703760], edge_index=[2, 631648]))
2018 (Data(num_nodes=2715233, x=[2715233, 128], node_year=[2715233, 1], adj_t=[2927963, 2927963, nnz=60703760], edge_index=[2, 52993186]), Data(num_nodes=104139, x=[104139, 128], node_year=[104139, 1], adj_t=[2927963, 2927963, nnz=60703760], edge_index=[2, 137272]))
2019 (Data(num_nodes=2715233, x=[2715233, 128], node_year=[2715233, 1], adj_t=[2927963, 2927963, nnz=60703760], edge_index=[2, 52993186]), Data(num_nodes=212730, x=[212730, 128], node_year=[212730, 1], adj_t=[2927963, 2927963, nnz=60703760], edge_index=[2, 631648]))
2020 (Data(num_nodes=2715233, x=[2715233, 128], node_year=[2715233, 1], adj_t=[2927963, 2927963, nnz=60703760], edge_index=[2, 52993186]), Data(num_nodes=212730, x=[212730, 128], node_year=[212730, 1], adj_t=[2927963, 2927963, nnz=60703760], edge_index=[2, 631648]))
2018 (Data(num_nodes=2715233, x=[2715233, 128], node_year=[2715233, 1], adj_t=[2927963, 2927963, nnz=60703760], edge_index=[2, 52993186]), Data(num_nodes=104139, x=[104139, 128], node_year=[104139, 1], adj_t=[2927963, 2927963, nnz=60703760], edge_index=[2, 137272]))
2019 (Data(num_nodes=2715233, x=[2715233, 128], node_year=[2715233, 1], adj_t=[2927963, 2927963, nnz=60703760], edge_index=[2, 52993186]), Data(num_nodes=212730, x=[212730, 128], node_year=[212730, 1], adj_t=[2927963, 2927963, nnz=60703760], edge_index=[2, 631648]))
2020 (Data(num_nodes=2715233, x=[2715233, 128], node_year=[2715233, 1], adj_t=[2927963, 2927963, nnz=60703760], edge_index=[2, 52993186]), Data(num_nodes=212730, x=[212730, 128], node_year=[212730, 1], adj_t=[2927963, 2927963, nnz=60703760], edge_index=[2, 631648]))
2018 (Data(num_nodes=2715233, x=[2715233, 128], node_year=[2715233, 1], adj_t=[2927963, 2927963, nnz=60703760], edge_index=[2, 52993186]), Data(num_nodes=104139, x=[104139, 128], node_year=[104139, 1], adj_t=[2927963, 2927963, nnz=60703760], edge_index=[2, 137272]))
2019 (Data(num_nodes=2715233, x=[2715233, 128], node_year=[2715233, 1], adj_t=[2927963, 2927963, nnz=60703760], edge_index=[2, 52993186]), Data(num_nodes=212730, x=[212730, 128], node_year=[212730, 1], adj_t=[2927963, 2927963, nnz=60703760], edge_index=[2, 631648]))
2020 (Data(num_nodes=2715233, x=[2715233, 128], node_year=[2715233, 1], adj_t=[2927963, 2927963, nnz=60703760], edge_index=[2, 52993186]), Data(num_nodes=212730, x=[212730, 128], node_year=[212730, 1], adj_t=[2927963, 2927963, nnz=60703760], edge_index=[2, 631648]))
2018 (Data(num_nodes=2715233, x=[2715233, 128], node_year=[2715233, 1], adj_t=[2927963, 2927963, nnz=60703760], edge_index=[2, 52993186]), Data(num_nodes=104139, x=[104139, 128], node_year=[104139, 1], adj_t=[2927963, 2927963, nnz=60703760], edge_index=[2, 137272]))
2019 (Data(num_nodes=2715233, x=[2715233, 128], node_year=[2715233, 1], adj_t=[2927963, 2927963, nnz=60703760], edge_index=[2, 52993186]), Data(num_nodes=212730, x=[212730, 128], node_year=[212730, 1], adj_t=[2927963, 2927963, nnz=60703760], edge_index=[2, 631648]))
2020 (Data(num_nodes=2715233, x=[2715233, 128], node_year=[2715233, 1], adj_t=[2927963, 2927963, nnz=60703760], edge_index=[2, 52993186]), Data(num_nodes=212730, x=[212730, 128], node_year=[212730, 1], adj_t=[2927963, 2927963, nnz=60703760], edge_index=[2, 631648]))
2018 (Data(num_nodes=2715233, x=[2715233, 128], node_year=[2715233, 1], adj_t=[2927963, 2927963, nnz=60703760], edge_index=[2, 52993186]), Data(num_nodes=104139, x=[104139, 128], node_year=[104139, 1], adj_t=[2927963, 2927963, nnz=60703760], edge_index=[2, 137272]))
2019 (Data(num_nodes=2715233, x=[2715233, 128], node_year=[2715233, 1], adj_t=[2927963, 2927963, nnz=60703760], edge_index=[2, 52993186]), Data(num_nodes=212730, x=[212730, 128], node_year=[212730, 1], adj_t=[2927963, 2927963, nnz=60703760], edge_index=[2, 631648]))
2020 (Data(num_nodes=2715233, x=[2715233, 128], node_year=[2715233, 1], adj_t=[2927963, 2927963, nnz=60703760], edge_index=[2, 52993186]), Data(num_nodes=212730, x=[212730, 128], node_year=[212730, 1], adj_t=[2927963, 2927963, nnz=60703760], edge_index=[2, 631648]))
2018 (Data(num_nodes=2715233, x=[2715233, 128], node_year=[2715233, 1], adj_t=[2927963, 2927963, nnz=60703760], edge_index=[2, 52993186]), Data(num_nodes=104139, x=[104139, 128], node_year=[104139, 1], adj_t=[2927963, 2927963, nnz=60703760], edge_index=[2, 137272]))
2019 (Data(num_nodes=2715233, x=[2715233, 128], node_year=[2715233, 1], adj_t=[2927963, 2927963, nnz=60703760], edge_index=[2, 52993186]), Data(num_nodes=212730, x=[212730, 128], node_year=[212730, 1], adj_t=[2927963, 2927963, nnz=60703760], edge_index=[2, 631648]))
2020 (Data(num_nodes=2715233, x=[2715233, 128], node_year=[2715233, 1], adj_t=[2927963, 2927963, nnz=60703760], edge_index=[2, 52993186]), Data(num_nodes=212730, x=[212730, 128], node_year=[212730, 1], adj_t=[2927963, 2927963, nnz=60703760], edge_index=[2, 631648]))
2018 (Data(num_nodes=2715233, x=[2715233, 128], node_year=[2715233, 1], adj_t=[2927963, 2927963, nnz=60703760], edge_index=[2, 52993186]), Data(num_nodes=104139, x=[104139, 128], node_year=[104139, 1], adj_t=[2927963, 2927963, nnz=60703760], edge_index=[2, 137272]))
2019 (Data(num_nodes=2715233, x=[2715233, 128], node_year=[2715233, 1], adj_t=[2927963, 2927963, nnz=60703760], edge_index=[2, 52993186]), Data(num_nodes=212730, x=[212730, 128], node_year=[212730, 1], adj_t=[2927963, 2927963, nnz=60703760], edge_index=[2, 631648]))
2020 (Data(num_nodes=2715233, x=[2715233, 128], node_year=[2715233, 1], adj_t=[2927963, 2927963, nnz=60703760], edge_index=[2, 52993186]), Data(num_nodes=212730, x=[212730, 128], node_year=[212730, 1], adj_t=[2927963, 2927963, nnz=60703760], edge_index=[2, 631648]))
2018 (Data(num_nodes=2715233, x=[2715233, 128], node_year=[2715233, 1], adj_t=[2927963, 2927963, nnz=60703760], edge_index=[2, 52993186]), Data(num_nodes=104139, x=[104139, 128], node_year=[104139, 1], adj_t=[2927963, 2927963, nnz=60703760], edge_index=[2, 137272]))
2019 (Data(num_nodes=2715233, x=[2715233, 128], node_year=[2715233, 1], adj_t=[2927963, 2927963, nnz=60703760], edge_index=[2, 52993186]), Data(num_nodes=212730, x=[212730, 128], node_year=[212730, 1], adj_t=[2927963, 2927963, nnz=60703760], edge_index=[2, 631648]))
2020 (Data(num_nodes=2715233, x=[2715233, 128], node_year=[2715233, 1], adj_t=[2927963, 2927963, nnz=60703760], edge_index=[2, 52993186]), Data(num_nodes=212730, x=[212730, 128], node_year=[212730, 1], adj_t=[2927963, 2927963, nnz=60703760], edge_index=[2, 631648]))
2018 (Data(num_nodes=2715233, x=[2715233, 128], node_year=[2715233, 1], adj_t=[2927963, 2927963, nnz=60703760], edge_index=[2, 52993186]), Data(num_nodes=104139, x=[104139, 128], node_year=[104139, 1], adj_t=[2927963, 2927963, nnz=60703760], edge_index=[2, 137272]))
2019 (Data(num_nodes=2715233, x=[2715233, 128], node_year=[2715233, 1], adj_t=[2927963, 2927963, nnz=60703760], edge_index=[2, 52993186]), Data(num_nodes=212730, x=[212730, 128], node_year=[212730, 1], adj_t=[2927963, 2927963, nnz=60703760], edge_index=[2, 631648]))
2020 (Data(num_nodes=2715233, x=[2715233, 128], node_year=[2715233, 1], adj_t=[2927963, 2927963, nnz=60703760], edge_index=[2, 52993186]), Data(num_nodes=212730, x=[212730, 128], node_year=[212730, 1], adj_t=[2927963, 2927963, nnz=60703760], edge_index=[2, 631648]))
2018 (Data(num_nodes=2715233, x=[2715233, 128], node_year=[2715233, 1], adj_t=[2927963, 2927963, nnz=60703760], edge_index=[2, 52993186]), Data(num_nodes=104139, x=[104139, 128], node_year=[104139, 1], adj_t=[2927963, 2927963, nnz=60703760], edge_index=[2, 137272]))
2019 (Data(num_nodes=2715233, x=[2715233, 128], node_year=[2715233, 1], adj_t=[2927963, 2927963, nnz=60703760], edge_index=[2, 52993186]), Data(num_nodes=212730, x=[212730, 128], node_year=[212730, 1], adj_t=[2927963, 2927963, nnz=60703760], edge_index=[2, 631648]))
2020 (Data(num_nodes=2715233, x=[2715233, 128], node_year=[2715233, 1], adj_t=[2927963, 2927963, nnz=60703760], edge_index=[2, 52993186]), Data(num_nodes=212730, x=[212730, 128], node_year=[212730, 1], adj_t=[2927963, 2927963, nnz=60703760], edge_index=[2, 631648]))
2018 (Data(num_nodes=2715233, x=[2715233, 128], node_year=[2715233, 1], adj_t=[2927963, 2927963, nnz=60703760], edge_index=[2, 52993186]), Data(num_nodes=104139, x=[104139, 128], node_year=[104139, 1], adj_t=[2927963, 2927963, nnz=60703760], edge_index=[2, 137272]))
2019 (Data(num_nodes=2715233, x=[2715233, 128], node_year=[2715233, 1], adj_t=[2927963, 2927963, nnz=60703760], edge_index=[2, 52993186]), Data(num_nodes=212730, x=[212730, 128], node_year=[212730, 1], adj_t=[2927963, 2927963, nnz=60703760], edge_index=[2, 631648]))
2020 (Data(num_nodes=2715233, x=[2715233, 128], node_year=[2715233, 1], adj_t=[2927963, 2927963, nnz=60703760], edge_index=[2, 52993186]), Data(num_nodes=212730, x=[212730, 128], node_year=[212730, 1], adj_t=[2927963, 2927963, nnz=60703760], edge_index=[2, 631648]))
2018 (Data(num_nodes=2715233, x=[2715233, 128], node_year=[2715233, 1], adj_t=[2927963, 2927963, nnz=60703760], edge_index=[2, 52993186]), Data(num_nodes=104139, x=[104139, 128], node_year=[104139, 1], adj_t=[2927963, 2927963, nnz=60703760], edge_index=[2, 137272]))
2019 (Data(num_nodes=2715233, x=[2715233, 128], node_year=[2715233, 1], adj_t=[2927963, 2927963, nnz=60703760], edge_index=[2, 52993186]), Data(num_nodes=212730, x=[212730, 128], node_year=[212730, 1], adj_t=[2927963, 2927963, nnz=60703760], edge_index=[2, 631648]))
2020 (Data(num_nodes=2715233, x=[2715233, 128], node_year=[2715233, 1], adj_t=[2927963, 2927963, nnz=60703760], edge_index=[2, 52993186]), Data(num_nodes=212730, x=[212730, 128], node_year=[212730, 1], adj_t=[2927963, 2927963, nnz=60703760], edge_index=[2, 631648]))
2018 (Data(num_nodes=2715233, x=[2715233, 128], node_year=[2715233, 1], adj_t=[2927963, 2927963, nnz=60703760], edge_index=[2, 52993186]), Data(num_nodes=104139, x=[104139, 128], node_year=[104139, 1], adj_t=[2927963, 2927963, nnz=60703760], edge_index=[2, 137272]))
2019 (Data(num_nodes=2715233, x=[2715233, 128], node_year=[2715233, 1], adj_t=[2927963, 2927963, nnz=60703760], edge_index=[2, 52993186]), Data(num_nodes=212730, x=[212730, 128], node_year=[212730, 1], adj_t=[2927963, 2927963, nnz=60703760], edge_index=[2, 631648]))
2020 (Data(num_nodes=2715233, x=[2715233, 128], node_year=[2715233, 1], adj_t=[2927963, 2927963, nnz=60703760], edge_index=[2, 52993186]), Data(num_nodes=212730, x=[212730, 128], node_year=[212730, 1], adj_t=[2927963, 2927963, nnz=60703760], edge_index=[2, 631648]))
2018 (Data(num_nodes=2715233, x=[2715233, 128], node_year=[2715233, 1], adj_t=[2927963, 2927963, nnz=60703760], edge_index=[2, 52993186]), Data(num_nodes=104139, x=[104139, 128], node_year=[104139, 1], adj_t=[2927963, 2927963, nnz=60703760], edge_index=[2, 137272]))
2019 (Data(num_nodes=2715233, x=[2715233, 128], node_year=[2715233, 1], adj_t=[2927963, 2927963, nnz=60703760], edge_index=[2, 52993186]), Data(num_nodes=212730, x=[212730, 128], node_year=[212730, 1], adj_t=[2927963, 2927963, nnz=60703760], edge_index=[2, 631648]))
2020 (Data(num_nodes=2715233, x=[2715233, 128], node_year=[2715233, 1], adj_t=[2927963, 2927963, nnz=60703760], edge_index=[2, 52993186]), Data(num_nodes=212730, x=[212730, 128], node_year=[212730, 1], adj_t=[2927963, 2927963, nnz=60703760], edge_index=[2, 631648]))
