2017 Data(x=[629571, 128], edge_index=[2, 3879968], y=[629571, 1], num_nodes=629571, node_year=[629571, 1])
2018 Data(x=[694450, 128], edge_index=[2, 4727488], y=[694450, 1], num_nodes=694450, node_year=[694450, 1])
2019 Data(x=[736389, 128], edge_index=[2, 5416271], y=[736389, 1], num_nodes=736389, node_year=[736389, 1])
torch.Size([615532]), torch.Size([14039])
Run: 01, Epoch: 01, Loss: 6.3102, Train: 1.99%, Valid: 2.09%, Test: 2.09%
Run: 01, Epoch: 02, Loss: 4.8776, Train: 2.32%, Valid: 2.74%, Test: 2.74%
Run: 01, Epoch: 03, Loss: 4.6102, Train: 7.18%, Valid: 6.80%, Test: 6.80%
Run: 01, Epoch: 04, Loss: 4.4329, Train: 7.64%, Valid: 8.48%, Test: 8.48%
Run: 01, Epoch: 05, Loss: 4.2764, Train: 8.56%, Valid: 11.06%, Test: 11.06%
Run: 01, Epoch: 06, Loss: 4.1382, Train: 13.03%, Valid: 12.59%, Test: 12.59%
Run: 01, Epoch: 07, Loss: 4.0367, Train: 13.31%, Valid: 12.54%, Test: 12.54%
Run: 01, Epoch: 08, Loss: 3.9398, Train: 13.77%, Valid: 12.28%, Test: 12.28%
Run: 01, Epoch: 09, Loss: 3.8600, Train: 14.25%, Valid: 12.84%, Test: 12.84%
Run: 01, Epoch: 10, Loss: 3.8010, Train: 15.42%, Valid: 13.60%, Test: 13.60%
Run: 01, Epoch: 11, Loss: 3.7365, Train: 16.55%, Valid: 14.57%, Test: 14.57%
Run: 01, Epoch: 12, Loss: 3.6738, Train: 17.74%, Valid: 15.62%, Test: 15.62%
Run: 01, Epoch: 13, Loss: 3.6269, Train: 18.70%, Valid: 16.25%, Test: 16.25%
Run: 01, Epoch: 14, Loss: 3.5868, Train: 19.10%, Valid: 16.39%, Test: 16.39%
Run: 01, Epoch: 15, Loss: 3.5470, Train: 19.46%, Valid: 16.75%, Test: 16.75%
Run: 01, Epoch: 16, Loss: 3.5148, Train: 20.14%, Valid: 17.37%, Test: 17.37%
Run: 01, Epoch: 17, Loss: 3.4873, Train: 20.96%, Valid: 18.04%, Test: 18.04%
Run: 01, Epoch: 18, Loss: 3.4580, Train: 21.86%, Valid: 18.91%, Test: 18.91%
Run: 01, Epoch: 19, Loss: 3.4285, Train: 22.67%, Valid: 19.72%, Test: 19.72%
Run: 01, Epoch: 20, Loss: 3.4057, Train: 23.19%, Valid: 20.05%, Test: 20.05%
Run: 01, Epoch: 21, Loss: 3.3852, Train: 23.43%, Valid: 20.08%, Test: 20.08%
Run: 01, Epoch: 22, Loss: 3.3639, Train: 23.56%, Valid: 20.30%, Test: 20.30%
Run: 01, Epoch: 23, Loss: 3.3436, Train: 23.70%, Valid: 20.54%, Test: 20.54%
Run: 01, Epoch: 24, Loss: 3.3303, Train: 23.91%, Valid: 20.48%, Test: 20.48%
Run: 01, Epoch: 25, Loss: 3.3159, Train: 24.31%, Valid: 20.45%, Test: 20.45%
Run: 01, Epoch: 26, Loss: 3.3018, Train: 24.69%, Valid: 20.66%, Test: 20.66%
Run: 01, Epoch: 27, Loss: 3.2878, Train: 24.92%, Valid: 21.11%, Test: 21.11%
Run: 01, Epoch: 28, Loss: 3.2739, Train: 25.04%, Valid: 21.35%, Test: 21.35%
Run: 01, Epoch: 29, Loss: 3.2626, Train: 25.20%, Valid: 21.56%, Test: 21.56%
Run: 01, Epoch: 30, Loss: 3.2482, Train: 25.32%, Valid: 21.49%, Test: 21.49%
Run: 01, Epoch: 31, Loss: 3.2381, Train: 25.32%, Valid: 21.55%, Test: 21.55%
Run: 01, Epoch: 32, Loss: 3.2291, Train: 25.34%, Valid: 21.66%, Test: 21.66%
Run: 01, Epoch: 33, Loss: 3.2194, Train: 25.43%, Valid: 21.72%, Test: 21.72%
Run: 01, Epoch: 34, Loss: 3.2081, Train: 25.48%, Valid: 21.82%, Test: 21.82%
Run: 01, Epoch: 35, Loss: 3.1992, Train: 25.62%, Valid: 21.96%, Test: 21.96%
Run: 01, Epoch: 36, Loss: 3.1893, Train: 25.76%, Valid: 22.11%, Test: 22.11%
Run: 01, Epoch: 37, Loss: 3.1823, Train: 25.88%, Valid: 22.10%, Test: 22.10%
Run: 01, Epoch: 38, Loss: 3.1766, Train: 26.01%, Valid: 22.32%, Test: 22.32%
Run: 01, Epoch: 39, Loss: 3.1661, Train: 26.16%, Valid: 22.52%, Test: 22.52%
Run: 01, Epoch: 40, Loss: 3.1597, Train: 26.15%, Valid: 22.49%, Test: 22.49%
Run: 01, Epoch: 41, Loss: 3.1524, Train: 26.16%, Valid: 22.46%, Test: 22.46%
Run: 01, Epoch: 42, Loss: 3.1474, Train: 26.25%, Valid: 22.59%, Test: 22.59%
Run: 01, Epoch: 43, Loss: 3.1402, Train: 26.45%, Valid: 22.76%, Test: 22.76%
Run: 01, Epoch: 44, Loss: 3.1338, Train: 26.63%, Valid: 23.01%, Test: 23.01%
Run: 01, Epoch: 45, Loss: 3.1271, Train: 26.76%, Valid: 23.14%, Test: 23.14%
Run: 01, Epoch: 46, Loss: 3.1233, Train: 26.85%, Valid: 23.09%, Test: 23.09%
Run: 01, Epoch: 47, Loss: 3.1176, Train: 26.91%, Valid: 23.03%, Test: 23.03%
Run: 01, Epoch: 48, Loss: 3.1087, Train: 26.95%, Valid: 23.06%, Test: 23.06%
Run: 01, Epoch: 49, Loss: 3.1059, Train: 27.02%, Valid: 23.19%, Test: 23.19%
Run: 01, Epoch: 50, Loss: 3.1023, Train: 27.13%, Valid: 23.39%, Test: 23.39%
Run: 01, Epoch: 51, Loss: 3.0969, Train: 27.19%, Valid: 23.57%, Test: 23.57%
Run: 01, Epoch: 52, Loss: 3.0906, Train: 27.28%, Valid: 23.72%, Test: 23.72%
Run: 01, Epoch: 53, Loss: 3.0862, Train: 27.32%, Valid: 23.72%, Test: 23.72%
Run: 01, Epoch: 54, Loss: 3.0820, Train: 27.40%, Valid: 23.56%, Test: 23.56%
Run: 01, Epoch: 55, Loss: 3.0748, Train: 27.50%, Valid: 23.58%, Test: 23.58%
Run: 01, Epoch: 56, Loss: 3.0739, Train: 27.62%, Valid: 23.73%, Test: 23.73%
Run: 01, Epoch: 57, Loss: 3.0684, Train: 27.68%, Valid: 23.90%, Test: 23.90%
Run: 01, Epoch: 58, Loss: 3.0629, Train: 27.73%, Valid: 24.02%, Test: 24.02%
Run: 01, Epoch: 59, Loss: 3.0604, Train: 27.76%, Valid: 23.96%, Test: 23.96%
Run: 01, Epoch: 60, Loss: 3.0565, Train: 27.80%, Valid: 23.98%, Test: 23.98%
Run: 01, Epoch: 61, Loss: 3.0531, Train: 27.85%, Valid: 24.05%, Test: 24.05%
Run: 01, Epoch: 62, Loss: 3.0490, Train: 27.90%, Valid: 24.03%, Test: 24.03%
Run: 01, Epoch: 63, Loss: 3.0463, Train: 27.97%, Valid: 24.07%, Test: 24.07%
Run: 01, Epoch: 64, Loss: 3.0415, Train: 27.99%, Valid: 24.13%, Test: 24.13%
Run: 01, Epoch: 65, Loss: 3.0384, Train: 28.03%, Valid: 24.19%, Test: 24.19%
Run: 01, Epoch: 66, Loss: 3.0354, Train: 28.10%, Valid: 24.20%, Test: 24.20%
Run: 01, Epoch: 67, Loss: 3.0308, Train: 28.16%, Valid: 24.19%, Test: 24.19%
Run: 01, Epoch: 68, Loss: 3.0270, Train: 28.21%, Valid: 24.35%, Test: 24.35%
Run: 01, Epoch: 69, Loss: 3.0255, Train: 28.26%, Valid: 24.34%, Test: 24.34%
Run: 01, Epoch: 70, Loss: 3.0213, Train: 28.32%, Valid: 24.37%, Test: 24.37%
Run: 01, Epoch: 71, Loss: 3.0172, Train: 28.37%, Valid: 24.52%, Test: 24.52%
Run: 01, Epoch: 72, Loss: 3.0155, Train: 28.40%, Valid: 24.54%, Test: 24.54%
Run: 01, Epoch: 73, Loss: 3.0125, Train: 28.47%, Valid: 24.55%, Test: 24.55%
Run: 01, Epoch: 74, Loss: 3.0100, Train: 28.51%, Valid: 24.52%, Test: 24.52%
Run: 01, Epoch: 75, Loss: 3.0062, Train: 28.54%, Valid: 24.50%, Test: 24.50%
Run: 01, Epoch: 76, Loss: 3.0032, Train: 28.58%, Valid: 24.37%, Test: 24.37%
Run: 01, Epoch: 77, Loss: 3.0009, Train: 28.62%, Valid: 24.48%, Test: 24.48%
Run: 01, Epoch: 78, Loss: 2.9991, Train: 28.65%, Valid: 24.55%, Test: 24.55%
Run: 01, Epoch: 79, Loss: 2.9966, Train: 28.68%, Valid: 24.60%, Test: 24.60%
Run: 01, Epoch: 80, Loss: 2.9936, Train: 28.71%, Valid: 24.50%, Test: 24.50%
Run: 01, Epoch: 81, Loss: 2.9912, Train: 28.73%, Valid: 24.40%, Test: 24.40%
Run: 01, Epoch: 82, Loss: 2.9898, Train: 28.76%, Valid: 24.44%, Test: 24.44%
Run: 01, Epoch: 83, Loss: 2.9877, Train: 28.81%, Valid: 24.51%, Test: 24.51%
Run: 01, Epoch: 84, Loss: 2.9840, Train: 28.82%, Valid: 24.63%, Test: 24.63%
Run: 01, Epoch: 85, Loss: 2.9835, Train: 28.86%, Valid: 24.71%, Test: 24.71%
Run: 01, Epoch: 86, Loss: 2.9783, Train: 28.90%, Valid: 24.79%, Test: 24.79%
Run: 01, Epoch: 87, Loss: 2.9763, Train: 28.91%, Valid: 24.70%, Test: 24.70%
Run: 01, Epoch: 88, Loss: 2.9744, Train: 28.95%, Valid: 24.75%, Test: 24.75%
Run: 01, Epoch: 89, Loss: 2.9725, Train: 29.00%, Valid: 24.82%, Test: 24.82%
Run: 01, Epoch: 90, Loss: 2.9683, Train: 29.02%, Valid: 24.89%, Test: 24.89%
Run: 01, Epoch: 91, Loss: 2.9657, Train: 29.05%, Valid: 25.01%, Test: 25.01%
Run: 01, Epoch: 92, Loss: 2.9661, Train: 29.08%, Valid: 25.06%, Test: 25.06%
Run: 01, Epoch: 93, Loss: 2.9639, Train: 29.07%, Valid: 25.13%, Test: 25.13%
Run: 01, Epoch: 94, Loss: 2.9612, Train: 29.07%, Valid: 25.09%, Test: 25.09%
Run: 01, Epoch: 95, Loss: 2.9593, Train: 29.08%, Valid: 25.09%, Test: 25.09%
Run: 01, Epoch: 96, Loss: 2.9567, Train: 29.10%, Valid: 25.07%, Test: 25.07%
Run: 01, Epoch: 97, Loss: 2.9548, Train: 29.18%, Valid: 25.13%, Test: 25.13%
Run: 01, Epoch: 98, Loss: 2.9536, Train: 29.21%, Valid: 25.16%, Test: 25.16%
Run: 01, Epoch: 99, Loss: 2.9520, Train: 29.26%, Valid: 25.29%, Test: 25.29%
Run: 01, Epoch: 100, Loss: 2.9502, Train: 29.29%, Valid: 25.38%, Test: 25.38%
Run: 01, Epoch: 101, Loss: 2.9492, Train: 29.33%, Valid: 25.42%, Test: 25.42%
Run: 01, Epoch: 102, Loss: 2.9462, Train: 29.35%, Valid: 25.52%, Test: 25.52%
Run: 01, Epoch: 103, Loss: 2.9469, Train: 29.38%, Valid: 25.44%, Test: 25.44%
Run: 01, Epoch: 104, Loss: 2.9427, Train: 29.36%, Valid: 25.49%, Test: 25.49%
Run: 01, Epoch: 105, Loss: 2.9400, Train: 29.34%, Valid: 25.50%, Test: 25.50%
Run: 01, Epoch: 106, Loss: 2.9387, Train: 29.39%, Valid: 25.39%, Test: 25.39%
Run: 01, Epoch: 107, Loss: 2.9355, Train: 29.41%, Valid: 25.45%, Test: 25.45%
Run: 01, Epoch: 108, Loss: 2.9352, Train: 29.43%, Valid: 25.64%, Test: 25.64%
Run: 01, Epoch: 109, Loss: 2.9321, Train: 29.49%, Valid: 25.59%, Test: 25.59%
Run: 01, Epoch: 110, Loss: 2.9337, Train: 29.54%, Valid: 25.74%, Test: 25.74%
Run: 01, Epoch: 111, Loss: 2.9297, Train: 29.54%, Valid: 25.71%, Test: 25.71%
Run: 01, Epoch: 112, Loss: 2.9287, Train: 29.53%, Valid: 25.60%, Test: 25.60%
Run: 01, Epoch: 113, Loss: 2.9288, Train: 29.54%, Valid: 25.71%, Test: 25.71%
Run: 01, Epoch: 114, Loss: 2.9274, Train: 29.61%, Valid: 25.65%, Test: 25.65%
Run: 01, Epoch: 115, Loss: 2.9229, Train: 29.61%, Valid: 25.60%, Test: 25.60%
Run: 01, Epoch: 116, Loss: 2.9221, Train: 29.62%, Valid: 25.72%, Test: 25.72%
Run: 01, Epoch: 117, Loss: 2.9215, Train: 29.65%, Valid: 25.73%, Test: 25.73%
Run: 01, Epoch: 118, Loss: 2.9187, Train: 29.72%, Valid: 25.81%, Test: 25.81%
Run: 01, Epoch: 119, Loss: 2.9177, Train: 29.72%, Valid: 25.76%, Test: 25.76%
Run: 01, Epoch: 120, Loss: 2.9180, Train: 29.75%, Valid: 25.76%, Test: 25.76%
Run: 01, Epoch: 121, Loss: 2.9144, Train: 29.80%, Valid: 25.98%, Test: 25.98%
Run: 01, Epoch: 122, Loss: 2.9132, Train: 29.80%, Valid: 25.92%, Test: 25.92%
Run: 01, Epoch: 123, Loss: 2.9123, Train: 29.80%, Valid: 25.79%, Test: 25.79%
Run: 01, Epoch: 124, Loss: 2.9093, Train: 29.79%, Valid: 25.86%, Test: 25.86%
Run: 01, Epoch: 125, Loss: 2.9089, Train: 29.87%, Valid: 25.74%, Test: 25.74%
Run: 01, Epoch: 126, Loss: 2.9065, Train: 29.89%, Valid: 25.69%, Test: 25.69%
Run: 01, Epoch: 127, Loss: 2.9066, Train: 29.89%, Valid: 26.03%, Test: 26.03%
Run: 01, Epoch: 128, Loss: 2.9046, Train: 29.86%, Valid: 25.93%, Test: 25.93%
Run: 01, Epoch: 129, Loss: 2.9043, Train: 29.88%, Valid: 25.96%, Test: 25.96%
Run: 01, Epoch: 130, Loss: 2.9018, Train: 29.92%, Valid: 26.06%, Test: 26.06%
Run: 01, Epoch: 131, Loss: 2.8994, Train: 29.97%, Valid: 26.11%, Test: 26.11%
Run: 01, Epoch: 132, Loss: 2.8982, Train: 29.97%, Valid: 26.03%, Test: 26.03%
Run: 01, Epoch: 133, Loss: 2.8973, Train: 30.01%, Valid: 25.87%, Test: 25.87%
Run: 01, Epoch: 134, Loss: 2.8985, Train: 30.05%, Valid: 25.99%, Test: 25.99%
Run: 01, Epoch: 135, Loss: 2.8957, Train: 30.07%, Valid: 26.03%, Test: 26.03%
Run: 01, Epoch: 136, Loss: 2.8953, Train: 30.06%, Valid: 26.13%, Test: 26.13%
Run: 01, Epoch: 137, Loss: 2.8930, Train: 30.10%, Valid: 25.99%, Test: 25.99%
Run: 01, Epoch: 138, Loss: 2.8907, Train: 30.14%, Valid: 25.86%, Test: 25.86%
Run: 01, Epoch: 139, Loss: 2.8922, Train: 30.10%, Valid: 26.03%, Test: 26.03%
Run: 01, Epoch: 140, Loss: 2.8915, Train: 30.11%, Valid: 26.10%, Test: 26.10%
Run: 01, Epoch: 141, Loss: 2.8881, Train: 30.18%, Valid: 26.19%, Test: 26.19%
Run: 01, Epoch: 142, Loss: 2.8888, Train: 30.18%, Valid: 26.12%, Test: 26.12%
Run: 01, Epoch: 143, Loss: 2.8876, Train: 30.19%, Valid: 25.96%, Test: 25.96%
Run: 01, Epoch: 144, Loss: 2.8859, Train: 30.22%, Valid: 26.18%, Test: 26.18%
Run: 01, Epoch: 145, Loss: 2.8835, Train: 30.26%, Valid: 26.34%, Test: 26.34%
Run: 01, Epoch: 146, Loss: 2.8836, Train: 30.29%, Valid: 26.38%, Test: 26.38%
Run: 01, Epoch: 147, Loss: 2.8811, Train: 30.29%, Valid: 26.18%, Test: 26.18%
Run: 01, Epoch: 148, Loss: 2.8811, Train: 30.28%, Valid: 26.06%, Test: 26.06%
Run: 01, Epoch: 149, Loss: 2.8799, Train: 30.32%, Valid: 26.11%, Test: 26.11%
Run: 01, Epoch: 150, Loss: 2.8793, Train: 30.30%, Valid: 26.11%, Test: 26.11%
Run: 01, Epoch: 151, Loss: 2.8768, Train: 30.33%, Valid: 26.23%, Test: 26.23%
Run: 01, Epoch: 152, Loss: 2.8757, Train: 30.33%, Valid: 26.28%, Test: 26.28%
Run: 01, Epoch: 153, Loss: 2.8752, Train: 30.37%, Valid: 26.31%, Test: 26.31%
Run: 01, Epoch: 154, Loss: 2.8731, Train: 30.42%, Valid: 26.34%, Test: 26.34%
Run: 01, Epoch: 155, Loss: 2.8718, Train: 30.39%, Valid: 26.40%, Test: 26.40%
Run: 01, Epoch: 156, Loss: 2.8727, Train: 30.39%, Valid: 26.36%, Test: 26.36%
Run: 01, Epoch: 157, Loss: 2.8702, Train: 30.44%, Valid: 26.34%, Test: 26.34%
Run: 01, Epoch: 158, Loss: 2.8699, Train: 30.47%, Valid: 26.43%, Test: 26.43%
Run: 01, Epoch: 159, Loss: 2.8694, Train: 30.47%, Valid: 26.28%, Test: 26.28%
Run: 01, Epoch: 160, Loss: 2.8672, Train: 30.50%, Valid: 26.26%, Test: 26.26%
Run: 01, Epoch: 161, Loss: 2.8674, Train: 30.46%, Valid: 26.14%, Test: 26.14%
Run: 01, Epoch: 162, Loss: 2.8655, Train: 30.55%, Valid: 26.30%, Test: 26.30%
Run: 01, Epoch: 163, Loss: 2.8660, Train: 30.56%, Valid: 26.39%, Test: 26.39%
Run: 01, Epoch: 164, Loss: 2.8653, Train: 30.52%, Valid: 26.36%, Test: 26.36%
Run: 01, Epoch: 165, Loss: 2.8636, Train: 30.53%, Valid: 26.43%, Test: 26.43%
Run: 01, Epoch: 166, Loss: 2.8613, Train: 30.54%, Valid: 26.43%, Test: 26.43%
Run: 01, Epoch: 167, Loss: 2.8613, Train: 30.60%, Valid: 26.31%, Test: 26.31%
Run: 01, Epoch: 168, Loss: 2.8602, Train: 30.60%, Valid: 26.44%, Test: 26.44%
Run: 01, Epoch: 169, Loss: 2.8590, Train: 30.60%, Valid: 26.36%, Test: 26.36%
Run: 01, Epoch: 170, Loss: 2.8581, Train: 30.63%, Valid: 26.36%, Test: 26.36%
Run: 01, Epoch: 171, Loss: 2.8577, Train: 30.66%, Valid: 26.30%, Test: 26.30%
Run: 01, Epoch: 172, Loss: 2.8565, Train: 30.62%, Valid: 26.39%, Test: 26.39%
Run: 01, Epoch: 173, Loss: 2.8564, Train: 30.65%, Valid: 26.63%, Test: 26.63%
Run: 01, Epoch: 174, Loss: 2.8554, Train: 30.74%, Valid: 26.75%, Test: 26.75%
Run: 01, Epoch: 175, Loss: 2.8534, Train: 30.74%, Valid: 26.60%, Test: 26.60%
Run: 01, Epoch: 176, Loss: 2.8539, Train: 30.72%, Valid: 26.43%, Test: 26.43%
Run: 01, Epoch: 177, Loss: 2.8537, Train: 30.73%, Valid: 26.41%, Test: 26.41%
Run: 01, Epoch: 178, Loss: 2.8504, Train: 30.69%, Valid: 26.63%, Test: 26.63%
Run: 01, Epoch: 179, Loss: 2.8503, Train: 30.70%, Valid: 26.58%, Test: 26.58%
Run: 01, Epoch: 180, Loss: 2.8514, Train: 30.71%, Valid: 26.46%, Test: 26.46%
Run: 01, Epoch: 181, Loss: 2.8510, Train: 30.74%, Valid: 26.53%, Test: 26.53%
Run: 01, Epoch: 182, Loss: 2.8483, Train: 30.75%, Valid: 26.56%, Test: 26.56%
Run: 01, Epoch: 183, Loss: 2.8478, Train: 30.67%, Valid: 26.62%, Test: 26.62%
Run: 01, Epoch: 184, Loss: 2.8472, Train: 30.67%, Valid: 26.59%, Test: 26.59%
Run: 01, Epoch: 185, Loss: 2.8462, Train: 30.72%, Valid: 26.63%, Test: 26.63%
Run: 01, Epoch: 186, Loss: 2.8485, Train: 30.80%, Valid: 26.78%, Test: 26.78%
Run: 01, Epoch: 187, Loss: 2.8437, Train: 30.89%, Valid: 26.74%, Test: 26.74%
Run: 01, Epoch: 188, Loss: 2.8437, Train: 30.90%, Valid: 26.70%, Test: 26.70%
Run: 01, Epoch: 189, Loss: 2.8446, Train: 30.84%, Valid: 26.61%, Test: 26.61%
Run: 01, Epoch: 190, Loss: 2.8417, Train: 30.81%, Valid: 26.65%, Test: 26.65%
Run: 01, Epoch: 191, Loss: 2.8413, Train: 30.86%, Valid: 26.60%, Test: 26.60%
Run: 01, Epoch: 192, Loss: 2.8389, Train: 30.85%, Valid: 26.60%, Test: 26.60%
Run: 01, Epoch: 193, Loss: 2.8392, Train: 30.85%, Valid: 26.59%, Test: 26.59%
Run: 01, Epoch: 194, Loss: 2.8403, Train: 30.91%, Valid: 26.58%, Test: 26.58%
Run: 01, Epoch: 195, Loss: 2.8393, Train: 30.97%, Valid: 26.78%, Test: 26.78%
Run: 01, Epoch: 196, Loss: 2.8378, Train: 30.98%, Valid: 26.86%, Test: 26.86%
Run: 01, Epoch: 197, Loss: 2.8374, Train: 30.96%, Valid: 26.83%, Test: 26.83%
Run: 01, Epoch: 198, Loss: 2.8359, Train: 30.88%, Valid: 26.56%, Test: 26.56%
Run: 01, Epoch: 199, Loss: 2.8360, Train: 30.92%, Valid: 26.64%, Test: 26.64%
Run: 01, Epoch: 200, Loss: 2.8344, Train: 30.96%, Valid: 26.59%, Test: 26.59%
Run: 01, Epoch: 201, Loss: 2.8356, Train: 31.02%, Valid: 26.67%, Test: 26.67%
Run: 01, Epoch: 202, Loss: 2.8339, Train: 31.05%, Valid: 26.69%, Test: 26.69%
Run: 01, Epoch: 203, Loss: 2.8336, Train: 31.00%, Valid: 26.79%, Test: 26.79%
Run: 01, Epoch: 204, Loss: 2.8322, Train: 31.02%, Valid: 26.73%, Test: 26.73%
Run: 01, Epoch: 205, Loss: 2.8298, Train: 31.03%, Valid: 26.70%, Test: 26.70%
Run: 01, Epoch: 206, Loss: 2.8310, Train: 31.00%, Valid: 26.58%, Test: 26.58%
Run: 01, Epoch: 207, Loss: 2.8304, Train: 31.04%, Valid: 26.78%, Test: 26.78%
Run: 01, Epoch: 208, Loss: 2.8303, Train: 31.07%, Valid: 26.75%, Test: 26.75%
Run: 01, Epoch: 209, Loss: 2.8274, Train: 31.06%, Valid: 26.80%, Test: 26.80%
Run: 01, Epoch: 210, Loss: 2.8286, Train: 31.10%, Valid: 26.77%, Test: 26.77%
Run: 01, Epoch: 211, Loss: 2.8277, Train: 31.06%, Valid: 26.81%, Test: 26.81%
Run: 01, Epoch: 212, Loss: 2.8283, Train: 31.07%, Valid: 26.68%, Test: 26.68%
Run: 01, Epoch: 213, Loss: 2.8250, Train: 31.10%, Valid: 26.83%, Test: 26.83%
Run: 01, Epoch: 214, Loss: 2.8247, Train: 31.06%, Valid: 26.90%, Test: 26.90%
Run: 01, Epoch: 215, Loss: 2.8243, Train: 31.18%, Valid: 26.96%, Test: 26.96%
Run: 01, Epoch: 216, Loss: 2.8236, Train: 31.12%, Valid: 26.82%, Test: 26.82%
Run: 01, Epoch: 217, Loss: 2.8244, Train: 31.15%, Valid: 26.74%, Test: 26.74%
Run: 01, Epoch: 218, Loss: 2.8251, Train: 31.15%, Valid: 26.70%, Test: 26.70%
Run: 01, Epoch: 219, Loss: 2.8216, Train: 31.04%, Valid: 26.63%, Test: 26.63%
Run: 01, Epoch: 220, Loss: 2.8253, Train: 31.15%, Valid: 26.86%, Test: 26.86%
Run: 01, Epoch: 221, Loss: 2.8216, Train: 31.15%, Valid: 26.95%, Test: 26.95%
Run: 01, Epoch: 222, Loss: 2.8209, Train: 31.17%, Valid: 26.86%, Test: 26.86%
Run: 01, Epoch: 223, Loss: 2.8210, Train: 31.23%, Valid: 26.91%, Test: 26.91%
Run: 01, Epoch: 224, Loss: 2.8213, Train: 31.30%, Valid: 26.70%, Test: 26.70%
Run: 01, Epoch: 225, Loss: 2.8184, Train: 31.23%, Valid: 26.75%, Test: 26.75%
Run: 01, Epoch: 226, Loss: 2.8177, Train: 31.30%, Valid: 26.83%, Test: 26.83%
Run: 01, Epoch: 227, Loss: 2.8186, Train: 31.25%, Valid: 26.88%, Test: 26.88%
Run: 01, Epoch: 228, Loss: 2.8174, Train: 31.30%, Valid: 26.98%, Test: 26.98%
Run: 01, Epoch: 229, Loss: 2.8162, Train: 31.30%, Valid: 26.94%, Test: 26.94%
Run: 01, Epoch: 230, Loss: 2.8163, Train: 31.27%, Valid: 26.88%, Test: 26.88%
Run: 01, Epoch: 231, Loss: 2.8168, Train: 31.25%, Valid: 26.86%, Test: 26.86%
Run: 01, Epoch: 232, Loss: 2.8155, Train: 31.28%, Valid: 26.99%, Test: 26.99%
Run: 01, Epoch: 233, Loss: 2.8132, Train: 31.25%, Valid: 27.10%, Test: 27.10%
Run: 01, Epoch: 234, Loss: 2.8136, Train: 31.34%, Valid: 27.12%, Test: 27.12%
Run: 01, Epoch: 235, Loss: 2.8143, Train: 31.34%, Valid: 26.99%, Test: 26.99%
Run: 01, Epoch: 236, Loss: 2.8140, Train: 31.35%, Valid: 26.77%, Test: 26.77%
Run: 01, Epoch: 237, Loss: 2.8133, Train: 31.35%, Valid: 26.88%, Test: 26.88%
Run: 01, Epoch: 238, Loss: 2.8126, Train: 31.38%, Valid: 26.95%, Test: 26.95%
Run: 01, Epoch: 239, Loss: 2.8122, Train: 31.34%, Valid: 26.93%, Test: 26.93%
Run: 01, Epoch: 240, Loss: 2.8098, Train: 31.36%, Valid: 26.73%, Test: 26.73%
Run: 01, Epoch: 241, Loss: 2.8098, Train: 31.45%, Valid: 26.90%, Test: 26.90%
Run: 01, Epoch: 242, Loss: 2.8100, Train: 31.41%, Valid: 26.97%, Test: 26.97%
Run: 01, Epoch: 243, Loss: 2.8077, Train: 31.43%, Valid: 26.93%, Test: 26.93%
Run: 01, Epoch: 244, Loss: 2.8081, Train: 31.47%, Valid: 26.87%, Test: 26.87%
Run: 01, Epoch: 245, Loss: 2.8100, Train: 31.47%, Valid: 26.89%, Test: 26.89%
Run: 01, Epoch: 246, Loss: 2.8072, Train: 31.43%, Valid: 26.97%, Test: 26.97%
Run: 01, Epoch: 247, Loss: 2.8064, Train: 31.43%, Valid: 27.04%, Test: 27.04%
Run: 01, Epoch: 248, Loss: 2.8054, Train: 31.44%, Valid: 27.00%, Test: 27.00%
Run: 01, Epoch: 249, Loss: 2.8058, Train: 31.53%, Valid: 26.81%, Test: 26.81%
Run: 01, Epoch: 250, Loss: 2.8064, Train: 31.51%, Valid: 26.89%, Test: 26.89%
Run: 01, Epoch: 251, Loss: 2.8064, Train: 31.48%, Valid: 26.84%, Test: 26.84%
Run: 01, Epoch: 252, Loss: 2.8062, Train: 31.34%, Valid: 26.87%, Test: 26.87%
Run: 01, Epoch: 253, Loss: 2.8035, Train: 31.40%, Valid: 27.00%, Test: 27.00%
Run: 01, Epoch: 254, Loss: 2.8040, Train: 31.45%, Valid: 26.94%, Test: 26.94%
Run: 01, Epoch: 255, Loss: 2.8040, Train: 31.51%, Valid: 26.89%, Test: 26.89%
Run: 01, Epoch: 256, Loss: 2.8045, Train: 31.47%, Valid: 26.95%, Test: 26.95%
Run: 01, Epoch: 257, Loss: 2.8024, Train: 31.49%, Valid: 26.80%, Test: 26.80%
Run: 01, Epoch: 258, Loss: 2.8039, Train: 31.50%, Valid: 26.80%, Test: 26.80%
Run: 01, Epoch: 259, Loss: 2.8005, Train: 31.56%, Valid: 26.93%, Test: 26.93%
Run: 01, Epoch: 260, Loss: 2.8021, Train: 31.57%, Valid: 27.00%, Test: 27.00%
Run: 01, Epoch: 261, Loss: 2.8001, Train: 31.51%, Valid: 27.15%, Test: 27.15%
Run: 01, Epoch: 262, Loss: 2.8002, Train: 31.54%, Valid: 27.09%, Test: 27.09%
Run: 01, Epoch: 263, Loss: 2.8012, Train: 31.54%, Valid: 26.94%, Test: 26.94%
Run: 01, Epoch: 264, Loss: 2.7991, Train: 31.59%, Valid: 27.08%, Test: 27.08%
Run: 01, Epoch: 265, Loss: 2.8004, Train: 31.60%, Valid: 26.98%, Test: 26.98%
Run: 01, Epoch: 266, Loss: 2.7982, Train: 31.56%, Valid: 27.01%, Test: 27.01%
Run: 01, Epoch: 267, Loss: 2.7988, Train: 31.60%, Valid: 27.04%, Test: 27.04%
Run: 01, Epoch: 268, Loss: 2.7977, Train: 31.61%, Valid: 27.03%, Test: 27.03%
Run: 01, Epoch: 269, Loss: 2.7983, Train: 31.62%, Valid: 27.15%, Test: 27.15%
Run: 01, Epoch: 270, Loss: 2.7969, Train: 31.56%, Valid: 27.09%, Test: 27.09%
Run: 01, Epoch: 271, Loss: 2.7975, Train: 31.52%, Valid: 27.06%, Test: 27.06%
Run: 01, Epoch: 272, Loss: 2.7967, Train: 31.53%, Valid: 26.92%, Test: 26.92%
Run: 01, Epoch: 273, Loss: 2.7958, Train: 31.64%, Valid: 27.09%, Test: 27.09%
Run: 01, Epoch: 274, Loss: 2.7936, Train: 31.57%, Valid: 27.04%, Test: 27.04%
Run: 01, Epoch: 275, Loss: 2.7966, Train: 31.67%, Valid: 27.17%, Test: 27.17%
Run: 01, Epoch: 276, Loss: 2.7968, Train: 31.67%, Valid: 27.12%, Test: 27.12%
Run: 01, Epoch: 277, Loss: 2.7943, Train: 31.64%, Valid: 27.11%, Test: 27.11%
Run: 01, Epoch: 278, Loss: 2.7935, Train: 31.54%, Valid: 27.19%, Test: 27.19%
Run: 01, Epoch: 279, Loss: 2.7933, Train: 31.63%, Valid: 27.26%, Test: 27.26%
Run: 01, Epoch: 280, Loss: 2.7931, Train: 31.61%, Valid: 27.17%, Test: 27.17%
Run: 01, Epoch: 281, Loss: 2.7911, Train: 31.68%, Valid: 27.12%, Test: 27.12%
Run: 01, Epoch: 282, Loss: 2.7931, Train: 31.69%, Valid: 27.17%, Test: 27.17%
Run: 01, Epoch: 283, Loss: 2.7928, Train: 31.75%, Valid: 27.24%, Test: 27.24%
Run: 01, Epoch: 284, Loss: 2.7914, Train: 31.67%, Valid: 27.13%, Test: 27.13%
Run: 01, Epoch: 285, Loss: 2.7923, Train: 31.57%, Valid: 27.02%, Test: 27.02%
Run: 01, Epoch: 286, Loss: 2.7897, Train: 31.52%, Valid: 27.03%, Test: 27.03%
Run: 01, Epoch: 287, Loss: 2.7921, Train: 31.69%, Valid: 27.14%, Test: 27.14%
Run: 01, Epoch: 288, Loss: 2.7901, Train: 31.70%, Valid: 27.25%, Test: 27.25%
Run: 01, Epoch: 289, Loss: 2.7908, Train: 31.70%, Valid: 27.27%, Test: 27.27%
Run: 01, Epoch: 290, Loss: 2.7905, Train: 31.74%, Valid: 27.27%, Test: 27.27%
Run: 01, Epoch: 291, Loss: 2.7881, Train: 31.69%, Valid: 27.20%, Test: 27.20%
Run: 01, Epoch: 292, Loss: 2.7898, Train: 31.62%, Valid: 27.15%, Test: 27.15%
Run: 01, Epoch: 293, Loss: 2.7883, Train: 31.69%, Valid: 27.11%, Test: 27.11%
Run: 01, Epoch: 294, Loss: 2.7892, Train: 31.67%, Valid: 27.15%, Test: 27.15%
Run: 01, Epoch: 295, Loss: 2.7878, Train: 31.63%, Valid: 27.17%, Test: 27.17%
Run: 01, Epoch: 296, Loss: 2.7872, Train: 31.76%, Valid: 27.07%, Test: 27.07%
Run: 01, Epoch: 297, Loss: 2.7860, Train: 31.73%, Valid: 27.14%, Test: 27.14%
Run: 01, Epoch: 298, Loss: 2.7866, Train: 31.74%, Valid: 27.21%, Test: 27.21%
Run: 01, Epoch: 299, Loss: 2.7876, Train: 31.77%, Valid: 27.29%, Test: 27.29%
Run: 01, Epoch: 300, Loss: 2.7859, Train: 31.89%, Valid: 27.25%, Test: 27.25%
Run: 01, Epoch: 301, Loss: 2.7845, Train: 31.84%, Valid: 27.40%, Test: 27.40%
Run: 01, Epoch: 302, Loss: 2.7850, Train: 31.76%, Valid: 27.32%, Test: 27.32%
Run: 01, Epoch: 303, Loss: 2.7850, Train: 31.67%, Valid: 27.15%, Test: 27.15%
Run: 01, Epoch: 304, Loss: 2.7839, Train: 31.79%, Valid: 27.03%, Test: 27.03%
Run: 01, Epoch: 305, Loss: 2.7853, Train: 31.79%, Valid: 26.99%, Test: 26.99%
Run: 01, Epoch: 306, Loss: 2.7819, Train: 31.85%, Valid: 27.25%, Test: 27.25%
Run: 01, Epoch: 307, Loss: 2.7825, Train: 31.85%, Valid: 27.27%, Test: 27.27%
Run: 01, Epoch: 308, Loss: 2.7833, Train: 31.80%, Valid: 27.25%, Test: 27.25%
Run: 01, Epoch: 309, Loss: 2.7815, Train: 31.77%, Valid: 27.07%, Test: 27.07%
Run: 01, Epoch: 310, Loss: 2.7813, Train: 31.79%, Valid: 27.12%, Test: 27.12%
Run: 01, Epoch: 311, Loss: 2.7820, Train: 31.74%, Valid: 27.11%, Test: 27.11%
Run: 01, Epoch: 312, Loss: 2.7818, Train: 31.80%, Valid: 27.30%, Test: 27.30%
Run: 01, Epoch: 313, Loss: 2.7802, Train: 31.84%, Valid: 27.42%, Test: 27.42%
Run: 01, Epoch: 314, Loss: 2.7808, Train: 31.87%, Valid: 27.30%, Test: 27.30%
Run: 01, Epoch: 315, Loss: 2.7820, Train: 31.78%, Valid: 27.32%, Test: 27.32%
Run: 01, Epoch: 316, Loss: 2.7820, Train: 31.87%, Valid: 27.39%, Test: 27.39%
Run: 01, Epoch: 317, Loss: 2.7801, Train: 31.83%, Valid: 27.30%, Test: 27.30%
Run: 01, Epoch: 318, Loss: 2.7798, Train: 31.87%, Valid: 27.35%, Test: 27.35%
Run: 01, Epoch: 319, Loss: 2.7800, Train: 31.95%, Valid: 27.21%, Test: 27.21%
Run: 01, Epoch: 320, Loss: 2.7783, Train: 31.85%, Valid: 27.17%, Test: 27.17%
Run: 01, Epoch: 321, Loss: 2.7787, Train: 31.86%, Valid: 27.22%, Test: 27.22%
Run: 01, Epoch: 322, Loss: 2.7790, Train: 31.85%, Valid: 27.40%, Test: 27.40%
Run: 01, Epoch: 323, Loss: 2.7784, Train: 31.93%, Valid: 27.39%, Test: 27.39%
Run: 01, Epoch: 324, Loss: 2.7780, Train: 31.94%, Valid: 27.37%, Test: 27.37%
Run: 01, Epoch: 325, Loss: 2.7770, Train: 31.98%, Valid: 27.36%, Test: 27.36%
Run: 01, Epoch: 326, Loss: 2.7791, Train: 31.87%, Valid: 27.27%, Test: 27.27%
Run: 01, Epoch: 327, Loss: 2.7761, Train: 31.87%, Valid: 27.25%, Test: 27.25%
Run: 01, Epoch: 328, Loss: 2.7776, Train: 31.95%, Valid: 27.30%, Test: 27.30%
Run: 01, Epoch: 329, Loss: 2.7764, Train: 31.93%, Valid: 27.38%, Test: 27.38%
Run: 01, Epoch: 330, Loss: 2.7771, Train: 31.96%, Valid: 27.34%, Test: 27.34%
Run: 01, Epoch: 331, Loss: 2.7752, Train: 31.80%, Valid: 27.37%, Test: 27.37%
Run: 01, Epoch: 332, Loss: 2.7762, Train: 31.81%, Valid: 27.32%, Test: 27.32%
Run: 01, Epoch: 333, Loss: 2.7758, Train: 31.95%, Valid: 27.36%, Test: 27.36%
Run: 01, Epoch: 334, Loss: 2.7771, Train: 31.96%, Valid: 27.12%, Test: 27.12%
Run: 01, Epoch: 335, Loss: 2.7743, Train: 31.89%, Valid: 27.10%, Test: 27.10%
Run: 01, Epoch: 336, Loss: 2.7743, Train: 31.84%, Valid: 27.20%, Test: 27.20%
Run: 01, Epoch: 337, Loss: 2.7746, Train: 31.96%, Valid: 27.42%, Test: 27.42%
Run: 01, Epoch: 338, Loss: 2.7752, Train: 31.91%, Valid: 27.35%, Test: 27.35%
Run: 01, Epoch: 339, Loss: 2.7745, Train: 31.99%, Valid: 27.32%, Test: 27.32%
Run: 01, Epoch: 340, Loss: 2.7733, Train: 31.84%, Valid: 27.28%, Test: 27.28%
Run: 01, Epoch: 341, Loss: 2.7740, Train: 31.98%, Valid: 27.37%, Test: 27.37%
Run: 01, Epoch: 342, Loss: 2.7736, Train: 31.96%, Valid: 27.32%, Test: 27.32%
Run: 01, Epoch: 343, Loss: 2.7727, Train: 31.99%, Valid: 27.22%, Test: 27.22%
Run: 01, Epoch: 344, Loss: 2.7724, Train: 31.85%, Valid: 27.20%, Test: 27.20%
Run: 01, Epoch: 345, Loss: 2.7735, Train: 31.95%, Valid: 27.22%, Test: 27.22%
Run: 01, Epoch: 346, Loss: 2.7725, Train: 31.98%, Valid: 27.32%, Test: 27.32%
Run: 01, Epoch: 347, Loss: 2.7717, Train: 32.07%, Valid: 27.46%, Test: 27.46%
Run: 01, Epoch: 348, Loss: 2.7705, Train: 32.07%, Valid: 27.52%, Test: 27.52%
Run: 01, Epoch: 349, Loss: 2.7701, Train: 32.07%, Valid: 27.40%, Test: 27.40%
Run: 01, Epoch: 350, Loss: 2.7718, Train: 32.04%, Valid: 27.52%, Test: 27.52%
Run: 01, Epoch: 351, Loss: 2.7705, Train: 32.07%, Valid: 27.46%, Test: 27.46%
Run: 01, Epoch: 352, Loss: 2.7720, Train: 32.11%, Valid: 27.48%, Test: 27.48%
Run: 01, Epoch: 353, Loss: 2.7715, Train: 32.08%, Valid: 27.57%, Test: 27.57%
Run: 01, Epoch: 354, Loss: 2.7703, Train: 32.02%, Valid: 27.55%, Test: 27.55%
Run: 01, Epoch: 355, Loss: 2.7717, Train: 32.03%, Valid: 27.47%, Test: 27.47%
Run: 01, Epoch: 356, Loss: 2.7697, Train: 32.03%, Valid: 27.30%, Test: 27.30%
Run: 01, Epoch: 357, Loss: 2.7710, Train: 32.03%, Valid: 27.32%, Test: 27.32%
Run: 01, Epoch: 358, Loss: 2.7688, Train: 32.04%, Valid: 27.30%, Test: 27.30%
Run: 01, Epoch: 359, Loss: 2.7680, Train: 31.99%, Valid: 27.47%, Test: 27.47%
Run: 01, Epoch: 360, Loss: 2.7685, Train: 32.01%, Valid: 27.56%, Test: 27.56%
Run: 01, Epoch: 361, Loss: 2.7682, Train: 32.10%, Valid: 27.23%, Test: 27.23%
Run: 01, Epoch: 362, Loss: 2.7694, Train: 32.10%, Valid: 27.33%, Test: 27.33%
Run: 01, Epoch: 363, Loss: 2.7673, Train: 32.00%, Valid: 27.42%, Test: 27.42%
Run: 01, Epoch: 364, Loss: 2.7676, Train: 32.11%, Valid: 27.57%, Test: 27.57%
Run: 01, Epoch: 365, Loss: 2.7668, Train: 32.09%, Valid: 27.59%, Test: 27.59%
Run: 01, Epoch: 366, Loss: 2.7675, Train: 32.09%, Valid: 27.37%, Test: 27.37%
Run: 01, Epoch: 367, Loss: 2.7651, Train: 32.03%, Valid: 27.41%, Test: 27.41%
Run: 01, Epoch: 368, Loss: 2.7661, Train: 32.10%, Valid: 27.57%, Test: 27.57%
Run: 01, Epoch: 369, Loss: 2.7661, Train: 32.13%, Valid: 27.50%, Test: 27.50%
Run: 01, Epoch: 370, Loss: 2.7661, Train: 32.08%, Valid: 27.54%, Test: 27.54%
Run: 01, Epoch: 371, Loss: 2.7667, Train: 32.13%, Valid: 27.40%, Test: 27.40%
Run: 01, Epoch: 372, Loss: 2.7675, Train: 32.16%, Valid: 27.44%, Test: 27.44%
Run: 01, Epoch: 373, Loss: 2.7662, Train: 32.20%, Valid: 27.39%, Test: 27.39%
Run: 01, Epoch: 374, Loss: 2.7650, Train: 32.15%, Valid: 27.38%, Test: 27.38%
Run: 01, Epoch: 375, Loss: 2.7663, Train: 32.08%, Valid: 27.33%, Test: 27.33%
Run: 01, Epoch: 376, Loss: 2.7643, Train: 32.16%, Valid: 27.37%, Test: 27.37%
Run: 01, Epoch: 377, Loss: 2.7655, Train: 32.03%, Valid: 27.23%, Test: 27.23%
Run: 01, Epoch: 378, Loss: 2.7632, Train: 32.15%, Valid: 27.33%, Test: 27.33%
Run: 01, Epoch: 379, Loss: 2.7638, Train: 32.12%, Valid: 27.30%, Test: 27.30%
Run: 01, Epoch: 380, Loss: 2.7633, Train: 32.14%, Valid: 27.29%, Test: 27.29%
Run: 01, Epoch: 381, Loss: 2.7638, Train: 32.16%, Valid: 27.32%, Test: 27.32%
Run: 01, Epoch: 382, Loss: 2.7627, Train: 32.21%, Valid: 27.40%, Test: 27.40%
Run: 01, Epoch: 383, Loss: 2.7637, Train: 32.20%, Valid: 27.23%, Test: 27.23%
Run: 01, Epoch: 384, Loss: 2.7653, Train: 32.03%, Valid: 27.44%, Test: 27.44%
Run: 01, Epoch: 385, Loss: 2.7622, Train: 32.12%, Valid: 27.35%, Test: 27.35%
Run: 01, Epoch: 386, Loss: 2.7637, Train: 32.19%, Valid: 27.44%, Test: 27.44%
Run: 01, Epoch: 387, Loss: 2.7633, Train: 32.19%, Valid: 27.45%, Test: 27.45%
Run: 01, Epoch: 388, Loss: 2.7629, Train: 32.04%, Valid: 27.14%, Test: 27.14%
Run: 01, Epoch: 389, Loss: 2.7636, Train: 32.21%, Valid: 27.24%, Test: 27.24%
Run: 01, Epoch: 390, Loss: 2.7624, Train: 32.21%, Valid: 27.53%, Test: 27.53%
Run: 01, Epoch: 391, Loss: 2.7616, Train: 32.21%, Valid: 27.48%, Test: 27.48%
Run: 01, Epoch: 392, Loss: 2.7625, Train: 32.10%, Valid: 27.49%, Test: 27.49%
Run: 01, Epoch: 393, Loss: 2.7635, Train: 32.04%, Valid: 27.05%, Test: 27.05%
Run: 01, Epoch: 394, Loss: 2.7613, Train: 32.13%, Valid: 27.30%, Test: 27.30%
Run: 01, Epoch: 395, Loss: 2.7616, Train: 32.11%, Valid: 27.37%, Test: 27.37%
Run: 01, Epoch: 396, Loss: 2.7621, Train: 32.12%, Valid: 27.26%, Test: 27.26%
Run: 01, Epoch: 397, Loss: 2.7636, Train: 32.28%, Valid: 27.35%, Test: 27.35%
Run: 01, Epoch: 398, Loss: 2.7627, Train: 32.24%, Valid: 27.37%, Test: 27.37%
Run: 01, Epoch: 399, Loss: 2.7611, Train: 32.09%, Valid: 27.15%, Test: 27.15%
Run: 01, Epoch: 400, Loss: 2.7610, Train: 32.22%, Valid: 27.28%, Test: 27.28%
Run: 01, Epoch: 401, Loss: 2.7596, Train: 32.22%, Valid: 27.32%, Test: 27.32%
Run: 01, Epoch: 402, Loss: 2.7590, Train: 32.27%, Valid: 27.48%, Test: 27.48%
Run: 01, Epoch: 403, Loss: 2.7603, Train: 32.19%, Valid: 27.41%, Test: 27.41%
Run: 01, Epoch: 404, Loss: 2.7595, Train: 32.20%, Valid: 27.32%, Test: 27.32%
Run: 01, Epoch: 405, Loss: 2.7583, Train: 32.18%, Valid: 27.26%, Test: 27.26%
Run: 01, Epoch: 406, Loss: 2.7589, Train: 32.27%, Valid: 27.29%, Test: 27.29%
Run: 01, Epoch: 407, Loss: 2.7585, Train: 32.24%, Valid: 27.41%, Test: 27.41%
Run: 01, Epoch: 408, Loss: 2.7590, Train: 32.30%, Valid: 27.27%, Test: 27.27%
Run: 01, Epoch: 409, Loss: 2.7605, Train: 32.17%, Valid: 27.26%, Test: 27.26%
Run: 01, Epoch: 410, Loss: 2.7596, Train: 32.21%, Valid: 27.21%, Test: 27.21%
Run: 01, Epoch: 411, Loss: 2.7580, Train: 32.28%, Valid: 27.25%, Test: 27.25%
Run: 01, Epoch: 412, Loss: 2.7566, Train: 32.23%, Valid: 27.19%, Test: 27.19%
Run: 01, Epoch: 413, Loss: 2.7557, Train: 32.24%, Valid: 27.21%, Test: 27.21%
Run: 01, Epoch: 414, Loss: 2.7579, Train: 32.28%, Valid: 27.38%, Test: 27.38%
Run: 01, Epoch: 415, Loss: 2.7572, Train: 32.24%, Valid: 27.31%, Test: 27.31%
Run: 01, Epoch: 416, Loss: 2.7580, Train: 32.33%, Valid: 27.30%, Test: 27.30%
Run: 01, Epoch: 417, Loss: 2.7580, Train: 32.36%, Valid: 27.32%, Test: 27.32%
Run: 01, Epoch: 418, Loss: 2.7584, Train: 32.24%, Valid: 27.37%, Test: 27.37%
Run: 01, Epoch: 419, Loss: 2.7562, Train: 32.23%, Valid: 27.35%, Test: 27.35%
Run: 01, Epoch: 420, Loss: 2.7562, Train: 32.31%, Valid: 27.39%, Test: 27.39%
Run: 01, Epoch: 421, Loss: 2.7570, Train: 32.29%, Valid: 27.43%, Test: 27.43%
Run: 01, Epoch: 422, Loss: 2.7573, Train: 32.31%, Valid: 27.35%, Test: 27.35%
Run: 01, Epoch: 423, Loss: 2.7556, Train: 32.35%, Valid: 27.19%, Test: 27.19%
Run: 01, Epoch: 424, Loss: 2.7562, Train: 32.30%, Valid: 27.40%, Test: 27.40%
Run: 01, Epoch: 425, Loss: 2.7571, Train: 32.35%, Valid: 27.35%, Test: 27.35%
Run: 01, Epoch: 426, Loss: 2.7559, Train: 32.36%, Valid: 27.42%, Test: 27.42%
Run: 01, Epoch: 427, Loss: 2.7553, Train: 32.32%, Valid: 27.41%, Test: 27.41%
Run: 01, Epoch: 428, Loss: 2.7567, Train: 32.36%, Valid: 27.45%, Test: 27.45%
Run: 01, Epoch: 429, Loss: 2.7554, Train: 32.39%, Valid: 27.50%, Test: 27.50%
Run: 01, Epoch: 430, Loss: 2.7533, Train: 32.37%, Valid: 27.59%, Test: 27.59%
Run: 01, Epoch: 431, Loss: 2.7549, Train: 32.38%, Valid: 27.45%, Test: 27.45%
Run: 01, Epoch: 432, Loss: 2.7550, Train: 32.30%, Valid: 27.50%, Test: 27.50%
Run: 01, Epoch: 433, Loss: 2.7539, Train: 32.33%, Valid: 27.59%, Test: 27.59%
Run: 01, Epoch: 434, Loss: 2.7543, Train: 32.29%, Valid: 27.67%, Test: 27.67%
Run: 01, Epoch: 435, Loss: 2.7545, Train: 32.35%, Valid: 27.51%, Test: 27.51%
Run: 01, Epoch: 436, Loss: 2.7538, Train: 32.30%, Valid: 27.42%, Test: 27.42%
Run: 01, Epoch: 437, Loss: 2.7542, Train: 32.21%, Valid: 27.41%, Test: 27.41%
Run: 01, Epoch: 438, Loss: 2.7519, Train: 32.28%, Valid: 27.42%, Test: 27.42%
Run: 01, Epoch: 439, Loss: 2.7530, Train: 32.37%, Valid: 27.67%, Test: 27.67%
Run: 01, Epoch: 440, Loss: 2.7522, Train: 32.36%, Valid: 27.64%, Test: 27.64%
Run: 01, Epoch: 441, Loss: 2.7528, Train: 32.30%, Valid: 27.44%, Test: 27.44%
Run: 01, Epoch: 442, Loss: 2.7546, Train: 32.38%, Valid: 27.60%, Test: 27.60%
Run: 01, Epoch: 443, Loss: 2.7548, Train: 32.34%, Valid: 27.35%, Test: 27.35%
Run: 01, Epoch: 444, Loss: 2.7509, Train: 32.30%, Valid: 27.36%, Test: 27.36%
Run: 01, Epoch: 445, Loss: 2.7523, Train: 32.40%, Valid: 27.62%, Test: 27.62%
Run: 01, Epoch: 446, Loss: 2.7535, Train: 32.37%, Valid: 27.64%, Test: 27.64%
Run: 01, Epoch: 447, Loss: 2.7512, Train: 32.35%, Valid: 27.45%, Test: 27.45%
Run: 01, Epoch: 448, Loss: 2.7513, Train: 32.38%, Valid: 27.60%, Test: 27.60%
Run: 01, Epoch: 449, Loss: 2.7537, Train: 32.39%, Valid: 27.39%, Test: 27.39%
Run: 01, Epoch: 450, Loss: 2.7518, Train: 32.43%, Valid: 27.27%, Test: 27.27%
Run: 01, Epoch: 451, Loss: 2.7521, Train: 32.34%, Valid: 27.30%, Test: 27.30%
Run: 01, Epoch: 452, Loss: 2.7510, Train: 32.30%, Valid: 27.45%, Test: 27.45%
Run: 01, Epoch: 453, Loss: 2.7514, Train: 32.39%, Valid: 27.49%, Test: 27.49%
Run: 01, Epoch: 454, Loss: 2.7524, Train: 32.47%, Valid: 27.56%, Test: 27.56%
Run: 01, Epoch: 455, Loss: 2.7510, Train: 32.45%, Valid: 27.72%, Test: 27.72%
Run: 01, Epoch: 456, Loss: 2.7521, Train: 32.43%, Valid: 27.62%, Test: 27.62%
Run: 01, Epoch: 457, Loss: 2.7491, Train: 32.38%, Valid: 27.32%, Test: 27.32%
Run: 01, Epoch: 458, Loss: 2.7505, Train: 32.37%, Valid: 27.28%, Test: 27.28%
Run: 01, Epoch: 459, Loss: 2.7525, Train: 32.40%, Valid: 27.05%, Test: 27.05%
Run: 01, Epoch: 460, Loss: 2.7503, Train: 32.36%, Valid: 27.20%, Test: 27.20%
Run: 01, Epoch: 461, Loss: 2.7507, Train: 32.32%, Valid: 27.42%, Test: 27.42%
Run: 01, Epoch: 462, Loss: 2.7502, Train: 32.40%, Valid: 27.64%, Test: 27.64%
Run: 01, Epoch: 463, Loss: 2.7490, Train: 32.45%, Valid: 27.64%, Test: 27.64%
Run: 01, Epoch: 464, Loss: 2.7499, Train: 32.39%, Valid: 27.59%, Test: 27.59%
Run: 01, Epoch: 465, Loss: 2.7494, Train: 32.45%, Valid: 27.56%, Test: 27.56%
Run: 01, Epoch: 466, Loss: 2.7498, Train: 32.45%, Valid: 27.53%, Test: 27.53%
Run: 01, Epoch: 467, Loss: 2.7508, Train: 32.44%, Valid: 27.58%, Test: 27.58%
Run: 01, Epoch: 468, Loss: 2.7493, Train: 32.39%, Valid: 27.67%, Test: 27.67%
Run: 01, Epoch: 469, Loss: 2.7494, Train: 32.42%, Valid: 27.54%, Test: 27.54%
Run: 01, Epoch: 470, Loss: 2.7489, Train: 32.42%, Valid: 27.59%, Test: 27.59%
Run: 01, Epoch: 471, Loss: 2.7502, Train: 32.36%, Valid: 27.44%, Test: 27.44%
Run: 01, Epoch: 472, Loss: 2.7487, Train: 32.46%, Valid: 27.45%, Test: 27.45%
Run: 01, Epoch: 473, Loss: 2.7497, Train: 32.39%, Valid: 27.65%, Test: 27.65%
Run: 01, Epoch: 474, Loss: 2.7476, Train: 32.37%, Valid: 27.52%, Test: 27.52%
Run: 01, Epoch: 475, Loss: 2.7501, Train: 32.41%, Valid: 27.36%, Test: 27.36%
Run: 01, Epoch: 476, Loss: 2.7500, Train: 32.47%, Valid: 27.44%, Test: 27.44%
Run: 01, Epoch: 477, Loss: 2.7474, Train: 32.47%, Valid: 27.58%, Test: 27.58%
Run: 01, Epoch: 478, Loss: 2.7476, Train: 32.49%, Valid: 27.56%, Test: 27.56%
Run: 01, Epoch: 479, Loss: 2.7490, Train: 32.37%, Valid: 27.59%, Test: 27.59%
Run: 01, Epoch: 480, Loss: 2.7483, Train: 32.42%, Valid: 27.63%, Test: 27.63%
Run: 01, Epoch: 481, Loss: 2.7478, Train: 32.52%, Valid: 27.49%, Test: 27.49%
Run: 01, Epoch: 482, Loss: 2.7483, Train: 32.43%, Valid: 27.32%, Test: 27.32%
Run: 01, Epoch: 483, Loss: 2.7463, Train: 32.40%, Valid: 27.12%, Test: 27.12%
Run: 01, Epoch: 484, Loss: 2.7484, Train: 32.41%, Valid: 27.23%, Test: 27.23%
Run: 01, Epoch: 485, Loss: 2.7485, Train: 32.52%, Valid: 27.27%, Test: 27.27%
Run: 01, Epoch: 486, Loss: 2.7487, Train: 32.49%, Valid: 27.63%, Test: 27.63%
Run: 01, Epoch: 487, Loss: 2.7492, Train: 32.50%, Valid: 27.60%, Test: 27.60%
Run: 01, Epoch: 488, Loss: 2.7470, Train: 32.53%, Valid: 27.61%, Test: 27.61%
Run: 01, Epoch: 489, Loss: 2.7471, Train: 32.46%, Valid: 27.57%, Test: 27.57%
Run: 01, Epoch: 490, Loss: 2.7456, Train: 32.49%, Valid: 27.52%, Test: 27.52%
Run: 01, Epoch: 491, Loss: 2.7478, Train: 32.53%, Valid: 27.60%, Test: 27.60%
Run: 01, Epoch: 492, Loss: 2.7449, Train: 32.50%, Valid: 27.52%, Test: 27.52%
Run: 01, Epoch: 493, Loss: 2.7459, Train: 32.48%, Valid: 27.67%, Test: 27.67%
Run: 01, Epoch: 494, Loss: 2.7463, Train: 32.46%, Valid: 27.72%, Test: 27.72%
Run: 01, Epoch: 495, Loss: 2.7466, Train: 32.48%, Valid: 27.65%, Test: 27.65%
Run: 01, Epoch: 496, Loss: 2.7455, Train: 32.44%, Valid: 27.67%, Test: 27.67%
Run: 01, Epoch: 497, Loss: 2.7447, Train: 32.51%, Valid: 27.63%, Test: 27.63%
Run: 01, Epoch: 498, Loss: 2.7457, Train: 32.56%, Valid: 27.51%, Test: 27.51%
Run: 01, Epoch: 499, Loss: 2.7442, Train: 32.52%, Valid: 27.43%, Test: 27.43%
Run: 01, Epoch: 500, Loss: 2.7474, Train: 32.44%, Valid: 27.65%, Test: 27.65%
All runs:
Highest Train: 0.00 ± nan
Highest Valid: 0.00 ± nan
  Final Train: 0.00 ± nan
   Final Test: 0.00 ± nan

2017
{2017: 0.32335352168381326}
2018
{2017: 0.0679462681730893, 2018: 0.023042895235746545}
2019
{2017: 0.06778584146982627, 2018: 0.02285793554154657, 2019: 0.00092992202961444}
p=0.001, len=106
{2017: 0.32335352168381326, 2018: 0.0, 2019: 0.0}
p=0.01, len=1068
{2017: 0.32335352168381326, 2018: 0.0, 2019: 0.0}
p=0.05, len=5340
{2017: 0.32335352168381326, 2018: 0.0, 2019: 0.0}
p=0.1, len=10681
{2017: 0.32335352168381326, 2018: 0.0, 2019: 0.0}
p=0.2, len=21363
{2017: 0.32335352168381326, 2018: 0.0, 2019: 0.0}
p=0.5, len=53409
{2017: 0.32335352168381326, 2018: 0.00025708465995609783, 2019: 0.0}
p=1, len=106818
{2017: 0.32335352168381326, 2018: 0.00023119961774996532, 2019: 7.153246381649539e-05}
All runs:
Highest Train: 0.33 ± nan
Highest Valid: 0.28 ± nan
  Final Train: 0.32 ± nan
   Final Test: 0.28 ± nan

