1990 Data(x=[38373, 1], edge_index=[2, 38373], y=[38373, 1], num_nodes=255, node_year=[38373, 1])
1991 Data(x=[48033, 1], edge_index=[2, 48033], y=[48033, 1], num_nodes=255, node_year=[48033, 1])
1992 Data(x=[58595, 1], edge_index=[2, 58595], y=[58595, 1], num_nodes=255, node_year=[58595, 1])
1993 Data(x=[70416, 1], edge_index=[2, 70416], y=[70416, 1], num_nodes=255, node_year=[70416, 1])
torch.Size([16935]), torch.Size([1866])
Run: 01, Epoch: 01, Loss: 2171.0276, Train: 1892.83, Valid: 1912.42, Test: 1912.42
Run: 01, Epoch: 02, Loss: 1685.7689, Train: 1680.73, Valid: 1700.26, Test: 1700.26
Run: 01, Epoch: 03, Loss: 1274.6627, Train: 1451.96, Valid: 1471.46, Test: 1471.46
Run: 01, Epoch: 04, Loss: 1004.1682, Train: 1228.14, Valid: 1247.60, Test: 1247.60
Run: 01, Epoch: 05, Loss: 956.9570, Train: 1083.59, Valid: 1103.07, Test: 1103.07
Run: 01, Epoch: 06, Loss: 1213.5236, Train: 1055.46, Valid: 1074.96, Test: 1074.96
Run: 01, Epoch: 07, Loss: 1110.3566, Train: 1066.71, Valid: 1086.25, Test: 1086.25
Run: 01, Epoch: 08, Loss: 1021.3594, Train: 1100.33, Valid: 1119.90, Test: 1119.90
Run: 01, Epoch: 09, Loss: 951.8925, Train: 1140.73, Valid: 1160.33, Test: 1160.33
Run: 01, Epoch: 10, Loss: 937.9376, Train: 1172.25, Valid: 1191.88, Test: 1191.88
Run: 01, Epoch: 11, Loss: 1019.8791, Train: 1184.67, Valid: 1204.33, Test: 1204.33
Run: 01, Epoch: 12, Loss: 1018.6567, Train: 1177.84, Valid: 1197.53, Test: 1197.53
Run: 01, Epoch: 13, Loss: 1022.0529, Train: 1152.36, Valid: 1172.08, Test: 1172.08
Run: 01, Epoch: 14, Loss: 1001.7801, Train: 1114.26, Valid: 1134.00, Test: 1134.00
Run: 01, Epoch: 15, Loss: 989.2150, Train: 1066.66, Valid: 1086.43, Test: 1086.43
Run: 01, Epoch: 16, Loss: 946.1135, Train: 1017.66, Valid: 1037.45, Test: 1037.45
Run: 01, Epoch: 17, Loss: 939.4659, Train: 974.87, Valid: 994.68, Test: 994.68
Run: 01, Epoch: 18, Loss: 932.0933, Train: 945.55, Valid: 965.39, Test: 965.39
Run: 01, Epoch: 19, Loss: 943.7764, Train: 929.81, Valid: 949.67, Test: 949.67
Run: 01, Epoch: 20, Loss: 991.6812, Train: 924.63, Valid: 944.52, Test: 944.52
Run: 01, Epoch: 21, Loss: 965.0557, Train: 923.03, Valid: 942.96, Test: 942.96
Run: 01, Epoch: 22, Loss: 939.4994, Train: 924.96, Valid: 944.94, Test: 944.94
Run: 01, Epoch: 23, Loss: 926.9039, Train: 930.06, Valid: 950.09, Test: 950.09
Run: 01, Epoch: 24, Loss: 927.3492, Train: 935.01, Valid: 955.09, Test: 955.09
Run: 01, Epoch: 25, Loss: 921.7978, Train: 938.51, Valid: 958.63, Test: 958.63
Run: 01, Epoch: 26, Loss: 922.8872, Train: 938.46, Valid: 958.64, Test: 958.64
Run: 01, Epoch: 27, Loss: 939.5545, Train: 933.21, Valid: 953.42, Test: 953.42
Run: 01, Epoch: 28, Loss: 924.2198, Train: 924.77, Valid: 945.02, Test: 945.02
Run: 01, Epoch: 29, Loss: 903.8819, Train: 916.20, Valid: 936.49, Test: 936.49
Run: 01, Epoch: 30, Loss: 916.9216, Train: 907.01, Valid: 927.33, Test: 927.33
Run: 01, Epoch: 31, Loss: 923.6586, Train: 899.88, Valid: 920.23, Test: 920.23
Run: 01, Epoch: 32, Loss: 934.3890, Train: 894.66, Valid: 915.04, Test: 915.04
Run: 01, Epoch: 33, Loss: 892.9730, Train: 890.78, Valid: 911.20, Test: 911.20
Run: 01, Epoch: 34, Loss: 904.0777, Train: 887.48, Valid: 907.94, Test: 907.94
Run: 01, Epoch: 35, Loss: 886.0632, Train: 884.41, Valid: 904.92, Test: 904.92
Run: 01, Epoch: 36, Loss: 885.6832, Train: 882.06, Valid: 902.63, Test: 902.63
Run: 01, Epoch: 37, Loss: 876.7090, Train: 881.70, Valid: 902.34, Test: 902.34
Run: 01, Epoch: 38, Loss: 898.8101, Train: 882.62, Valid: 903.33, Test: 903.33
Run: 01, Epoch: 39, Loss: 878.0626, Train: 882.80, Valid: 903.58, Test: 903.58
Run: 01, Epoch: 40, Loss: 904.6448, Train: 880.38, Valid: 901.22, Test: 901.22
Run: 01, Epoch: 41, Loss: 874.9083, Train: 875.13, Valid: 896.01, Test: 896.01
Run: 01, Epoch: 42, Loss: 901.5704, Train: 869.72, Valid: 890.64, Test: 890.64
Run: 01, Epoch: 43, Loss: 894.5324, Train: 864.13, Valid: 885.09, Test: 885.09
Run: 01, Epoch: 44, Loss: 898.9261, Train: 859.36, Valid: 880.36, Test: 880.36
Run: 01, Epoch: 45, Loss: 881.0493, Train: 854.70, Valid: 875.72, Test: 875.72
Run: 01, Epoch: 46, Loss: 884.4935, Train: 851.30, Valid: 872.35, Test: 872.35
Run: 01, Epoch: 47, Loss: 866.4924, Train: 848.18, Valid: 869.29, Test: 869.29
Run: 01, Epoch: 48, Loss: 907.1461, Train: 845.46, Valid: 866.65, Test: 866.65
Run: 01, Epoch: 49, Loss: 886.3497, Train: 844.71, Valid: 866.01, Test: 866.01
Run: 01, Epoch: 50, Loss: 865.4769, Train: 844.39, Valid: 865.79, Test: 865.79
Run: 01, Epoch: 51, Loss: 867.3489, Train: 843.09, Valid: 864.58, Test: 864.58
Run: 01, Epoch: 52, Loss: 835.7018, Train: 838.87, Valid: 860.42, Test: 860.42
Run: 01, Epoch: 53, Loss: 852.0242, Train: 834.72, Valid: 856.34, Test: 856.34
Run: 01, Epoch: 54, Loss: 854.5334, Train: 829.08, Valid: 850.76, Test: 850.76
Run: 01, Epoch: 55, Loss: 851.1927, Train: 823.39, Valid: 845.11, Test: 845.11
Run: 01, Epoch: 56, Loss: 860.3060, Train: 818.11, Valid: 839.89, Test: 839.89
Run: 01, Epoch: 57, Loss: 857.1711, Train: 813.82, Valid: 835.66, Test: 835.66
Run: 01, Epoch: 58, Loss: 840.4679, Train: 809.51, Valid: 831.39, Test: 831.39
Run: 01, Epoch: 59, Loss: 826.1075, Train: 805.74, Valid: 827.68, Test: 827.68
Run: 01, Epoch: 60, Loss: 820.4757, Train: 801.84, Valid: 823.86, Test: 823.86
Run: 01, Epoch: 61, Loss: 836.4487, Train: 797.97, Valid: 820.14, Test: 820.14
Run: 01, Epoch: 62, Loss: 831.3152, Train: 796.78, Valid: 819.12, Test: 819.12
Run: 01, Epoch: 63, Loss: 822.6780, Train: 796.19, Valid: 818.70, Test: 818.70
Run: 01, Epoch: 64, Loss: 822.1216, Train: 793.85, Valid: 816.46, Test: 816.46
Run: 01, Epoch: 65, Loss: 811.7137, Train: 790.86, Valid: 813.57, Test: 813.57
Run: 01, Epoch: 66, Loss: 823.1093, Train: 786.50, Valid: 809.29, Test: 809.29
Run: 01, Epoch: 67, Loss: 796.7396, Train: 782.19, Valid: 805.07, Test: 805.07
Run: 01, Epoch: 68, Loss: 804.8950, Train: 777.36, Valid: 800.31, Test: 800.31
Run: 01, Epoch: 69, Loss: 831.6858, Train: 771.08, Valid: 794.05, Test: 794.05
Run: 01, Epoch: 70, Loss: 802.7538, Train: 767.80, Valid: 790.88, Test: 790.88
Run: 01, Epoch: 71, Loss: 845.3110, Train: 764.14, Valid: 787.30, Test: 787.30
Run: 01, Epoch: 72, Loss: 816.3927, Train: 761.74, Valid: 785.05, Test: 785.05
Run: 01, Epoch: 73, Loss: 812.8643, Train: 757.57, Valid: 780.95, Test: 780.95
Run: 01, Epoch: 74, Loss: 835.7072, Train: 756.97, Valid: 780.51, Test: 780.51
Run: 01, Epoch: 75, Loss: 786.4261, Train: 754.94, Valid: 778.61, Test: 778.61
Run: 01, Epoch: 76, Loss: 783.0007, Train: 755.66, Valid: 779.50, Test: 779.50
Run: 01, Epoch: 77, Loss: 799.2094, Train: 752.74, Valid: 776.66, Test: 776.66
Run: 01, Epoch: 78, Loss: 766.5056, Train: 746.16, Valid: 770.08, Test: 770.08
Run: 01, Epoch: 79, Loss: 812.6277, Train: 740.15, Valid: 764.06, Test: 764.06
Run: 01, Epoch: 80, Loss: 763.4810, Train: 735.83, Valid: 759.77, Test: 759.77
Run: 01, Epoch: 81, Loss: 765.7719, Train: 732.54, Valid: 756.57, Test: 756.57
Run: 01, Epoch: 82, Loss: 792.3828, Train: 731.63, Valid: 755.91, Test: 755.91
Run: 01, Epoch: 83, Loss: 769.8275, Train: 734.28, Valid: 758.82, Test: 758.82
Run: 01, Epoch: 84, Loss: 786.4333, Train: 739.49, Valid: 764.26, Test: 764.26
Run: 01, Epoch: 85, Loss: 722.0739, Train: 738.87, Valid: 763.75, Test: 763.75
Run: 01, Epoch: 86, Loss: 767.3956, Train: 730.96, Valid: 755.84, Test: 755.84
Run: 01, Epoch: 87, Loss: 818.5222, Train: 721.01, Valid: 745.77, Test: 745.77
Run: 01, Epoch: 88, Loss: 727.0720, Train: 715.09, Valid: 739.72, Test: 739.72
Run: 01, Epoch: 89, Loss: 732.3308, Train: 713.20, Valid: 737.79, Test: 737.79
Run: 01, Epoch: 90, Loss: 783.7896, Train: 711.38, Valid: 736.05, Test: 736.05
Run: 01, Epoch: 91, Loss: 770.9255, Train: 710.86, Valid: 735.79, Test: 735.79
Run: 01, Epoch: 92, Loss: 775.6772, Train: 715.05, Valid: 740.29, Test: 740.29
Run: 01, Epoch: 93, Loss: 779.4568, Train: 722.78, Valid: 748.25, Test: 748.25
Run: 01, Epoch: 94, Loss: 775.2110, Train: 725.55, Valid: 751.13, Test: 751.13
Run: 01, Epoch: 95, Loss: 800.0390, Train: 718.06, Valid: 743.54, Test: 743.54
Run: 01, Epoch: 96, Loss: 734.6926, Train: 708.65, Valid: 733.94, Test: 733.94
Run: 01, Epoch: 97, Loss: 749.9434, Train: 703.75, Valid: 728.75, Test: 728.75
Run: 01, Epoch: 98, Loss: 813.6171, Train: 704.33, Valid: 729.19, Test: 729.19
Run: 01, Epoch: 99, Loss: 754.1943, Train: 703.38, Valid: 728.28, Test: 728.28
Run: 01, Epoch: 100, Loss: 710.1838, Train: 701.75, Valid: 726.84, Test: 726.84
Run: 01, Epoch: 101, Loss: 808.7802, Train: 703.79, Valid: 729.15, Test: 729.15
Run: 01, Epoch: 102, Loss: 751.3069, Train: 708.58, Valid: 734.14, Test: 734.14
Run: 01, Epoch: 103, Loss: 748.2747, Train: 711.10, Valid: 736.75, Test: 736.75
Run: 01, Epoch: 104, Loss: 795.9142, Train: 707.83, Valid: 733.45, Test: 733.45
Run: 01, Epoch: 105, Loss: 744.8846, Train: 702.53, Valid: 728.03, Test: 728.03
Run: 01, Epoch: 106, Loss: 704.5784, Train: 699.26, Valid: 724.63, Test: 724.63
Run: 01, Epoch: 107, Loss: 771.1622, Train: 697.73, Valid: 723.03, Test: 723.03
Run: 01, Epoch: 108, Loss: 754.7198, Train: 697.00, Valid: 722.30, Test: 722.30
Run: 01, Epoch: 109, Loss: 774.4014, Train: 696.37, Valid: 721.86, Test: 721.86
Run: 01, Epoch: 110, Loss: 739.4328, Train: 698.65, Valid: 724.38, Test: 724.38
Run: 01, Epoch: 111, Loss: 702.9808, Train: 700.86, Valid: 726.76, Test: 726.76
Run: 01, Epoch: 112, Loss: 770.4072, Train: 699.00, Valid: 724.89, Test: 724.89
Run: 01, Epoch: 113, Loss: 698.9716, Train: 696.39, Valid: 722.23, Test: 722.23
Run: 01, Epoch: 114, Loss: 710.8986, Train: 693.32, Valid: 719.03, Test: 719.03
Run: 01, Epoch: 115, Loss: 738.5336, Train: 692.40, Valid: 717.99, Test: 717.99
Run: 01, Epoch: 116, Loss: 698.0114, Train: 692.52, Valid: 718.00, Test: 718.00
Run: 01, Epoch: 117, Loss: 763.0740, Train: 691.62, Valid: 717.15, Test: 717.15
Run: 01, Epoch: 118, Loss: 768.1974, Train: 691.13, Valid: 716.72, Test: 716.72
Run: 01, Epoch: 119, Loss: 753.3765, Train: 692.67, Valid: 718.47, Test: 718.47
Run: 01, Epoch: 120, Loss: 737.8571, Train: 698.79, Valid: 724.81, Test: 724.81
Run: 01, Epoch: 121, Loss: 732.8612, Train: 704.12, Valid: 730.26, Test: 730.26
Run: 01, Epoch: 122, Loss: 772.0453, Train: 707.41, Valid: 733.62, Test: 733.62
Run: 01, Epoch: 123, Loss: 818.3375, Train: 700.16, Valid: 726.22, Test: 726.22
Run: 01, Epoch: 124, Loss: 743.7108, Train: 695.14, Valid: 721.09, Test: 721.09
Run: 01, Epoch: 125, Loss: 722.6783, Train: 691.84, Valid: 717.68, Test: 717.68
Run: 01, Epoch: 126, Loss: 734.8823, Train: 689.50, Valid: 715.24, Test: 715.24
Run: 01, Epoch: 127, Loss: 709.3834, Train: 688.43, Valid: 714.07, Test: 714.07
Run: 01, Epoch: 128, Loss: 774.4423, Train: 688.12, Valid: 713.69, Test: 713.69
Run: 01, Epoch: 129, Loss: 698.6578, Train: 687.95, Valid: 713.52, Test: 713.52
Run: 01, Epoch: 130, Loss: 748.9568, Train: 688.06, Valid: 713.76, Test: 713.76
Run: 01, Epoch: 131, Loss: 732.6889, Train: 689.61, Valid: 715.45, Test: 715.45
Run: 01, Epoch: 132, Loss: 788.5045, Train: 693.64, Valid: 719.58, Test: 719.58
Run: 01, Epoch: 133, Loss: 686.8431, Train: 694.40, Valid: 720.35, Test: 720.35
Run: 01, Epoch: 134, Loss: 796.8152, Train: 691.56, Valid: 717.42, Test: 717.42
Run: 01, Epoch: 135, Loss: 765.0126, Train: 688.50, Valid: 714.24, Test: 714.24
Run: 01, Epoch: 136, Loss: 772.1997, Train: 686.57, Valid: 712.17, Test: 712.17
Run: 01, Epoch: 137, Loss: 748.7937, Train: 686.40, Valid: 711.93, Test: 711.93
Run: 01, Epoch: 138, Loss: 727.3190, Train: 686.58, Valid: 712.16, Test: 712.16
Run: 01, Epoch: 139, Loss: 752.9744, Train: 687.97, Valid: 713.65, Test: 713.65
Run: 01, Epoch: 140, Loss: 789.6404, Train: 689.11, Valid: 714.82, Test: 714.82
Run: 01, Epoch: 141, Loss: 740.5717, Train: 688.71, Valid: 714.36, Test: 714.36
Run: 01, Epoch: 142, Loss: 724.6309, Train: 688.25, Valid: 713.86, Test: 713.86
Run: 01, Epoch: 143, Loss: 777.2743, Train: 687.49, Valid: 713.01, Test: 713.01
Run: 01, Epoch: 144, Loss: 707.7081, Train: 686.75, Valid: 712.22, Test: 712.22
Run: 01, Epoch: 145, Loss: 726.9168, Train: 685.80, Valid: 711.20, Test: 711.20
Run: 01, Epoch: 146, Loss: 735.0543, Train: 685.66, Valid: 711.08, Test: 711.08
Run: 01, Epoch: 147, Loss: 678.0429, Train: 685.49, Valid: 710.94, Test: 710.94
Run: 01, Epoch: 148, Loss: 756.0912, Train: 685.77, Valid: 711.34, Test: 711.34
Run: 01, Epoch: 149, Loss: 732.9125, Train: 686.63, Valid: 712.32, Test: 712.32
Run: 01, Epoch: 150, Loss: 743.6688, Train: 685.79, Valid: 711.46, Test: 711.46
Run: 01, Epoch: 151, Loss: 741.1368, Train: 685.00, Valid: 710.62, Test: 710.62
Run: 01, Epoch: 152, Loss: 723.4529, Train: 684.55, Valid: 710.17, Test: 710.17
Run: 01, Epoch: 153, Loss: 734.7401, Train: 684.00, Valid: 709.59, Test: 709.59
Run: 01, Epoch: 154, Loss: 694.5348, Train: 683.01, Valid: 708.55, Test: 708.55
Run: 01, Epoch: 155, Loss: 730.3018, Train: 682.62, Valid: 708.15, Test: 708.15
Run: 01, Epoch: 156, Loss: 708.0721, Train: 682.35, Valid: 707.92, Test: 707.92
Run: 01, Epoch: 157, Loss: 714.1666, Train: 682.14, Valid: 707.78, Test: 707.78
Run: 01, Epoch: 158, Loss: 731.2307, Train: 681.99, Valid: 707.67, Test: 707.67
Run: 01, Epoch: 159, Loss: 744.3902, Train: 681.95, Valid: 707.67, Test: 707.67
Run: 01, Epoch: 160, Loss: 758.0551, Train: 682.43, Valid: 708.24, Test: 708.24
Run: 01, Epoch: 161, Loss: 733.0750, Train: 682.79, Valid: 708.64, Test: 708.64
Run: 01, Epoch: 162, Loss: 711.7953, Train: 682.81, Valid: 708.68, Test: 708.68
Run: 01, Epoch: 163, Loss: 686.5109, Train: 683.01, Valid: 708.91, Test: 708.91
Run: 01, Epoch: 164, Loss: 745.6348, Train: 683.08, Valid: 708.99, Test: 708.99
Run: 01, Epoch: 165, Loss: 725.5198, Train: 682.96, Valid: 708.85, Test: 708.85
Run: 01, Epoch: 166, Loss: 757.8444, Train: 682.78, Valid: 708.67, Test: 708.67
Run: 01, Epoch: 167, Loss: 722.7736, Train: 682.52, Valid: 708.39, Test: 708.39
Run: 01, Epoch: 168, Loss: 698.5525, Train: 682.29, Valid: 708.14, Test: 708.14
Run: 01, Epoch: 169, Loss: 708.0582, Train: 682.08, Valid: 707.91, Test: 707.91
Run: 01, Epoch: 170, Loss: 749.3709, Train: 682.01, Valid: 707.83, Test: 707.83
Run: 01, Epoch: 171, Loss: 747.6885, Train: 681.89, Valid: 707.70, Test: 707.70
Run: 01, Epoch: 172, Loss: 747.5666, Train: 681.73, Valid: 707.52, Test: 707.52
Run: 01, Epoch: 173, Loss: 736.0379, Train: 681.62, Valid: 707.39, Test: 707.39
Run: 01, Epoch: 174, Loss: 736.0591, Train: 681.58, Valid: 707.35, Test: 707.35
Run: 01, Epoch: 175, Loss: 758.6248, Train: 681.56, Valid: 707.33, Test: 707.33
Run: 01, Epoch: 176, Loss: 744.8254, Train: 681.58, Valid: 707.34, Test: 707.34
Run: 01, Epoch: 177, Loss: 716.6341, Train: 681.56, Valid: 707.33, Test: 707.33
Run: 01, Epoch: 178, Loss: 754.3820, Train: 681.56, Valid: 707.32, Test: 707.32
Run: 01, Epoch: 179, Loss: 725.2868, Train: 681.58, Valid: 707.35, Test: 707.35
Run: 01, Epoch: 180, Loss: 712.5552, Train: 681.65, Valid: 707.43, Test: 707.43
Run: 01, Epoch: 181, Loss: 697.5467, Train: 681.73, Valid: 707.51, Test: 707.51
Run: 01, Epoch: 182, Loss: 723.2783, Train: 681.77, Valid: 707.56, Test: 707.56
Run: 01, Epoch: 183, Loss: 736.5583, Train: 681.83, Valid: 707.62, Test: 707.62
Run: 01, Epoch: 184, Loss: 708.1622, Train: 681.88, Valid: 707.67, Test: 707.67
Run: 01, Epoch: 185, Loss: 762.6575, Train: 681.88, Valid: 707.68, Test: 707.68
Run: 01, Epoch: 186, Loss: 744.8325, Train: 681.89, Valid: 707.68, Test: 707.68
Run: 01, Epoch: 187, Loss: 718.9532, Train: 681.91, Valid: 707.70, Test: 707.70
Run: 01, Epoch: 188, Loss: 727.1544, Train: 681.88, Valid: 707.67, Test: 707.67
Run: 01, Epoch: 189, Loss: 701.1341, Train: 681.93, Valid: 707.73, Test: 707.73
Run: 01, Epoch: 190, Loss: 741.6545, Train: 681.93, Valid: 707.73, Test: 707.73
Run: 01, Epoch: 191, Loss: 783.0891, Train: 681.96, Valid: 707.76, Test: 707.76
Run: 01, Epoch: 192, Loss: 777.5226, Train: 682.02, Valid: 707.82, Test: 707.82
Run: 01, Epoch: 193, Loss: 672.6408, Train: 682.04, Valid: 707.85, Test: 707.85
Run: 01, Epoch: 194, Loss: 695.6801, Train: 682.06, Valid: 707.87, Test: 707.87
Run: 01, Epoch: 195, Loss: 772.3273, Train: 682.06, Valid: 707.88, Test: 707.88
Run: 01, Epoch: 196, Loss: 758.8519, Train: 682.07, Valid: 707.89, Test: 707.89
Run: 01, Epoch: 197, Loss: 680.3705, Train: 682.08, Valid: 707.89, Test: 707.89
Run: 01, Epoch: 198, Loss: 738.4049, Train: 682.06, Valid: 707.88, Test: 707.88
Run: 01, Epoch: 199, Loss: 712.4351, Train: 682.08, Valid: 707.90, Test: 707.90
Run: 01, Epoch: 200, Loss: 712.3947, Train: 682.08, Valid: 707.90, Test: 707.90
Run: 01, Epoch: 201, Loss: 710.0460, Train: 682.09, Valid: 707.91, Test: 707.91
Run: 01, Epoch: 202, Loss: 779.0217, Train: 682.10, Valid: 707.92, Test: 707.92
Run: 01, Epoch: 203, Loss: 777.4720, Train: 682.11, Valid: 707.93, Test: 707.93
Run: 01, Epoch: 204, Loss: 702.8287, Train: 682.12, Valid: 707.94, Test: 707.94
Run: 01, Epoch: 205, Loss: 748.3784, Train: 682.12, Valid: 707.94, Test: 707.94
Run: 01, Epoch: 206, Loss: 748.8597, Train: 682.13, Valid: 707.95, Test: 707.95
Run: 01, Epoch: 207, Loss: 737.4673, Train: 682.15, Valid: 707.97, Test: 707.97
Run: 01, Epoch: 208, Loss: 783.2300, Train: 682.14, Valid: 707.96, Test: 707.96
Run: 01, Epoch: 209, Loss: 761.9674, Train: 682.14, Valid: 707.96, Test: 707.96
Run: 01, Epoch: 210, Loss: 712.9373, Train: 682.17, Valid: 707.99, Test: 707.99
Run: 01, Epoch: 211, Loss: 683.2518, Train: 682.16, Valid: 707.98, Test: 707.98
Run: 01, Epoch: 212, Loss: 732.0740, Train: 682.16, Valid: 707.99, Test: 707.99
Run: 01, Epoch: 213, Loss: 688.1777, Train: 682.17, Valid: 707.99, Test: 707.99
Run: 01, Epoch: 214, Loss: 763.6554, Train: 682.16, Valid: 707.98, Test: 707.98
Run: 01, Epoch: 215, Loss: 705.4659, Train: 682.15, Valid: 707.97, Test: 707.97
Run: 01, Epoch: 216, Loss: 671.4030, Train: 682.15, Valid: 707.98, Test: 707.98
Run: 01, Epoch: 217, Loss: 743.0885, Train: 682.17, Valid: 707.99, Test: 707.99
Run: 01, Epoch: 218, Loss: 668.7690, Train: 682.19, Valid: 708.01, Test: 708.01
Run: 01, Epoch: 219, Loss: 701.5482, Train: 682.18, Valid: 708.01, Test: 708.01
Run: 01, Epoch: 220, Loss: 730.8566, Train: 682.18, Valid: 708.00, Test: 708.00
Run: 01, Epoch: 221, Loss: 702.3956, Train: 682.18, Valid: 708.00, Test: 708.00
Run: 01, Epoch: 222, Loss: 682.0390, Train: 682.17, Valid: 708.00, Test: 708.00
Run: 01, Epoch: 223, Loss: 724.9399, Train: 682.18, Valid: 708.01, Test: 708.01
Run: 01, Epoch: 224, Loss: 696.5524, Train: 682.18, Valid: 708.01, Test: 708.01
Run: 01, Epoch: 225, Loss: 756.8185, Train: 682.16, Valid: 707.98, Test: 707.98
Run: 01, Epoch: 226, Loss: 733.6826, Train: 682.14, Valid: 707.97, Test: 707.97
Run: 01, Epoch: 227, Loss: 751.7324, Train: 682.14, Valid: 707.96, Test: 707.96
Run: 01, Epoch: 228, Loss: 709.8976, Train: 682.14, Valid: 707.96, Test: 707.96
Run: 01, Epoch: 229, Loss: 704.0508, Train: 682.15, Valid: 707.98, Test: 707.98
Run: 01, Epoch: 230, Loss: 713.5679, Train: 682.16, Valid: 707.99, Test: 707.99
Run: 01, Epoch: 231, Loss: 765.3851, Train: 682.16, Valid: 707.98, Test: 707.98
Run: 01, Epoch: 232, Loss: 769.6169, Train: 682.15, Valid: 707.98, Test: 707.98
Run: 01, Epoch: 233, Loss: 739.8018, Train: 682.13, Valid: 707.95, Test: 707.95
Run: 01, Epoch: 234, Loss: 735.0319, Train: 682.13, Valid: 707.95, Test: 707.95
Run: 01, Epoch: 235, Loss: 718.9382, Train: 682.14, Valid: 707.97, Test: 707.97
Run: 01, Epoch: 236, Loss: 665.8861, Train: 682.14, Valid: 707.97, Test: 707.97
Run: 01, Epoch: 237, Loss: 734.3178, Train: 682.14, Valid: 707.96, Test: 707.96
Run: 01, Epoch: 238, Loss: 745.2268, Train: 682.11, Valid: 707.94, Test: 707.94
Run: 01, Epoch: 239, Loss: 757.8964, Train: 682.12, Valid: 707.94, Test: 707.94
Run: 01, Epoch: 240, Loss: 727.6381, Train: 682.11, Valid: 707.94, Test: 707.94
Run: 01, Epoch: 241, Loss: 727.9249, Train: 682.11, Valid: 707.94, Test: 707.94
Run: 01, Epoch: 242, Loss: 711.7468, Train: 682.12, Valid: 707.94, Test: 707.94
Run: 01, Epoch: 243, Loss: 732.3857, Train: 682.12, Valid: 707.94, Test: 707.94
Run: 01, Epoch: 244, Loss: 723.5259, Train: 682.12, Valid: 707.94, Test: 707.94
Run: 01, Epoch: 245, Loss: 768.9923, Train: 682.12, Valid: 707.95, Test: 707.95
Run: 01, Epoch: 246, Loss: 682.8634, Train: 682.12, Valid: 707.94, Test: 707.94
Run: 01, Epoch: 247, Loss: 669.2691, Train: 682.12, Valid: 707.94, Test: 707.94
Run: 01, Epoch: 248, Loss: 718.0650, Train: 682.12, Valid: 707.95, Test: 707.95
Run: 01, Epoch: 249, Loss: 724.0773, Train: 682.13, Valid: 707.95, Test: 707.95
Run: 01, Epoch: 250, Loss: 714.0411, Train: 682.15, Valid: 707.97, Test: 707.97
Run: 01, Epoch: 251, Loss: 721.2073, Train: 682.18, Valid: 708.00, Test: 708.00
Run: 01, Epoch: 252, Loss: 761.4343, Train: 682.17, Valid: 707.99, Test: 707.99
Run: 01, Epoch: 253, Loss: 703.3784, Train: 682.18, Valid: 708.01, Test: 708.01
Run: 01, Epoch: 254, Loss: 741.9008, Train: 682.18, Valid: 708.00, Test: 708.00
Run: 01, Epoch: 255, Loss: 756.4781, Train: 682.18, Valid: 708.00, Test: 708.00
Run: 01, Epoch: 256, Loss: 733.5786, Train: 682.18, Valid: 708.00, Test: 708.00
Run: 01, Epoch: 257, Loss: 741.7928, Train: 682.17, Valid: 708.00, Test: 708.00
Run: 01, Epoch: 258, Loss: 783.7222, Train: 682.17, Valid: 707.99, Test: 707.99
Run: 01, Epoch: 259, Loss: 700.7950, Train: 682.17, Valid: 708.00, Test: 708.00
Run: 01, Epoch: 260, Loss: 761.4787, Train: 682.18, Valid: 708.00, Test: 708.00
Run: 01, Epoch: 261, Loss: 755.0818, Train: 682.16, Valid: 707.98, Test: 707.98
Run: 01, Epoch: 262, Loss: 721.6270, Train: 682.16, Valid: 707.99, Test: 707.99
Run: 01, Epoch: 263, Loss: 746.1302, Train: 682.16, Valid: 707.98, Test: 707.98
Run: 01, Epoch: 264, Loss: 720.3832, Train: 682.17, Valid: 708.00, Test: 708.00
Run: 01, Epoch: 265, Loss: 748.9564, Train: 682.18, Valid: 708.01, Test: 708.01
Run: 01, Epoch: 266, Loss: 760.8283, Train: 682.19, Valid: 708.01, Test: 708.01
Run: 01, Epoch: 267, Loss: 744.6384, Train: 682.18, Valid: 708.00, Test: 708.00
Run: 01, Epoch: 268, Loss: 710.9721, Train: 682.18, Valid: 708.00, Test: 708.00
Run: 01, Epoch: 269, Loss: 752.8312, Train: 682.17, Valid: 707.99, Test: 707.99
Run: 01, Epoch: 270, Loss: 694.0118, Train: 682.16, Valid: 707.98, Test: 707.98
Run: 01, Epoch: 271, Loss: 740.6823, Train: 682.17, Valid: 708.00, Test: 708.00
Run: 01, Epoch: 272, Loss: 765.4534, Train: 682.15, Valid: 707.98, Test: 707.98
Run: 01, Epoch: 273, Loss: 755.1891, Train: 682.14, Valid: 707.96, Test: 707.96
Run: 01, Epoch: 274, Loss: 685.2988, Train: 682.15, Valid: 707.97, Test: 707.97
Run: 01, Epoch: 275, Loss: 721.3435, Train: 682.15, Valid: 707.97, Test: 707.97
Run: 01, Epoch: 276, Loss: 691.7842, Train: 682.16, Valid: 707.99, Test: 707.99
Run: 01, Epoch: 277, Loss: 704.5301, Train: 682.17, Valid: 708.00, Test: 708.00
Run: 01, Epoch: 278, Loss: 728.6754, Train: 682.19, Valid: 708.02, Test: 708.02
Run: 01, Epoch: 279, Loss: 697.4741, Train: 682.19, Valid: 708.01, Test: 708.01
Run: 01, Epoch: 280, Loss: 727.7346, Train: 682.19, Valid: 708.01, Test: 708.01
Run: 01, Epoch: 281, Loss: 711.7651, Train: 682.19, Valid: 708.02, Test: 708.02
Run: 01, Epoch: 282, Loss: 719.2173, Train: 682.19, Valid: 708.01, Test: 708.01
Run: 01, Epoch: 283, Loss: 736.1336, Train: 682.16, Valid: 707.99, Test: 707.99
Run: 01, Epoch: 284, Loss: 747.5778, Train: 682.17, Valid: 708.00, Test: 708.00
Run: 01, Epoch: 285, Loss: 709.7619, Train: 682.18, Valid: 708.00, Test: 708.00
Run: 01, Epoch: 286, Loss: 728.8364, Train: 682.19, Valid: 708.01, Test: 708.01
Run: 01, Epoch: 287, Loss: 793.0850, Train: 682.21, Valid: 708.03, Test: 708.03
Run: 01, Epoch: 288, Loss: 716.9476, Train: 682.19, Valid: 708.01, Test: 708.01
Run: 01, Epoch: 289, Loss: 783.9788, Train: 682.18, Valid: 708.01, Test: 708.01
Run: 01, Epoch: 290, Loss: 690.1039, Train: 682.18, Valid: 708.00, Test: 708.00
Run: 01, Epoch: 291, Loss: 742.9083, Train: 682.19, Valid: 708.01, Test: 708.01
Run: 01, Epoch: 292, Loss: 693.5631, Train: 682.18, Valid: 708.01, Test: 708.01
Run: 01, Epoch: 293, Loss: 720.2986, Train: 682.18, Valid: 708.00, Test: 708.00
Run: 01, Epoch: 294, Loss: 717.5670, Train: 682.18, Valid: 708.00, Test: 708.00
Run: 01, Epoch: 295, Loss: 685.5790, Train: 682.18, Valid: 708.00, Test: 708.00
Run: 01, Epoch: 296, Loss: 711.7198, Train: 682.18, Valid: 708.00, Test: 708.00
Run: 01, Epoch: 297, Loss: 745.4576, Train: 682.18, Valid: 708.00, Test: 708.00
Run: 01, Epoch: 298, Loss: 744.3093, Train: 682.16, Valid: 707.99, Test: 707.99
Run: 01, Epoch: 299, Loss: 741.1135, Train: 682.17, Valid: 707.99, Test: 707.99
Run: 01, Epoch: 300, Loss: 742.4432, Train: 682.16, Valid: 707.99, Test: 707.99
Run: 01, Epoch: 301, Loss: 749.4235, Train: 682.13, Valid: 707.96, Test: 707.96
Run: 01, Epoch: 302, Loss: 725.9432, Train: 682.15, Valid: 707.97, Test: 707.97
Run: 01, Epoch: 303, Loss: 770.9213, Train: 682.17, Valid: 707.99, Test: 707.99
Run: 01, Epoch: 304, Loss: 745.8892, Train: 682.19, Valid: 708.01, Test: 708.01
Run: 01, Epoch: 305, Loss: 721.7509, Train: 682.21, Valid: 708.03, Test: 708.03
Run: 01, Epoch: 306, Loss: 742.4172, Train: 682.21, Valid: 708.03, Test: 708.03
Run: 01, Epoch: 307, Loss: 751.4423, Train: 682.22, Valid: 708.04, Test: 708.04
Run: 01, Epoch: 308, Loss: 755.7537, Train: 682.22, Valid: 708.04, Test: 708.04
Run: 01, Epoch: 309, Loss: 678.1483, Train: 682.21, Valid: 708.03, Test: 708.03
Run: 01, Epoch: 310, Loss: 721.9842, Train: 682.22, Valid: 708.05, Test: 708.05
Run: 01, Epoch: 311, Loss: 697.5511, Train: 682.23, Valid: 708.06, Test: 708.06
Run: 01, Epoch: 312, Loss: 717.7515, Train: 682.24, Valid: 708.07, Test: 708.07
Run: 01, Epoch: 313, Loss: 742.5695, Train: 682.25, Valid: 708.08, Test: 708.08
Run: 01, Epoch: 314, Loss: 742.3137, Train: 682.25, Valid: 708.08, Test: 708.08
Run: 01, Epoch: 315, Loss: 741.7523, Train: 682.25, Valid: 708.08, Test: 708.08
Run: 01, Epoch: 316, Loss: 727.7678, Train: 682.25, Valid: 708.07, Test: 708.07
Run: 01, Epoch: 317, Loss: 766.5233, Train: 682.22, Valid: 708.05, Test: 708.05
Run: 01, Epoch: 318, Loss: 766.1961, Train: 682.22, Valid: 708.04, Test: 708.04
Run: 01, Epoch: 319, Loss: 705.3227, Train: 682.21, Valid: 708.03, Test: 708.03
Run: 01, Epoch: 320, Loss: 765.4635, Train: 682.20, Valid: 708.03, Test: 708.03
Run: 01, Epoch: 321, Loss: 714.7642, Train: 682.20, Valid: 708.03, Test: 708.03
Run: 01, Epoch: 322, Loss: 676.2078, Train: 682.20, Valid: 708.03, Test: 708.03
Run: 01, Epoch: 323, Loss: 687.1896, Train: 682.19, Valid: 708.01, Test: 708.01
Run: 01, Epoch: 324, Loss: 711.6468, Train: 682.20, Valid: 708.03, Test: 708.03
Run: 01, Epoch: 325, Loss: 666.6974, Train: 682.20, Valid: 708.02, Test: 708.02
Run: 01, Epoch: 326, Loss: 717.1166, Train: 682.18, Valid: 708.01, Test: 708.01
Run: 01, Epoch: 327, Loss: 729.7491, Train: 682.17, Valid: 707.99, Test: 707.99
Run: 01, Epoch: 328, Loss: 761.8978, Train: 682.17, Valid: 708.00, Test: 708.00
Run: 01, Epoch: 329, Loss: 739.4135, Train: 682.17, Valid: 708.00, Test: 708.00
Run: 01, Epoch: 330, Loss: 706.9081, Train: 682.19, Valid: 708.01, Test: 708.01
Run: 01, Epoch: 331, Loss: 735.6144, Train: 682.19, Valid: 708.01, Test: 708.01
Run: 01, Epoch: 332, Loss: 700.8434, Train: 682.21, Valid: 708.04, Test: 708.04
Run: 01, Epoch: 333, Loss: 781.2726, Train: 682.20, Valid: 708.03, Test: 708.03
Run: 01, Epoch: 334, Loss: 745.1284, Train: 682.17, Valid: 708.00, Test: 708.00
Run: 01, Epoch: 335, Loss: 724.9882, Train: 682.16, Valid: 707.98, Test: 707.98
Run: 01, Epoch: 336, Loss: 731.1584, Train: 682.17, Valid: 707.99, Test: 707.99
Run: 01, Epoch: 337, Loss: 767.4542, Train: 682.17, Valid: 708.00, Test: 708.00
Run: 01, Epoch: 338, Loss: 762.8580, Train: 682.16, Valid: 707.99, Test: 707.99
Run: 01, Epoch: 339, Loss: 741.9188, Train: 682.16, Valid: 707.98, Test: 707.98
Run: 01, Epoch: 340, Loss: 696.3162, Train: 682.16, Valid: 707.98, Test: 707.98
Run: 01, Epoch: 341, Loss: 757.0493, Train: 682.14, Valid: 707.96, Test: 707.96
Run: 01, Epoch: 342, Loss: 736.9567, Train: 682.14, Valid: 707.97, Test: 707.97
Run: 01, Epoch: 343, Loss: 702.1951, Train: 682.13, Valid: 707.95, Test: 707.95
Run: 01, Epoch: 344, Loss: 724.6752, Train: 682.15, Valid: 707.97, Test: 707.97
Run: 01, Epoch: 345, Loss: 717.2547, Train: 682.14, Valid: 707.97, Test: 707.97
Run: 01, Epoch: 346, Loss: 732.4161, Train: 682.16, Valid: 707.99, Test: 707.99
Run: 01, Epoch: 347, Loss: 722.9190, Train: 682.16, Valid: 707.99, Test: 707.99
Run: 01, Epoch: 348, Loss: 685.3875, Train: 682.17, Valid: 708.00, Test: 708.00
Run: 01, Epoch: 349, Loss: 704.4921, Train: 682.19, Valid: 708.01, Test: 708.01
Run: 01, Epoch: 350, Loss: 727.4423, Train: 682.16, Valid: 707.99, Test: 707.99
Run: 01, Epoch: 351, Loss: 781.1520, Train: 682.15, Valid: 707.97, Test: 707.97
Run: 01, Epoch: 352, Loss: 796.4628, Train: 682.16, Valid: 707.99, Test: 707.99
Run: 01, Epoch: 353, Loss: 783.1849, Train: 682.16, Valid: 707.98, Test: 707.98
Run: 01, Epoch: 354, Loss: 680.6289, Train: 682.15, Valid: 707.97, Test: 707.97
Run: 01, Epoch: 355, Loss: 730.6204, Train: 682.16, Valid: 707.98, Test: 707.98
Run: 01, Epoch: 356, Loss: 717.2775, Train: 682.17, Valid: 708.00, Test: 708.00
Run: 01, Epoch: 357, Loss: 685.5379, Train: 682.18, Valid: 708.00, Test: 708.00
Run: 01, Epoch: 358, Loss: 715.2605, Train: 682.18, Valid: 708.00, Test: 708.00
Run: 01, Epoch: 359, Loss: 746.5113, Train: 682.19, Valid: 708.01, Test: 708.01
Run: 01, Epoch: 360, Loss: 776.9695, Train: 682.19, Valid: 708.01, Test: 708.01
Run: 01, Epoch: 361, Loss: 743.5472, Train: 682.20, Valid: 708.02, Test: 708.02
Run: 01, Epoch: 362, Loss: 702.1167, Train: 682.22, Valid: 708.04, Test: 708.04
Run: 01, Epoch: 363, Loss: 710.1486, Train: 682.21, Valid: 708.03, Test: 708.03
Run: 01, Epoch: 364, Loss: 735.8666, Train: 682.20, Valid: 708.02, Test: 708.02
Run: 01, Epoch: 365, Loss: 720.2300, Train: 682.20, Valid: 708.03, Test: 708.03
Run: 01, Epoch: 366, Loss: 771.4491, Train: 682.20, Valid: 708.03, Test: 708.03
Run: 01, Epoch: 367, Loss: 743.4547, Train: 682.22, Valid: 708.04, Test: 708.04
Run: 01, Epoch: 368, Loss: 767.5288, Train: 682.21, Valid: 708.04, Test: 708.04
Run: 01, Epoch: 369, Loss: 754.8429, Train: 682.21, Valid: 708.04, Test: 708.04
Run: 01, Epoch: 370, Loss: 694.7144, Train: 682.19, Valid: 708.02, Test: 708.02
Run: 01, Epoch: 371, Loss: 696.8575, Train: 682.19, Valid: 708.02, Test: 708.02
Run: 01, Epoch: 372, Loss: 726.4232, Train: 682.20, Valid: 708.02, Test: 708.02
Run: 01, Epoch: 373, Loss: 687.8070, Train: 682.20, Valid: 708.03, Test: 708.03
Run: 01, Epoch: 374, Loss: 690.5038, Train: 682.21, Valid: 708.03, Test: 708.03
Run: 01, Epoch: 375, Loss: 722.0074, Train: 682.22, Valid: 708.05, Test: 708.05
Run: 01, Epoch: 376, Loss: 689.2888, Train: 682.22, Valid: 708.04, Test: 708.04
Run: 01, Epoch: 377, Loss: 723.3314, Train: 682.24, Valid: 708.07, Test: 708.07
Run: 01, Epoch: 378, Loss: 727.5570, Train: 682.24, Valid: 708.06, Test: 708.06
Run: 01, Epoch: 379, Loss: 749.7994, Train: 682.22, Valid: 708.05, Test: 708.05
Run: 01, Epoch: 380, Loss: 735.6390, Train: 682.21, Valid: 708.04, Test: 708.04
Run: 01, Epoch: 381, Loss: 728.0145, Train: 682.22, Valid: 708.04, Test: 708.04
Run: 01, Epoch: 382, Loss: 699.2147, Train: 682.22, Valid: 708.04, Test: 708.04
Run: 01, Epoch: 383, Loss: 665.7493, Train: 682.21, Valid: 708.03, Test: 708.03
Run: 01, Epoch: 384, Loss: 720.2765, Train: 682.18, Valid: 708.01, Test: 708.01
Run: 01, Epoch: 385, Loss: 724.0616, Train: 682.20, Valid: 708.02, Test: 708.02
Run: 01, Epoch: 386, Loss: 713.3059, Train: 682.18, Valid: 708.01, Test: 708.01
Run: 01, Epoch: 387, Loss: 722.4258, Train: 682.17, Valid: 707.99, Test: 707.99
Run: 01, Epoch: 388, Loss: 825.6157, Train: 682.19, Valid: 708.01, Test: 708.01
Run: 01, Epoch: 389, Loss: 757.9736, Train: 682.17, Valid: 707.99, Test: 707.99
Run: 01, Epoch: 390, Loss: 718.7145, Train: 682.18, Valid: 708.00, Test: 708.00
Run: 01, Epoch: 391, Loss: 696.8124, Train: 682.17, Valid: 708.00, Test: 708.00
Run: 01, Epoch: 392, Loss: 742.2224, Train: 682.16, Valid: 707.99, Test: 707.99
Run: 01, Epoch: 393, Loss: 680.5312, Train: 682.16, Valid: 707.99, Test: 707.99
Run: 01, Epoch: 394, Loss: 714.8478, Train: 682.16, Valid: 707.98, Test: 707.98
Run: 01, Epoch: 395, Loss: 719.3260, Train: 682.16, Valid: 707.98, Test: 707.98
Run: 01, Epoch: 396, Loss: 711.0070, Train: 682.16, Valid: 707.98, Test: 707.98
Run: 01, Epoch: 397, Loss: 812.5029, Train: 682.16, Valid: 707.99, Test: 707.99
Run: 01, Epoch: 398, Loss: 759.0101, Train: 682.18, Valid: 708.00, Test: 708.00
Run: 01, Epoch: 399, Loss: 748.5615, Train: 682.17, Valid: 707.99, Test: 707.99
Run: 01, Epoch: 400, Loss: 714.8767, Train: 682.17, Valid: 707.99, Test: 707.99
Run: 01, Epoch: 401, Loss: 746.1039, Train: 682.18, Valid: 708.01, Test: 708.01
Run: 01, Epoch: 402, Loss: 746.3412, Train: 682.19, Valid: 708.01, Test: 708.01
Run: 01, Epoch: 403, Loss: 744.6946, Train: 682.21, Valid: 708.03, Test: 708.03
Run: 01, Epoch: 404, Loss: 741.9648, Train: 682.22, Valid: 708.04, Test: 708.04
Run: 01, Epoch: 405, Loss: 706.6666, Train: 682.21, Valid: 708.03, Test: 708.03
Run: 01, Epoch: 406, Loss: 729.5833, Train: 682.22, Valid: 708.04, Test: 708.04
Run: 01, Epoch: 407, Loss: 683.7792, Train: 682.24, Valid: 708.06, Test: 708.06
Run: 01, Epoch: 408, Loss: 744.4041, Train: 682.24, Valid: 708.06, Test: 708.06
Run: 01, Epoch: 409, Loss: 693.4558, Train: 682.25, Valid: 708.07, Test: 708.07
Run: 01, Epoch: 410, Loss: 784.2937, Train: 682.25, Valid: 708.08, Test: 708.08
Run: 01, Epoch: 411, Loss: 732.8233, Train: 682.22, Valid: 708.05, Test: 708.05
Run: 01, Epoch: 412, Loss: 750.7237, Train: 682.22, Valid: 708.05, Test: 708.05
Run: 01, Epoch: 413, Loss: 694.1827, Train: 682.22, Valid: 708.05, Test: 708.05
Run: 01, Epoch: 414, Loss: 729.6362, Train: 682.23, Valid: 708.05, Test: 708.05
Run: 01, Epoch: 415, Loss: 722.6978, Train: 682.22, Valid: 708.04, Test: 708.04
Run: 01, Epoch: 416, Loss: 718.5186, Train: 682.21, Valid: 708.04, Test: 708.04
Run: 01, Epoch: 417, Loss: 780.0249, Train: 682.21, Valid: 708.03, Test: 708.03
Run: 01, Epoch: 418, Loss: 710.0558, Train: 682.21, Valid: 708.03, Test: 708.03
Run: 01, Epoch: 419, Loss: 727.5037, Train: 682.21, Valid: 708.03, Test: 708.03
Run: 01, Epoch: 420, Loss: 731.3943, Train: 682.19, Valid: 708.02, Test: 708.02
Run: 01, Epoch: 421, Loss: 782.2142, Train: 682.19, Valid: 708.01, Test: 708.01
Run: 01, Epoch: 422, Loss: 701.2004, Train: 682.20, Valid: 708.03, Test: 708.03
Run: 01, Epoch: 423, Loss: 733.8108, Train: 682.20, Valid: 708.02, Test: 708.02
Run: 01, Epoch: 424, Loss: 723.6768, Train: 682.20, Valid: 708.03, Test: 708.03
Run: 01, Epoch: 425, Loss: 766.3817, Train: 682.19, Valid: 708.01, Test: 708.01
Run: 01, Epoch: 426, Loss: 730.7833, Train: 682.18, Valid: 708.00, Test: 708.00
Run: 01, Epoch: 427, Loss: 742.0213, Train: 682.20, Valid: 708.02, Test: 708.02
Run: 01, Epoch: 428, Loss: 715.3488, Train: 682.21, Valid: 708.04, Test: 708.04
Run: 01, Epoch: 429, Loss: 708.4924, Train: 682.23, Valid: 708.05, Test: 708.05
Run: 01, Epoch: 430, Loss: 712.5452, Train: 682.20, Valid: 708.03, Test: 708.03
Run: 01, Epoch: 431, Loss: 704.0281, Train: 682.20, Valid: 708.03, Test: 708.03
Run: 01, Epoch: 432, Loss: 781.3886, Train: 682.19, Valid: 708.02, Test: 708.02
Run: 01, Epoch: 433, Loss: 723.0800, Train: 682.19, Valid: 708.02, Test: 708.02
Run: 01, Epoch: 434, Loss: 787.2389, Train: 682.19, Valid: 708.01, Test: 708.01
Run: 01, Epoch: 435, Loss: 752.3224, Train: 682.17, Valid: 708.00, Test: 708.00
Run: 01, Epoch: 436, Loss: 787.6630, Train: 682.19, Valid: 708.01, Test: 708.01
Run: 01, Epoch: 437, Loss: 671.4516, Train: 682.20, Valid: 708.02, Test: 708.02
Run: 01, Epoch: 438, Loss: 719.5839, Train: 682.19, Valid: 708.02, Test: 708.02
Run: 01, Epoch: 439, Loss: 783.9637, Train: 682.20, Valid: 708.03, Test: 708.03
Run: 01, Epoch: 440, Loss: 687.1308, Train: 682.21, Valid: 708.04, Test: 708.04
Run: 01, Epoch: 441, Loss: 681.7786, Train: 682.22, Valid: 708.04, Test: 708.04
Run: 01, Epoch: 442, Loss: 745.5006, Train: 682.21, Valid: 708.04, Test: 708.04
Run: 01, Epoch: 443, Loss: 764.2350, Train: 682.22, Valid: 708.04, Test: 708.04
Run: 01, Epoch: 444, Loss: 651.7418, Train: 682.22, Valid: 708.04, Test: 708.04
Run: 01, Epoch: 445, Loss: 771.8143, Train: 682.20, Valid: 708.03, Test: 708.03
Run: 01, Epoch: 446, Loss: 700.6448, Train: 682.21, Valid: 708.04, Test: 708.04
Run: 01, Epoch: 447, Loss: 717.5948, Train: 682.22, Valid: 708.05, Test: 708.05
Run: 01, Epoch: 448, Loss: 718.0977, Train: 682.20, Valid: 708.03, Test: 708.03
Run: 01, Epoch: 449, Loss: 723.3492, Train: 682.20, Valid: 708.03, Test: 708.03
Run: 01, Epoch: 450, Loss: 739.6387, Train: 682.21, Valid: 708.03, Test: 708.03
Run: 01, Epoch: 451, Loss: 709.1658, Train: 682.22, Valid: 708.05, Test: 708.05
Run: 01, Epoch: 452, Loss: 715.6039, Train: 682.22, Valid: 708.04, Test: 708.04
Run: 01, Epoch: 453, Loss: 686.4717, Train: 682.22, Valid: 708.04, Test: 708.04
Run: 01, Epoch: 454, Loss: 678.7043, Train: 682.23, Valid: 708.05, Test: 708.05
Run: 01, Epoch: 455, Loss: 690.5715, Train: 682.24, Valid: 708.06, Test: 708.06
Run: 01, Epoch: 456, Loss: 732.8358, Train: 682.24, Valid: 708.06, Test: 708.06
Run: 01, Epoch: 457, Loss: 739.0215, Train: 682.23, Valid: 708.06, Test: 708.06
Run: 01, Epoch: 458, Loss: 763.9842, Train: 682.22, Valid: 708.05, Test: 708.05
Run: 01, Epoch: 459, Loss: 725.8011, Train: 682.21, Valid: 708.04, Test: 708.04
Run: 01, Epoch: 460, Loss: 701.8900, Train: 682.23, Valid: 708.05, Test: 708.05
Run: 01, Epoch: 461, Loss: 730.1266, Train: 682.24, Valid: 708.07, Test: 708.07
Run: 01, Epoch: 462, Loss: 744.3016, Train: 682.24, Valid: 708.07, Test: 708.07
Run: 01, Epoch: 463, Loss: 740.6111, Train: 682.22, Valid: 708.05, Test: 708.05
Run: 01, Epoch: 464, Loss: 691.3506, Train: 682.22, Valid: 708.05, Test: 708.05
Run: 01, Epoch: 465, Loss: 730.4249, Train: 682.19, Valid: 708.02, Test: 708.02
Run: 01, Epoch: 466, Loss: 681.2080, Train: 682.18, Valid: 708.01, Test: 708.01
Run: 01, Epoch: 467, Loss: 767.5608, Train: 682.18, Valid: 708.00, Test: 708.00
Run: 01, Epoch: 468, Loss: 719.6957, Train: 682.19, Valid: 708.01, Test: 708.01
Run: 01, Epoch: 469, Loss: 714.5077, Train: 682.21, Valid: 708.03, Test: 708.03
Run: 01, Epoch: 470, Loss: 779.7064, Train: 682.21, Valid: 708.03, Test: 708.03
Run: 01, Epoch: 471, Loss: 757.2072, Train: 682.20, Valid: 708.02, Test: 708.02
Run: 01, Epoch: 472, Loss: 753.7617, Train: 682.19, Valid: 708.02, Test: 708.02
Run: 01, Epoch: 473, Loss: 797.7380, Train: 682.17, Valid: 708.00, Test: 708.00
Run: 01, Epoch: 474, Loss: 730.5149, Train: 682.19, Valid: 708.01, Test: 708.01
Run: 01, Epoch: 475, Loss: 756.6489, Train: 682.19, Valid: 708.01, Test: 708.01
Run: 01, Epoch: 476, Loss: 741.1188, Train: 682.18, Valid: 708.01, Test: 708.01
Run: 01, Epoch: 477, Loss: 729.2804, Train: 682.17, Valid: 707.99, Test: 707.99
Run: 01, Epoch: 478, Loss: 668.1787, Train: 682.19, Valid: 708.01, Test: 708.01
Run: 01, Epoch: 479, Loss: 716.1619, Train: 682.19, Valid: 708.01, Test: 708.01
Run: 01, Epoch: 480, Loss: 747.9963, Train: 682.19, Valid: 708.02, Test: 708.02
Run: 01, Epoch: 481, Loss: 734.7794, Train: 682.20, Valid: 708.02, Test: 708.02
Run: 01, Epoch: 482, Loss: 739.8057, Train: 682.19, Valid: 708.01, Test: 708.01
Run: 01, Epoch: 483, Loss: 706.0364, Train: 682.18, Valid: 708.01, Test: 708.01
Run: 01, Epoch: 484, Loss: 732.4170, Train: 682.19, Valid: 708.02, Test: 708.02
Run: 01, Epoch: 485, Loss: 698.3269, Train: 682.20, Valid: 708.02, Test: 708.02
Run: 01, Epoch: 486, Loss: 751.9411, Train: 682.19, Valid: 708.01, Test: 708.01
Run: 01, Epoch: 487, Loss: 761.2351, Train: 682.19, Valid: 708.01, Test: 708.01
Run: 01, Epoch: 488, Loss: 692.1369, Train: 682.18, Valid: 708.01, Test: 708.01
Run: 01, Epoch: 489, Loss: 743.6860, Train: 682.18, Valid: 708.01, Test: 708.01
Run: 01, Epoch: 490, Loss: 667.4052, Train: 682.18, Valid: 708.01, Test: 708.01
Run: 01, Epoch: 491, Loss: 709.7721, Train: 682.19, Valid: 708.01, Test: 708.01
Run: 01, Epoch: 492, Loss: 724.5770, Train: 682.19, Valid: 708.01, Test: 708.01
Run: 01, Epoch: 493, Loss: 702.7178, Train: 682.18, Valid: 708.01, Test: 708.01
Run: 01, Epoch: 494, Loss: 733.6513, Train: 682.18, Valid: 708.01, Test: 708.01
Run: 01, Epoch: 495, Loss: 697.4523, Train: 682.17, Valid: 708.00, Test: 708.00
Run: 01, Epoch: 496, Loss: 731.0177, Train: 682.17, Valid: 708.00, Test: 708.00
Run: 01, Epoch: 497, Loss: 768.7668, Train: 682.16, Valid: 707.99, Test: 707.99
Run: 01, Epoch: 498, Loss: 671.5465, Train: 682.17, Valid: 707.99, Test: 707.99
Run: 01, Epoch: 499, Loss: 763.4357, Train: 682.17, Valid: 707.99, Test: 707.99
Run: 01, Epoch: 500, Loss: 731.4760, Train: 682.16, Valid: 707.99, Test: 707.99
Run 01:
Highest Train: 1892.83
Highest Valid: 1912.42
  Final Train: 1892.83
   Final Test: 1912.42

1990
{1990: 6133.280273351754}
1991
{1990: 6170.700186010177}
1992
{1990: 6169.8508259480195}
1993
{1990: 6167.952882114005}
p=0.001, len=34
{1990: 6170.700185949847}
p=0.01, len=344
{1990: 6170.70018597096}
p=0.05, len=1720
{1990: 6170.700185948328}
p=0.1, len=3440
{1990: 6170.700185949854}
p=0.2, len=6880
{1990: 6170.700185965569}
p=0.5, len=17200
{1990: 6170.700186012391}
p=1, len=34400
{1990: 6170.700185992105}
All runs:
Highest Train: 1892.83 ± nan
Highest Valid: 1912.42 ± nan
  Final Train: 1892.83 ± nan
   Final Test: 1912.42 ± nan

2012 Data(x=[373167, 1], edge_index=[2, 373167], y=[373167, 1], num_nodes=255, node_year=[373167, 1])
2013 Data(x=[391661, 1], edge_index=[2, 391661], y=[391661, 1], num_nodes=255, node_year=[391661, 1])
2014 Data(x=[410394, 1], edge_index=[2, 410394], y=[410394, 1], num_nodes=255, node_year=[410394, 1])
torch.Size([16935]), torch.Size([1866])
Run: 01, Epoch: 01, Loss: 2113.9590, Train: 1920.43, Valid: 1886.21, Test: 1886.21
Run: 01, Epoch: 02, Loss: 1673.2487, Train: 1784.77, Valid: 1752.57, Test: 1752.57
Run: 01, Epoch: 03, Loss: 1241.3546, Train: 1628.98, Valid: 1599.21, Test: 1599.21
Run: 01, Epoch: 04, Loss: 976.0030, Train: 1449.39, Valid: 1422.80, Test: 1422.80
Run: 01, Epoch: 05, Loss: 992.3731, Train: 1341.13, Valid: 1316.75, Test: 1316.75
Run: 01, Epoch: 06, Loss: 1269.7993, Train: 1333.71, Valid: 1309.48, Test: 1309.48
Run: 01, Epoch: 07, Loss: 1112.9977, Train: 1362.95, Valid: 1338.06, Test: 1338.06
Run: 01, Epoch: 08, Loss: 1001.2933, Train: 1403.85, Valid: 1378.09, Test: 1378.09
Run: 01, Epoch: 09, Loss: 950.1965, Train: 1431.94, Valid: 1405.61, Test: 1405.61
Run: 01, Epoch: 10, Loss: 1038.6090, Train: 1439.56, Valid: 1413.10, Test: 1413.10
Run: 01, Epoch: 11, Loss: 1084.2380, Train: 1424.16, Valid: 1398.02, Test: 1398.02
Run: 01, Epoch: 12, Loss: 1082.5208, Train: 1390.68, Valid: 1365.23, Test: 1365.23
Run: 01, Epoch: 13, Loss: 1087.4705, Train: 1339.44, Valid: 1315.10, Test: 1315.10
Run: 01, Epoch: 14, Loss: 1052.3175, Train: 1272.45, Valid: 1249.68, Test: 1249.68
Run: 01, Epoch: 15, Loss: 996.4743, Train: 1198.45, Valid: 1177.62, Test: 1177.62
Run: 01, Epoch: 16, Loss: 932.5757, Train: 1125.37, Valid: 1106.76, Test: 1106.76
Run: 01, Epoch: 17, Loss: 946.2316, Train: 1065.52, Valid: 1049.09, Test: 1049.09
Run: 01, Epoch: 18, Loss: 951.9256, Train: 1023.30, Valid: 1008.76, Test: 1008.76
Run: 01, Epoch: 19, Loss: 975.8195, Train: 1000.69, Valid: 987.36, Test: 987.36
Run: 01, Epoch: 20, Loss: 980.5241, Train: 992.49, Valid: 979.64, Test: 979.64
Run: 01, Epoch: 21, Loss: 1016.1874, Train: 995.61, Valid: 982.57, Test: 982.57
Run: 01, Epoch: 22, Loss: 957.6764, Train: 1006.36, Valid: 992.72, Test: 992.72
Run: 01, Epoch: 23, Loss: 934.3200, Train: 1019.63, Valid: 1005.31, Test: 1005.31
Run: 01, Epoch: 24, Loss: 940.2571, Train: 1031.66, Valid: 1016.78, Test: 1016.78
Run: 01, Epoch: 25, Loss: 976.0392, Train: 1039.44, Valid: 1024.21, Test: 1024.21
Run: 01, Epoch: 26, Loss: 971.5463, Train: 1039.19, Valid: 1023.98, Test: 1023.98
Run: 01, Epoch: 27, Loss: 983.7147, Train: 1030.54, Valid: 1015.73, Test: 1015.73
Run: 01, Epoch: 28, Loss: 952.4499, Train: 1016.12, Valid: 1002.00, Test: 1002.00
Run: 01, Epoch: 29, Loss: 949.9051, Train: 998.92, Valid: 985.70, Test: 985.70
Run: 01, Epoch: 30, Loss: 963.5840, Train: 982.22, Valid: 969.96, Test: 969.96
Run: 01, Epoch: 31, Loss: 925.1039, Train: 970.48, Valid: 958.99, Test: 958.99
Run: 01, Epoch: 32, Loss: 941.6813, Train: 963.12, Valid: 952.16, Test: 952.16
Run: 01, Epoch: 33, Loss: 922.1340, Train: 959.16, Valid: 948.49, Test: 948.49
Run: 01, Epoch: 34, Loss: 941.6271, Train: 959.10, Valid: 948.39, Test: 948.39
Run: 01, Epoch: 35, Loss: 962.0106, Train: 962.62, Valid: 951.62, Test: 951.62
Run: 01, Epoch: 36, Loss: 942.4777, Train: 967.48, Valid: 956.11, Test: 956.11
Run: 01, Epoch: 37, Loss: 940.3671, Train: 971.20, Valid: 959.57, Test: 959.57
Run: 01, Epoch: 38, Loss: 929.9496, Train: 972.79, Valid: 961.05, Test: 961.05
Run: 01, Epoch: 39, Loss: 944.2971, Train: 970.17, Valid: 958.58, Test: 958.58
Run: 01, Epoch: 40, Loss: 928.0483, Train: 966.55, Valid: 955.18, Test: 955.18
Run: 01, Epoch: 41, Loss: 927.4420, Train: 963.52, Valid: 952.33, Test: 952.33
Run: 01, Epoch: 42, Loss: 903.1015, Train: 961.28, Valid: 950.22, Test: 950.22
Run: 01, Epoch: 43, Loss: 932.6897, Train: 958.86, Valid: 947.94, Test: 947.94
Run: 01, Epoch: 44, Loss: 921.2225, Train: 954.95, Valid: 944.28, Test: 944.28
Run: 01, Epoch: 45, Loss: 919.1490, Train: 951.24, Valid: 940.81, Test: 940.81
Run: 01, Epoch: 46, Loss: 940.5687, Train: 951.79, Valid: 941.29, Test: 941.29
Run: 01, Epoch: 47, Loss: 914.3201, Train: 951.55, Valid: 941.05, Test: 941.05
Run: 01, Epoch: 48, Loss: 904.7829, Train: 955.13, Valid: 944.37, Test: 944.37
Run: 01, Epoch: 49, Loss: 909.4886, Train: 956.54, Valid: 945.69, Test: 945.69
Run: 01, Epoch: 50, Loss: 928.4254, Train: 958.30, Valid: 947.32, Test: 947.32
Run: 01, Epoch: 51, Loss: 909.7065, Train: 954.90, Valid: 944.13, Test: 944.13
Run: 01, Epoch: 52, Loss: 905.7352, Train: 948.27, Valid: 937.91, Test: 937.91
Run: 01, Epoch: 53, Loss: 913.9641, Train: 940.23, Valid: 930.40, Test: 930.40
Run: 01, Epoch: 54, Loss: 918.0200, Train: 933.62, Valid: 924.24, Test: 924.24
Run: 01, Epoch: 55, Loss: 914.7363, Train: 932.16, Valid: 922.86, Test: 922.86
Run: 01, Epoch: 56, Loss: 918.1588, Train: 931.19, Valid: 921.94, Test: 921.94
Run: 01, Epoch: 57, Loss: 911.1266, Train: 930.39, Valid: 921.18, Test: 921.18
Run: 01, Epoch: 58, Loss: 910.9700, Train: 933.76, Valid: 924.29, Test: 924.29
Run: 01, Epoch: 59, Loss: 884.9468, Train: 936.34, Valid: 926.68, Test: 926.68
Run: 01, Epoch: 60, Loss: 887.9947, Train: 943.83, Valid: 933.68, Test: 933.68
Run: 01, Epoch: 61, Loss: 910.6672, Train: 947.12, Valid: 936.77, Test: 936.77
Run: 01, Epoch: 62, Loss: 933.0291, Train: 941.65, Valid: 931.63, Test: 931.63
Run: 01, Epoch: 63, Loss: 916.0326, Train: 936.99, Valid: 927.25, Test: 927.25
Run: 01, Epoch: 64, Loss: 892.7201, Train: 934.60, Valid: 925.01, Test: 925.01
Run: 01, Epoch: 65, Loss: 886.4572, Train: 931.11, Valid: 921.74, Test: 921.74
Run: 01, Epoch: 66, Loss: 854.7373, Train: 922.65, Valid: 913.82, Test: 913.82
Run: 01, Epoch: 67, Loss: 880.2510, Train: 908.26, Valid: 900.47, Test: 900.47
Run: 01, Epoch: 68, Loss: 888.0370, Train: 897.09, Valid: 890.23, Test: 890.23
Run: 01, Epoch: 69, Loss: 890.7062, Train: 895.33, Valid: 888.58, Test: 888.58
Run: 01, Epoch: 70, Loss: 924.7552, Train: 903.36, Valid: 895.86, Test: 895.86
Run: 01, Epoch: 71, Loss: 871.1758, Train: 914.43, Valid: 906.12, Test: 906.12
Run: 01, Epoch: 72, Loss: 899.3079, Train: 924.28, Valid: 915.37, Test: 915.37
Run: 01, Epoch: 73, Loss: 905.1650, Train: 926.18, Valid: 917.18, Test: 917.18
Run: 01, Epoch: 74, Loss: 854.4481, Train: 915.51, Valid: 907.15, Test: 907.15
Run: 01, Epoch: 75, Loss: 856.1294, Train: 900.54, Valid: 893.17, Test: 893.17
Run: 01, Epoch: 76, Loss: 853.3842, Train: 886.96, Valid: 880.62, Test: 880.62
Run: 01, Epoch: 77, Loss: 866.0795, Train: 878.51, Valid: 872.87, Test: 872.87
Run: 01, Epoch: 78, Loss: 837.1530, Train: 873.12, Valid: 867.92, Test: 867.92
Run: 01, Epoch: 79, Loss: 919.7092, Train: 875.49, Valid: 870.01, Test: 870.01
Run: 01, Epoch: 80, Loss: 875.4125, Train: 884.99, Valid: 878.70, Test: 878.70
Run: 01, Epoch: 81, Loss: 859.2827, Train: 885.75, Valid: 879.41, Test: 879.41
Run: 01, Epoch: 82, Loss: 861.0638, Train: 881.63, Valid: 875.57, Test: 875.57
Run: 01, Epoch: 83, Loss: 868.8797, Train: 880.03, Valid: 874.08, Test: 874.08
Run: 01, Epoch: 84, Loss: 816.3936, Train: 876.73, Valid: 871.01, Test: 871.01
Run: 01, Epoch: 85, Loss: 841.1221, Train: 871.98, Valid: 866.60, Test: 866.60
Run: 01, Epoch: 86, Loss: 876.7379, Train: 861.47, Valid: 856.93, Test: 856.93
Run: 01, Epoch: 87, Loss: 844.8606, Train: 856.27, Valid: 852.15, Test: 852.15
Run: 01, Epoch: 88, Loss: 893.9197, Train: 858.35, Valid: 854.01, Test: 854.01
Run: 01, Epoch: 89, Loss: 826.9922, Train: 863.44, Valid: 858.70, Test: 858.70
Run: 01, Epoch: 90, Loss: 837.8573, Train: 867.75, Valid: 862.70, Test: 862.70
Run: 01, Epoch: 91, Loss: 831.9103, Train: 864.10, Valid: 859.32, Test: 859.32
Run: 01, Epoch: 92, Loss: 846.5599, Train: 855.07, Valid: 850.96, Test: 850.96
Run: 01, Epoch: 93, Loss: 836.7255, Train: 842.55, Valid: 839.51, Test: 839.51
Run: 01, Epoch: 94, Loss: 831.9666, Train: 833.94, Valid: 831.74, Test: 831.74
Run: 01, Epoch: 95, Loss: 853.0558, Train: 833.32, Valid: 831.10, Test: 831.10
Run: 01, Epoch: 96, Loss: 811.7342, Train: 836.57, Valid: 833.98, Test: 833.98
Run: 01, Epoch: 97, Loss: 852.4735, Train: 839.51, Valid: 836.68, Test: 836.68
Run: 01, Epoch: 98, Loss: 858.2018, Train: 832.25, Valid: 830.03, Test: 830.03
Run: 01, Epoch: 99, Loss: 827.1255, Train: 824.34, Valid: 822.86, Test: 822.86
Run: 01, Epoch: 100, Loss: 843.5355, Train: 821.44, Valid: 820.24, Test: 820.24
Run: 01, Epoch: 101, Loss: 874.6193, Train: 817.44, Valid: 816.65, Test: 816.65
Run: 01, Epoch: 102, Loss: 871.5024, Train: 815.51, Valid: 814.89, Test: 814.89
Run: 01, Epoch: 103, Loss: 835.3664, Train: 811.82, Valid: 811.57, Test: 811.57
Run: 01, Epoch: 104, Loss: 862.0196, Train: 812.60, Valid: 812.26, Test: 812.26
Run: 01, Epoch: 105, Loss: 816.8517, Train: 810.09, Valid: 810.02, Test: 810.02
Run: 01, Epoch: 106, Loss: 844.1118, Train: 805.01, Valid: 805.48, Test: 805.48
Run: 01, Epoch: 107, Loss: 820.8109, Train: 803.64, Valid: 804.26, Test: 804.26
Run: 01, Epoch: 108, Loss: 827.3683, Train: 800.69, Valid: 801.61, Test: 801.61
Run: 01, Epoch: 109, Loss: 799.7035, Train: 799.40, Valid: 800.46, Test: 800.46
Run: 01, Epoch: 110, Loss: 769.6276, Train: 797.00, Valid: 798.34, Test: 798.34
Run: 01, Epoch: 111, Loss: 762.9268, Train: 794.62, Valid: 796.23, Test: 796.23
Run: 01, Epoch: 112, Loss: 838.0980, Train: 795.08, Valid: 796.67, Test: 796.67
Run: 01, Epoch: 113, Loss: 818.1076, Train: 797.25, Valid: 798.70, Test: 798.70
Run: 01, Epoch: 114, Loss: 851.6226, Train: 797.09, Valid: 798.64, Test: 798.64
Run: 01, Epoch: 115, Loss: 862.1249, Train: 797.75, Valid: 799.31, Test: 799.31
Run: 01, Epoch: 116, Loss: 802.1892, Train: 796.29, Valid: 798.04, Test: 798.04
Run: 01, Epoch: 117, Loss: 857.0751, Train: 793.14, Valid: 795.20, Test: 795.20
Run: 01, Epoch: 118, Loss: 767.2693, Train: 784.13, Valid: 787.09, Test: 787.09
Run: 01, Epoch: 119, Loss: 811.4063, Train: 775.85, Valid: 779.82, Test: 779.82
Run: 01, Epoch: 120, Loss: 813.9935, Train: 779.03, Valid: 782.64, Test: 782.64
Run: 01, Epoch: 121, Loss: 787.8796, Train: 784.07, Valid: 787.22, Test: 787.22
Run: 01, Epoch: 122, Loss: 762.0845, Train: 782.53, Valid: 785.91, Test: 785.91
Run: 01, Epoch: 123, Loss: 826.6060, Train: 784.17, Valid: 787.47, Test: 787.47
Run: 01, Epoch: 124, Loss: 830.3011, Train: 787.49, Valid: 790.58, Test: 790.58
Run: 01, Epoch: 125, Loss: 860.3804, Train: 784.74, Valid: 788.10, Test: 788.10
Run: 01, Epoch: 126, Loss: 820.0801, Train: 775.80, Valid: 780.02, Test: 780.02
Run: 01, Epoch: 127, Loss: 761.2690, Train: 768.80, Valid: 773.87, Test: 773.87
Run: 01, Epoch: 128, Loss: 844.3511, Train: 765.25, Valid: 770.88, Test: 770.88
Run: 01, Epoch: 129, Loss: 789.3622, Train: 767.23, Valid: 772.57, Test: 772.57
Run: 01, Epoch: 130, Loss: 770.9228, Train: 768.07, Valid: 773.32, Test: 773.32
Run: 01, Epoch: 131, Loss: 781.8927, Train: 770.58, Valid: 775.56, Test: 775.56
Run: 01, Epoch: 132, Loss: 844.4598, Train: 770.77, Valid: 775.77, Test: 775.77
Run: 01, Epoch: 133, Loss: 779.9421, Train: 767.63, Valid: 773.01, Test: 773.01
Run: 01, Epoch: 134, Loss: 815.3186, Train: 766.43, Valid: 772.00, Test: 772.00
Run: 01, Epoch: 135, Loss: 815.8518, Train: 767.48, Valid: 772.99, Test: 772.99
Run: 01, Epoch: 136, Loss: 775.1117, Train: 768.56, Valid: 773.99, Test: 773.99
Run: 01, Epoch: 137, Loss: 768.2634, Train: 768.05, Valid: 773.58, Test: 773.58
Run: 01, Epoch: 138, Loss: 806.2623, Train: 765.15, Valid: 771.03, Test: 771.03
Run: 01, Epoch: 139, Loss: 797.6469, Train: 761.77, Valid: 768.12, Test: 768.12
Run: 01, Epoch: 140, Loss: 787.0122, Train: 762.41, Valid: 768.69, Test: 768.69
Run: 01, Epoch: 141, Loss: 808.4601, Train: 759.65, Valid: 766.35, Test: 766.35
Run: 01, Epoch: 142, Loss: 805.5343, Train: 755.78, Valid: 763.17, Test: 763.17
Run: 01, Epoch: 143, Loss: 808.3674, Train: 754.89, Valid: 762.45, Test: 762.45
Run: 01, Epoch: 144, Loss: 799.7419, Train: 754.58, Valid: 762.23, Test: 762.23
Run: 01, Epoch: 145, Loss: 805.7655, Train: 758.77, Valid: 765.65, Test: 765.65
Run: 01, Epoch: 146, Loss: 840.0879, Train: 762.04, Valid: 768.48, Test: 768.48
Run: 01, Epoch: 147, Loss: 762.0250, Train: 765.01, Valid: 771.13, Test: 771.13
Run: 01, Epoch: 148, Loss: 785.9122, Train: 761.52, Valid: 768.10, Test: 768.10
Run: 01, Epoch: 149, Loss: 846.2686, Train: 759.31, Valid: 766.19, Test: 766.19
Run: 01, Epoch: 150, Loss: 783.8959, Train: 755.39, Valid: 762.90, Test: 762.90
Run: 01, Epoch: 151, Loss: 738.6339, Train: 754.52, Valid: 762.26, Test: 762.26
Run: 01, Epoch: 152, Loss: 837.3413, Train: 753.85, Valid: 761.77, Test: 761.77
Run: 01, Epoch: 153, Loss: 784.2641, Train: 755.53, Valid: 763.30, Test: 763.30
Run: 01, Epoch: 154, Loss: 795.0468, Train: 757.33, Valid: 765.00, Test: 765.00
Run: 01, Epoch: 155, Loss: 757.9881, Train: 755.27, Valid: 763.34, Test: 763.34
Run: 01, Epoch: 156, Loss: 790.0013, Train: 749.33, Valid: 758.39, Test: 758.39
Run: 01, Epoch: 157, Loss: 768.5627, Train: 745.83, Valid: 755.79, Test: 755.79
Run: 01, Epoch: 158, Loss: 811.1017, Train: 745.27, Valid: 755.48, Test: 755.48
Run: 01, Epoch: 159, Loss: 829.2731, Train: 746.75, Valid: 756.48, Test: 756.48
Run: 01, Epoch: 160, Loss: 820.9683, Train: 750.08, Valid: 759.17, Test: 759.17
Run: 01, Epoch: 161, Loss: 778.4281, Train: 752.90, Valid: 761.59, Test: 761.59
Run: 01, Epoch: 162, Loss: 795.4343, Train: 750.64, Valid: 759.63, Test: 759.63
Run: 01, Epoch: 163, Loss: 820.0285, Train: 751.29, Valid: 760.14, Test: 760.14
Run: 01, Epoch: 164, Loss: 776.4540, Train: 753.37, Valid: 761.89, Test: 761.89
Run: 01, Epoch: 165, Loss: 794.5552, Train: 752.33, Valid: 761.01, Test: 761.01
Run: 01, Epoch: 166, Loss: 766.5176, Train: 749.81, Valid: 758.91, Test: 758.91
Run: 01, Epoch: 167, Loss: 752.7548, Train: 747.92, Valid: 757.44, Test: 757.44
Run: 01, Epoch: 168, Loss: 728.2432, Train: 746.17, Valid: 756.24, Test: 756.24
Run: 01, Epoch: 169, Loss: 824.2950, Train: 745.28, Valid: 755.78, Test: 755.78
Run: 01, Epoch: 170, Loss: 751.6693, Train: 745.02, Valid: 755.64, Test: 755.64
Run: 01, Epoch: 171, Loss: 798.9370, Train: 746.35, Valid: 756.35, Test: 756.35
Run: 01, Epoch: 172, Loss: 792.1654, Train: 751.20, Valid: 760.18, Test: 760.18
Run: 01, Epoch: 173, Loss: 813.7516, Train: 759.44, Valid: 767.37, Test: 767.37
Run: 01, Epoch: 174, Loss: 795.2395, Train: 762.81, Valid: 770.40, Test: 770.40
Run: 01, Epoch: 175, Loss: 789.7673, Train: 756.76, Valid: 764.98, Test: 764.98
Run: 01, Epoch: 176, Loss: 778.2180, Train: 749.01, Valid: 758.35, Test: 758.35
Run: 01, Epoch: 177, Loss: 816.5003, Train: 745.29, Valid: 755.61, Test: 755.61
Run: 01, Epoch: 178, Loss: 779.5119, Train: 744.63, Valid: 755.47, Test: 755.47
Run: 01, Epoch: 179, Loss: 793.9227, Train: 744.58, Valid: 755.59, Test: 755.59
Run: 01, Epoch: 180, Loss: 747.3818, Train: 744.98, Valid: 755.43, Test: 755.43
Run: 01, Epoch: 181, Loss: 736.8335, Train: 747.48, Valid: 757.09, Test: 757.09
Run: 01, Epoch: 182, Loss: 778.9312, Train: 753.97, Valid: 762.54, Test: 762.54
Run: 01, Epoch: 183, Loss: 826.9088, Train: 759.23, Valid: 767.15, Test: 767.15
Run: 01, Epoch: 184, Loss: 800.1666, Train: 759.75, Valid: 767.59, Test: 767.59
Run: 01, Epoch: 185, Loss: 819.5772, Train: 754.08, Valid: 762.52, Test: 762.52
Run: 01, Epoch: 186, Loss: 780.7080, Train: 747.65, Valid: 757.07, Test: 757.07
Run: 01, Epoch: 187, Loss: 777.0883, Train: 744.83, Valid: 755.19, Test: 755.19
Run: 01, Epoch: 188, Loss: 792.1443, Train: 744.66, Valid: 755.60, Test: 755.60
Run: 01, Epoch: 189, Loss: 807.0608, Train: 744.54, Valid: 755.24, Test: 755.24
Run: 01, Epoch: 190, Loss: 803.0789, Train: 747.86, Valid: 757.20, Test: 757.20
Run: 01, Epoch: 191, Loss: 754.2551, Train: 753.81, Valid: 762.17, Test: 762.17
Run: 01, Epoch: 192, Loss: 810.7679, Train: 757.94, Valid: 765.80, Test: 765.80
Run: 01, Epoch: 193, Loss: 800.5057, Train: 754.70, Valid: 762.90, Test: 762.90
Run: 01, Epoch: 194, Loss: 779.7827, Train: 750.69, Valid: 759.45, Test: 759.45
Run: 01, Epoch: 195, Loss: 796.5345, Train: 748.14, Valid: 757.40, Test: 757.40
Run: 01, Epoch: 196, Loss: 824.4993, Train: 746.71, Valid: 756.31, Test: 756.31
Run: 01, Epoch: 197, Loss: 811.2314, Train: 746.16, Valid: 755.91, Test: 755.91
Run: 01, Epoch: 198, Loss: 766.4147, Train: 746.29, Valid: 755.99, Test: 755.99
Run: 01, Epoch: 199, Loss: 816.5518, Train: 747.02, Valid: 756.54, Test: 756.54
Run: 01, Epoch: 200, Loss: 772.2628, Train: 748.31, Valid: 757.57, Test: 757.57
Run: 01, Epoch: 201, Loss: 752.6648, Train: 747.88, Valid: 757.26, Test: 757.26
Run: 01, Epoch: 202, Loss: 760.2311, Train: 746.05, Valid: 755.88, Test: 755.88
Run: 01, Epoch: 203, Loss: 763.4744, Train: 744.74, Valid: 755.02, Test: 755.02
Run: 01, Epoch: 204, Loss: 767.2687, Train: 743.54, Valid: 754.44, Test: 754.44
Run: 01, Epoch: 205, Loss: 768.0995, Train: 742.92, Valid: 754.14, Test: 754.14
Run: 01, Epoch: 206, Loss: 798.5142, Train: 742.53, Valid: 753.82, Test: 753.82
Run: 01, Epoch: 207, Loss: 801.5447, Train: 743.29, Valid: 754.16, Test: 754.16
Run: 01, Epoch: 208, Loss: 764.1971, Train: 745.72, Valid: 756.02, Test: 756.02
Run: 01, Epoch: 209, Loss: 749.3998, Train: 748.41, Valid: 758.25, Test: 758.25
Run: 01, Epoch: 210, Loss: 796.7031, Train: 749.50, Valid: 759.20, Test: 759.20
Run: 01, Epoch: 211, Loss: 728.1221, Train: 746.53, Valid: 756.73, Test: 756.73
Run: 01, Epoch: 212, Loss: 812.0776, Train: 745.23, Valid: 755.68, Test: 755.68
Run: 01, Epoch: 213, Loss: 746.4542, Train: 743.57, Valid: 754.40, Test: 754.40
Run: 01, Epoch: 214, Loss: 806.6159, Train: 743.74, Valid: 754.54, Test: 754.54
Run: 01, Epoch: 215, Loss: 774.0388, Train: 744.05, Valid: 754.77, Test: 754.77
Run: 01, Epoch: 216, Loss: 774.7961, Train: 744.35, Valid: 754.95, Test: 754.95
Run: 01, Epoch: 217, Loss: 786.1008, Train: 744.48, Valid: 755.03, Test: 755.03
Run: 01, Epoch: 218, Loss: 734.3833, Train: 744.53, Valid: 755.03, Test: 755.03
Run: 01, Epoch: 219, Loss: 771.0286, Train: 745.36, Valid: 755.63, Test: 755.63
Run: 01, Epoch: 220, Loss: 795.0168, Train: 744.49, Valid: 754.91, Test: 754.91
Run: 01, Epoch: 221, Loss: 774.3608, Train: 744.03, Valid: 754.55, Test: 754.55
Run: 01, Epoch: 222, Loss: 843.5645, Train: 743.90, Valid: 754.42, Test: 754.42
Run: 01, Epoch: 223, Loss: 803.3447, Train: 743.48, Valid: 754.13, Test: 754.13
Run: 01, Epoch: 224, Loss: 779.4441, Train: 743.51, Valid: 754.15, Test: 754.15
Run: 01, Epoch: 225, Loss: 749.8256, Train: 744.34, Valid: 754.73, Test: 754.73
Run: 01, Epoch: 226, Loss: 803.5568, Train: 745.50, Valid: 755.65, Test: 755.65
Run: 01, Epoch: 227, Loss: 759.2578, Train: 746.32, Valid: 756.30, Test: 756.30
Run: 01, Epoch: 228, Loss: 791.8359, Train: 745.18, Valid: 755.40, Test: 755.40
Run: 01, Epoch: 229, Loss: 793.6038, Train: 743.72, Valid: 754.38, Test: 754.38
Run: 01, Epoch: 230, Loss: 796.2406, Train: 743.21, Valid: 754.14, Test: 754.14
Run: 01, Epoch: 231, Loss: 796.8218, Train: 743.44, Valid: 754.28, Test: 754.28
Run: 01, Epoch: 232, Loss: 752.2286, Train: 743.69, Valid: 754.39, Test: 754.39
Run: 01, Epoch: 233, Loss: 835.8701, Train: 745.08, Valid: 755.30, Test: 755.30
Run: 01, Epoch: 234, Loss: 782.5944, Train: 746.13, Valid: 756.07, Test: 756.07
Run: 01, Epoch: 235, Loss: 812.3440, Train: 746.49, Valid: 756.34, Test: 756.34
Run: 01, Epoch: 236, Loss: 769.6497, Train: 746.69, Valid: 756.48, Test: 756.48
Run: 01, Epoch: 237, Loss: 812.4741, Train: 746.04, Valid: 755.99, Test: 755.99
Run: 01, Epoch: 238, Loss: 777.8267, Train: 745.07, Valid: 755.28, Test: 755.28
Run: 01, Epoch: 239, Loss: 741.2073, Train: 744.10, Valid: 754.67, Test: 754.67
Run: 01, Epoch: 240, Loss: 757.3350, Train: 743.70, Valid: 754.41, Test: 754.41
Run: 01, Epoch: 241, Loss: 755.8076, Train: 742.03, Valid: 753.43, Test: 753.43
Run: 01, Epoch: 242, Loss: 769.7663, Train: 741.34, Valid: 753.32, Test: 753.32
Run: 01, Epoch: 243, Loss: 775.8777, Train: 741.33, Valid: 753.93, Test: 753.93
Run: 01, Epoch: 244, Loss: 772.1578, Train: 741.20, Valid: 753.77, Test: 753.77
Run: 01, Epoch: 245, Loss: 775.7024, Train: 741.10, Valid: 753.48, Test: 753.48
Run: 01, Epoch: 246, Loss: 775.1847, Train: 741.62, Valid: 753.32, Test: 753.32
Run: 01, Epoch: 247, Loss: 777.4636, Train: 745.74, Valid: 756.30, Test: 756.30
Run: 01, Epoch: 248, Loss: 760.9215, Train: 748.48, Valid: 758.63, Test: 758.63
Run: 01, Epoch: 249, Loss: 781.7759, Train: 750.06, Valid: 760.00, Test: 760.00
Run: 01, Epoch: 250, Loss: 772.0547, Train: 745.32, Valid: 756.03, Test: 756.03
Run: 01, Epoch: 251, Loss: 787.5440, Train: 741.29, Valid: 753.20, Test: 753.20
Run: 01, Epoch: 252, Loss: 752.5916, Train: 741.10, Valid: 753.85, Test: 753.85
Run: 01, Epoch: 253, Loss: 761.3580, Train: 741.09, Valid: 753.76, Test: 753.76
Run: 01, Epoch: 254, Loss: 756.2992, Train: 741.39, Valid: 753.26, Test: 753.26
Run: 01, Epoch: 255, Loss: 767.5202, Train: 743.01, Valid: 754.22, Test: 754.22
Run: 01, Epoch: 256, Loss: 768.3821, Train: 744.11, Valid: 755.04, Test: 755.04
Run: 01, Epoch: 257, Loss: 822.2242, Train: 744.43, Valid: 755.30, Test: 755.30
Run: 01, Epoch: 258, Loss: 787.7316, Train: 742.79, Valid: 754.04, Test: 754.04
Run: 01, Epoch: 259, Loss: 794.0223, Train: 741.87, Valid: 753.41, Test: 753.41
Run: 01, Epoch: 260, Loss: 796.2919, Train: 741.33, Valid: 753.29, Test: 753.29
Run: 01, Epoch: 261, Loss: 791.9274, Train: 741.43, Valid: 753.31, Test: 753.31
Run: 01, Epoch: 262, Loss: 797.8758, Train: 742.26, Valid: 753.54, Test: 753.54
Run: 01, Epoch: 263, Loss: 822.5922, Train: 745.30, Valid: 755.55, Test: 755.55
Run: 01, Epoch: 264, Loss: 779.8483, Train: 750.35, Valid: 759.61, Test: 759.61
Run: 01, Epoch: 265, Loss: 777.0426, Train: 753.43, Valid: 762.22, Test: 762.22
Run: 01, Epoch: 266, Loss: 803.4753, Train: 754.07, Valid: 762.71, Test: 762.71
Run: 01, Epoch: 267, Loss: 753.8543, Train: 748.79, Valid: 758.13, Test: 758.13
Run: 01, Epoch: 268, Loss: 819.1324, Train: 744.69, Valid: 754.88, Test: 754.88
Run: 01, Epoch: 269, Loss: 764.7506, Train: 743.29, Valid: 754.30, Test: 754.30
Run: 01, Epoch: 270, Loss: 773.7676, Train: 743.86, Valid: 755.50, Test: 755.50
Run: 01, Epoch: 271, Loss: 820.2635, Train: 744.11, Valid: 755.63, Test: 755.63
Run: 01, Epoch: 272, Loss: 780.7345, Train: 744.10, Valid: 754.79, Test: 754.79
Run: 01, Epoch: 273, Loss: 779.6027, Train: 745.93, Valid: 755.73, Test: 755.73
Run: 01, Epoch: 274, Loss: 757.5696, Train: 750.20, Valid: 759.00, Test: 759.00
Run: 01, Epoch: 275, Loss: 788.7671, Train: 753.16, Valid: 761.46, Test: 761.46
Run: 01, Epoch: 276, Loss: 769.7048, Train: 752.98, Valid: 761.32, Test: 761.32
Run: 01, Epoch: 277, Loss: 787.4250, Train: 750.44, Valid: 759.20, Test: 759.20
Run: 01, Epoch: 278, Loss: 773.4822, Train: 747.51, Valid: 756.88, Test: 756.88
Run: 01, Epoch: 279, Loss: 769.1981, Train: 744.67, Valid: 754.88, Test: 754.88
Run: 01, Epoch: 280, Loss: 795.1680, Train: 743.97, Valid: 754.48, Test: 754.48
Run: 01, Epoch: 281, Loss: 786.6042, Train: 743.74, Valid: 754.28, Test: 754.28
Run: 01, Epoch: 282, Loss: 805.4709, Train: 744.54, Valid: 754.74, Test: 754.74
Run: 01, Epoch: 283, Loss: 798.0989, Train: 745.96, Valid: 755.81, Test: 755.81
Run: 01, Epoch: 284, Loss: 771.5399, Train: 746.84, Valid: 756.54, Test: 756.54
Run: 01, Epoch: 285, Loss: 772.8486, Train: 747.20, Valid: 756.88, Test: 756.88
Run: 01, Epoch: 286, Loss: 806.4312, Train: 746.62, Valid: 756.46, Test: 756.46
Run: 01, Epoch: 287, Loss: 776.6653, Train: 744.59, Valid: 754.90, Test: 754.90
Run: 01, Epoch: 288, Loss: 780.0221, Train: 742.27, Valid: 753.32, Test: 753.32
Run: 01, Epoch: 289, Loss: 791.0775, Train: 741.25, Valid: 752.97, Test: 752.97
Run: 01, Epoch: 290, Loss: 762.6058, Train: 741.03, Valid: 753.07, Test: 753.07
Run: 01, Epoch: 291, Loss: 798.8076, Train: 741.05, Valid: 752.99, Test: 752.99
Run: 01, Epoch: 292, Loss: 817.5880, Train: 741.59, Valid: 753.06, Test: 753.06
Run: 01, Epoch: 293, Loss: 804.0328, Train: 742.73, Valid: 753.64, Test: 753.64
Run: 01, Epoch: 294, Loss: 744.2645, Train: 744.59, Valid: 754.93, Test: 754.93
Run: 01, Epoch: 295, Loss: 739.2335, Train: 745.77, Valid: 755.86, Test: 755.86
Run: 01, Epoch: 296, Loss: 782.3141, Train: 746.57, Valid: 756.54, Test: 756.54
Run: 01, Epoch: 297, Loss: 785.9379, Train: 746.48, Valid: 756.51, Test: 756.51
Run: 01, Epoch: 298, Loss: 772.7875, Train: 744.85, Valid: 755.22, Test: 755.22
Run: 01, Epoch: 299, Loss: 830.2335, Train: 745.10, Valid: 755.38, Test: 755.38
Run: 01, Epoch: 300, Loss: 801.3924, Train: 744.39, Valid: 754.78, Test: 754.78
Run: 01, Epoch: 301, Loss: 798.8304, Train: 744.25, Valid: 754.64, Test: 754.64
Run: 01, Epoch: 302, Loss: 799.8688, Train: 743.92, Valid: 754.35, Test: 754.35
Run: 01, Epoch: 303, Loss: 773.1852, Train: 744.04, Valid: 754.43, Test: 754.43
Run: 01, Epoch: 304, Loss: 804.2570, Train: 744.67, Valid: 754.86, Test: 754.86
Run: 01, Epoch: 305, Loss: 738.0969, Train: 745.60, Valid: 755.52, Test: 755.52
Run: 01, Epoch: 306, Loss: 773.8428, Train: 746.54, Valid: 756.23, Test: 756.23
Run: 01, Epoch: 307, Loss: 774.9413, Train: 747.52, Valid: 756.99, Test: 756.99
Run: 01, Epoch: 308, Loss: 810.2991, Train: 748.06, Valid: 757.42, Test: 757.42
Run: 01, Epoch: 309, Loss: 787.1487, Train: 747.22, Valid: 756.77, Test: 756.77
Run: 01, Epoch: 310, Loss: 801.9894, Train: 746.84, Valid: 756.47, Test: 756.47
Run: 01, Epoch: 311, Loss: 767.7896, Train: 746.06, Valid: 755.89, Test: 755.89
Run: 01, Epoch: 312, Loss: 815.6734, Train: 745.45, Valid: 755.48, Test: 755.48
Run: 01, Epoch: 313, Loss: 800.0958, Train: 745.38, Valid: 755.46, Test: 755.46
Run: 01, Epoch: 314, Loss: 769.3324, Train: 745.62, Valid: 755.63, Test: 755.63
Run: 01, Epoch: 315, Loss: 792.7620, Train: 745.98, Valid: 755.90, Test: 755.90
Run: 01, Epoch: 316, Loss: 777.8159, Train: 745.84, Valid: 755.82, Test: 755.82
Run: 01, Epoch: 317, Loss: 760.6571, Train: 745.99, Valid: 755.91, Test: 755.91
Run: 01, Epoch: 318, Loss: 737.2232, Train: 745.74, Valid: 755.74, Test: 755.74
Run: 01, Epoch: 319, Loss: 762.9104, Train: 745.15, Valid: 755.34, Test: 755.34
Run: 01, Epoch: 320, Loss: 846.9968, Train: 745.07, Valid: 755.28, Test: 755.28
Run: 01, Epoch: 321, Loss: 777.8614, Train: 745.08, Valid: 755.30, Test: 755.30
Run: 01, Epoch: 322, Loss: 779.3884, Train: 744.81, Valid: 755.12, Test: 755.12
Run: 01, Epoch: 323, Loss: 791.5010, Train: 745.07, Valid: 755.33, Test: 755.33
Run: 01, Epoch: 324, Loss: 790.7502, Train: 745.88, Valid: 755.96, Test: 755.96
Run: 01, Epoch: 325, Loss: 795.9161, Train: 747.37, Valid: 757.15, Test: 757.15
Run: 01, Epoch: 326, Loss: 768.4576, Train: 747.47, Valid: 757.25, Test: 757.25
Run: 01, Epoch: 327, Loss: 761.9111, Train: 745.96, Valid: 756.07, Test: 756.07
Run: 01, Epoch: 328, Loss: 802.2474, Train: 744.07, Valid: 754.70, Test: 754.70
Run: 01, Epoch: 329, Loss: 802.7822, Train: 742.96, Valid: 754.04, Test: 754.04
Run: 01, Epoch: 330, Loss: 754.4084, Train: 742.42, Valid: 753.98, Test: 753.98
Run: 01, Epoch: 331, Loss: 767.3040, Train: 742.29, Valid: 753.89, Test: 753.89
Run: 01, Epoch: 332, Loss: 795.5864, Train: 742.36, Valid: 753.77, Test: 753.77
Run: 01, Epoch: 333, Loss: 780.3824, Train: 742.89, Valid: 753.94, Test: 753.94
Run: 01, Epoch: 334, Loss: 795.9755, Train: 743.87, Valid: 754.55, Test: 754.55
Run: 01, Epoch: 335, Loss: 770.6509, Train: 745.64, Valid: 755.88, Test: 755.88
Run: 01, Epoch: 336, Loss: 780.8775, Train: 749.17, Valid: 758.73, Test: 758.73
Run: 01, Epoch: 337, Loss: 782.4990, Train: 750.80, Valid: 760.04, Test: 760.04
Run: 01, Epoch: 338, Loss: 784.7961, Train: 749.19, Valid: 758.65, Test: 758.65
Run: 01, Epoch: 339, Loss: 761.6107, Train: 744.95, Valid: 755.25, Test: 755.25
Run: 01, Epoch: 340, Loss: 738.4876, Train: 742.62, Valid: 754.20, Test: 754.20
Run: 01, Epoch: 341, Loss: 771.5077, Train: 742.96, Valid: 755.30, Test: 755.30
Run: 01, Epoch: 342, Loss: 789.1106, Train: 742.54, Valid: 754.80, Test: 754.80
Run: 01, Epoch: 343, Loss: 773.4713, Train: 742.10, Valid: 753.81, Test: 753.81
Run: 01, Epoch: 344, Loss: 757.4714, Train: 743.54, Valid: 754.34, Test: 754.34
Run: 01, Epoch: 345, Loss: 736.0416, Train: 746.95, Valid: 757.01, Test: 757.01
Run: 01, Epoch: 346, Loss: 774.7530, Train: 748.06, Valid: 758.00, Test: 758.00
Run: 01, Epoch: 347, Loss: 771.3727, Train: 744.52, Valid: 755.21, Test: 755.21
Run: 01, Epoch: 348, Loss: 756.8682, Train: 741.74, Valid: 753.31, Test: 753.31
Run: 01, Epoch: 349, Loss: 789.4942, Train: 740.73, Valid: 752.97, Test: 752.97
Run: 01, Epoch: 350, Loss: 757.9989, Train: 740.36, Valid: 753.19, Test: 753.19
Run: 01, Epoch: 351, Loss: 795.4070, Train: 740.36, Valid: 753.38, Test: 753.38
Run: 01, Epoch: 352, Loss: 779.8379, Train: 740.24, Valid: 753.15, Test: 753.15
Run: 01, Epoch: 353, Loss: 737.9696, Train: 740.17, Valid: 752.95, Test: 752.95
Run: 01, Epoch: 354, Loss: 744.6998, Train: 740.68, Valid: 753.00, Test: 753.00
Run: 01, Epoch: 355, Loss: 763.8444, Train: 741.30, Valid: 753.39, Test: 753.39
Run: 01, Epoch: 356, Loss: 771.0179, Train: 741.20, Valid: 753.39, Test: 753.39
Run: 01, Epoch: 357, Loss: 757.5397, Train: 741.08, Valid: 753.33, Test: 753.33
Run: 01, Epoch: 358, Loss: 786.7491, Train: 740.92, Valid: 753.23, Test: 753.23
Run: 01, Epoch: 359, Loss: 798.8796, Train: 741.08, Valid: 753.24, Test: 753.24
Run: 01, Epoch: 360, Loss: 753.8248, Train: 741.00, Valid: 753.16, Test: 753.16
Run: 01, Epoch: 361, Loss: 740.4813, Train: 741.26, Valid: 753.24, Test: 753.24
Run: 01, Epoch: 362, Loss: 778.8366, Train: 741.86, Valid: 753.54, Test: 753.54
Run: 01, Epoch: 363, Loss: 828.6204, Train: 743.28, Valid: 754.42, Test: 754.42
Run: 01, Epoch: 364, Loss: 757.5479, Train: 744.85, Valid: 755.52, Test: 755.52
Run: 01, Epoch: 365, Loss: 801.2737, Train: 744.83, Valid: 755.41, Test: 755.41
Run: 01, Epoch: 366, Loss: 810.1877, Train: 744.80, Valid: 755.29, Test: 755.29
Run: 01, Epoch: 367, Loss: 776.4727, Train: 743.77, Valid: 754.49, Test: 754.49
Run: 01, Epoch: 368, Loss: 776.7988, Train: 743.05, Valid: 754.00, Test: 754.00
Run: 01, Epoch: 369, Loss: 777.5742, Train: 743.11, Valid: 754.00, Test: 754.00
Run: 01, Epoch: 370, Loss: 765.5076, Train: 743.30, Valid: 754.09, Test: 754.09
Run: 01, Epoch: 371, Loss: 799.6285, Train: 743.52, Valid: 754.22, Test: 754.22
Run: 01, Epoch: 372, Loss: 772.4872, Train: 744.17, Valid: 754.68, Test: 754.68
Run: 01, Epoch: 373, Loss: 773.2324, Train: 743.62, Valid: 754.29, Test: 754.29
Run: 01, Epoch: 374, Loss: 780.0696, Train: 743.43, Valid: 754.16, Test: 754.16
Run: 01, Epoch: 375, Loss: 763.2549, Train: 742.90, Valid: 753.82, Test: 753.82
Run: 01, Epoch: 376, Loss: 772.1594, Train: 742.40, Valid: 753.56, Test: 753.56
Run: 01, Epoch: 377, Loss: 777.4800, Train: 742.11, Valid: 753.43, Test: 753.43
Run: 01, Epoch: 378, Loss: 775.3481, Train: 742.50, Valid: 753.59, Test: 753.59
Run: 01, Epoch: 379, Loss: 763.5580, Train: 742.69, Valid: 753.71, Test: 753.71
Run: 01, Epoch: 380, Loss: 779.7660, Train: 743.21, Valid: 754.07, Test: 754.07
Run: 01, Epoch: 381, Loss: 777.3954, Train: 743.62, Valid: 754.39, Test: 754.39
Run: 01, Epoch: 382, Loss: 733.0820, Train: 742.77, Valid: 753.82, Test: 753.82
Run: 01, Epoch: 383, Loss: 771.5598, Train: 741.71, Valid: 753.18, Test: 753.18
Run: 01, Epoch: 384, Loss: 773.6170, Train: 740.78, Valid: 752.74, Test: 752.74
Run: 01, Epoch: 385, Loss: 768.3444, Train: 740.41, Valid: 752.63, Test: 752.63
Run: 01, Epoch: 386, Loss: 769.7272, Train: 740.25, Valid: 752.51, Test: 752.51
Run: 01, Epoch: 387, Loss: 761.8594, Train: 739.97, Valid: 752.42, Test: 752.42
Run: 01, Epoch: 388, Loss: 801.4128, Train: 740.61, Valid: 752.61, Test: 752.61
Run: 01, Epoch: 389, Loss: 778.9850, Train: 742.48, Valid: 753.88, Test: 753.88
Run: 01, Epoch: 390, Loss: 776.6379, Train: 742.87, Valid: 754.13, Test: 754.13
Run: 01, Epoch: 391, Loss: 745.4355, Train: 743.78, Valid: 754.86, Test: 754.86
Run: 01, Epoch: 392, Loss: 799.9264, Train: 743.96, Valid: 754.99, Test: 754.99
Run: 01, Epoch: 393, Loss: 762.6014, Train: 743.01, Valid: 754.24, Test: 754.24
Run: 01, Epoch: 394, Loss: 755.3941, Train: 741.44, Valid: 753.06, Test: 753.06
Run: 01, Epoch: 395, Loss: 789.8032, Train: 740.76, Valid: 752.59, Test: 752.59
Run: 01, Epoch: 396, Loss: 778.2294, Train: 740.28, Valid: 752.29, Test: 752.29
Run: 01, Epoch: 397, Loss: 758.3347, Train: 740.28, Valid: 752.24, Test: 752.24
Run: 01, Epoch: 398, Loss: 772.3066, Train: 740.73, Valid: 752.49, Test: 752.49
Run: 01, Epoch: 399, Loss: 760.0418, Train: 741.61, Valid: 753.03, Test: 753.03
Run: 01, Epoch: 400, Loss: 782.8997, Train: 743.07, Valid: 754.12, Test: 754.12
Run: 01, Epoch: 401, Loss: 733.7751, Train: 744.00, Valid: 754.84, Test: 754.84
Run: 01, Epoch: 402, Loss: 771.9606, Train: 744.02, Valid: 754.84, Test: 754.84
Run: 01, Epoch: 403, Loss: 779.7869, Train: 742.78, Valid: 753.90, Test: 753.90
Run: 01, Epoch: 404, Loss: 755.3105, Train: 741.22, Valid: 752.83, Test: 752.83
Run: 01, Epoch: 405, Loss: 812.7501, Train: 740.56, Valid: 752.47, Test: 752.47
Run: 01, Epoch: 406, Loss: 779.2919, Train: 740.27, Valid: 752.46, Test: 752.46
Run: 01, Epoch: 407, Loss: 749.4918, Train: 740.12, Valid: 752.54, Test: 752.54
Run: 01, Epoch: 408, Loss: 810.0151, Train: 740.27, Valid: 752.53, Test: 752.53
Run: 01, Epoch: 409, Loss: 754.0963, Train: 741.01, Valid: 752.86, Test: 752.86
Run: 01, Epoch: 410, Loss: 766.9377, Train: 742.74, Valid: 754.13, Test: 754.13
Run: 01, Epoch: 411, Loss: 790.7528, Train: 744.27, Valid: 755.39, Test: 755.39
Run: 01, Epoch: 412, Loss: 732.7654, Train: 743.69, Valid: 755.01, Test: 755.01
Run: 01, Epoch: 413, Loss: 769.1187, Train: 742.31, Valid: 754.02, Test: 754.02
Run: 01, Epoch: 414, Loss: 755.0502, Train: 741.22, Valid: 753.33, Test: 753.33
Run: 01, Epoch: 415, Loss: 759.3631, Train: 739.71, Valid: 752.52, Test: 752.52
Run: 01, Epoch: 416, Loss: 787.6995, Train: 739.55, Valid: 752.55, Test: 752.55
Run: 01, Epoch: 417, Loss: 735.3257, Train: 740.51, Valid: 753.23, Test: 753.23
Run: 01, Epoch: 418, Loss: 759.9841, Train: 741.87, Valid: 754.25, Test: 754.25
Run: 01, Epoch: 419, Loss: 752.1493, Train: 743.87, Valid: 755.91, Test: 755.91
Run: 01, Epoch: 420, Loss: 772.8818, Train: 744.77, Valid: 756.62, Test: 756.62
Run: 01, Epoch: 421, Loss: 795.5970, Train: 743.91, Valid: 755.80, Test: 755.80
Run: 01, Epoch: 422, Loss: 780.9959, Train: 742.22, Valid: 754.32, Test: 754.32
Run: 01, Epoch: 423, Loss: 771.0068, Train: 740.85, Valid: 753.13, Test: 753.13
Run: 01, Epoch: 424, Loss: 768.4749, Train: 739.80, Valid: 752.30, Test: 752.30
Run: 01, Epoch: 425, Loss: 768.8530, Train: 739.32, Valid: 752.16, Test: 752.16
Run: 01, Epoch: 426, Loss: 778.6009, Train: 739.64, Valid: 752.25, Test: 752.25
Run: 01, Epoch: 427, Loss: 754.6093, Train: 740.98, Valid: 752.73, Test: 752.73
Run: 01, Epoch: 428, Loss: 722.0325, Train: 743.58, Valid: 754.52, Test: 754.52
Run: 01, Epoch: 429, Loss: 755.7970, Train: 746.32, Valid: 756.72, Test: 756.72
Run: 01, Epoch: 430, Loss: 763.6509, Train: 747.10, Valid: 757.37, Test: 757.37
Run: 01, Epoch: 431, Loss: 783.1368, Train: 744.36, Valid: 755.14, Test: 755.14
Run: 01, Epoch: 432, Loss: 764.4708, Train: 741.24, Valid: 752.86, Test: 752.86
Run: 01, Epoch: 433, Loss: 760.2193, Train: 739.68, Valid: 752.19, Test: 752.19
Run: 01, Epoch: 434, Loss: 739.2831, Train: 739.57, Valid: 752.72, Test: 752.72
Run: 01, Epoch: 435, Loss: 780.5518, Train: 739.45, Valid: 752.72, Test: 752.72
Run: 01, Epoch: 436, Loss: 768.4555, Train: 739.19, Valid: 752.36, Test: 752.36
Run: 01, Epoch: 437, Loss: 733.1371, Train: 739.23, Valid: 752.07, Test: 752.07
Run: 01, Epoch: 438, Loss: 767.6774, Train: 741.34, Valid: 753.31, Test: 753.31
Run: 01, Epoch: 439, Loss: 773.4705, Train: 744.76, Valid: 756.03, Test: 756.03
Run: 01, Epoch: 440, Loss: 748.6349, Train: 745.07, Valid: 756.36, Test: 756.36
Run: 01, Epoch: 441, Loss: 807.6183, Train: 743.23, Valid: 754.85, Test: 754.85
Run: 01, Epoch: 442, Loss: 742.6269, Train: 740.85, Valid: 753.03, Test: 753.03
Run: 01, Epoch: 443, Loss: 739.5445, Train: 739.22, Valid: 751.98, Test: 751.98
Run: 01, Epoch: 444, Loss: 798.8434, Train: 738.68, Valid: 751.82, Test: 751.82
Run: 01, Epoch: 445, Loss: 754.6542, Train: 738.80, Valid: 751.85, Test: 751.85
Run: 01, Epoch: 446, Loss: 799.4539, Train: 739.48, Valid: 752.09, Test: 752.09
Run: 01, Epoch: 447, Loss: 719.0249, Train: 739.96, Valid: 752.39, Test: 752.39
